[ 2017-04-09T01:28:11+08:00 ] 127.0.0.1 /home/user/register
INFO: [ app_init ] --START--
INFO: Run Behavior\BuildLiteBehavior [ RunTime:0.000000s ]
INFO: [ app_init ] --END-- [ RunTime:0.001000s ]
INFO: [ app_begin ] --START--
INFO: Run Behavior\ReadHtmlCacheBehavior [ RunTime:0.000000s ]
INFO: [ app_begin ] --END-- [ RunTime:0.000000s ]
INFO: [ view_parse ] --START--
INFO: [ template_filter ] --START--
INFO: Run Behavior\ContentReplaceBehavior [ RunTime:0.000000s ]
INFO: [ template_filter ] --END-- [ RunTime:0.000000s ]
INFO: Run Behavior\ParseTemplateBehavior [ RunTime:0.127007s ]
INFO: [ view_parse ] --END-- [ RunTime:0.127007s ]
INFO: [ view_filter ] --START--
INFO: Run Behavior\WriteHtmlCacheBehavior [ RunTime:0.000000s ]
INFO: [ view_filter ] --END-- [ RunTime:0.000000s ]
INFO: [ app_end ] --START--
INFO: Run Behavior\ShowPageTraceBehavior [ RunTime:0.001000s ]
INFO: [ app_end ] --END-- [ RunTime:0.001000s ]

[ 2017-04-09T01:28:57+08:00 ] 127.0.0.1 /home/user/register
INFO: [ app_init ] --START--
INFO: Run Behavior\BuildLiteBehavior [ RunTime:0.000000s ]
INFO: [ app_init ] --END-- [ RunTime:0.001000s ]
INFO: [ app_begin ] --START--
INFO: Run Behavior\ReadHtmlCacheBehavior [ RunTime:0.002000s ]
INFO: [ app_begin ] --END-- [ RunTime:0.002000s ]
INFO: [ view_parse ] --START--
INFO: [ template_filter ] --START--
INFO: Run Behavior\ContentReplaceBehavior [ RunTime:0.000000s ]
INFO: [ template_filter ] --END-- [ RunTime:0.001000s ]
INFO: Run Behavior\ParseTemplateBehavior [ RunTime:0.021002s ]
INFO: [ view_parse ] --END-- [ RunTime:0.021002s ]
INFO: [ view_filter ] --START--
INFO: Run Behavior\WriteHtmlCacheBehavior [ RunTime:0.001000s ]
INFO: [ view_filter ] --END-- [ RunTime:0.001000s ]
INFO: [ app_end ] --START--
INFO: Run Behavior\ShowPageTraceBehavior [ RunTime:0.001000s ]
INFO: [ app_end ] --END-- [ RunTime:0.001000s ]

[ 2017-04-09T09:23:19+08:00 ] 127.0.0.1 /home/goods/showlist
INFO: [ app_init ] --START--
INFO: Run Behavior\BuildLiteBehavior [ RunTime:0.000000s ]
INFO: [ app_init ] --END-- [ RunTime:0.000000s ]
INFO: [ app_begin ] --START--
INFO: Run Behavior\ReadHtmlCacheBehavior [ RunTime:0.000000s ]
INFO: [ app_begin ] --END-- [ RunTime:0.002500s ]
SQL: SHOW COLUMNS FROM `xingchi_goods` [ RunTime:0.0800s ]
SQL: SELECT `id`,`goods_name`,`goods_price`,`sm_logo` FROM `xingchi_goods` ORDER BY id desc  [ RunTime:0.0200s ]
INFO: [ view_parse ] --START--
INFO: [ template_filter ] --START--
INFO: Run Behavior\ContentReplaceBehavior [ RunTime:0.000000s ]
INFO: [ template_filter ] --END-- [ RunTime:0.000000s ]
NOTIC: [8] Use of undefined constant Shop - assumed 'Shop' E:\CZwj\xingchi\Application\Runtime\Cache\Home\5abfe48c9190326c5582b9c3f76eb39d.php 第 122 行.
NOTIC: [8] Use of undefined constant flow1 - assumed 'flow1' E:\CZwj\xingchi\Application\Runtime\Cache\Home\5abfe48c9190326c5582b9c3f76eb39d.php 第 122 行.
NOTIC: [2] Division by zero E:\CZwj\xingchi\Application\Runtime\Cache\Home\5abfe48c9190326c5582b9c3f76eb39d.php 第 122 行.
INFO: Run Behavior\ParseTemplateBehavior [ RunTime:0.195003s ]
INFO: [ view_parse ] --END-- [ RunTime:0.195003s ]
INFO: [ view_filter ] --START--
INFO: Run Behavior\WriteHtmlCacheBehavior [ RunTime:0.002500s ]
INFO: [ view_filter ] --END-- [ RunTime:0.002500s ]
INFO: [ app_end ] --START--
INFO: Run Behavior\ShowPageTraceBehavior [ RunTime:0.000000s ]
INFO: [ app_end ] --END-- [ RunTime:0.000000s ]

[ 2017-04-09T09:23:27+08:00 ] 127.0.0.1 /index.php/Home/Goods/detail/id/7.html
INFO: [ app_init ] --START--
INFO: Run Behavior\BuildLiteBehavior [ RunTime:0.000000s ]
INFO: [ app_init ] --END-- [ RunTime:0.002500s ]
INFO: [ app_begin ] --START--
INFO: Run Behavior\ReadHtmlCacheBehavior [ RunTime:0.002500s ]
INFO: [ app_begin ] --END-- [ RunTime:0.002500s ]
SQL: SHOW COLUMNS FROM `xingchi_goods` [ RunTime:0.0175s ]
SQL: SELECT * FROM `xingchi_goods` WHERE `id` = 7 LIMIT 1   [ RunTime:0.0150s ]
SQL: SHOW COLUMNS FROM `xingchi_attribute` [ RunTime:0.1000s ]
SQL: SELECT b.attr_id,a.attr_name,b.attr_value FROM xingchi_attribute a INNER JOIN xingchi_goods_attr b on a.id=b.attr_id  WHERE b.goods_id = '7' AND a.attr_type = '唯一'  [ RunTime:0.0500s ]
SQL: SELECT b.attr_id,a.attr_name,b.attr_value,group_concat(b.attr_value) attr_values FROM xingchi_attribute a INNER JOIN xingchi_goods_attr b on a.id=b.attr_id  WHERE b.goods_id = '7' AND a.attr_type = '可选' GROUP BY b.attr_id  [ RunTime:0.0450s ]
SQL: SHOW COLUMNS FROM `xingchi_goods_pic` [ RunTime:0.0375s ]
SQL: SELECT * FROM `xingchi_goods_pic` WHERE `goods_id` = 7  [ RunTime:0.0000s ]
INFO: [ view_parse ] --START--
INFO: [ template_filter ] --START--
INFO: Run Behavior\ContentReplaceBehavior [ RunTime:0.000000s ]
INFO: [ template_filter ] --END-- [ RunTime:0.000000s ]
NOTIC: [8] Use of undefined constant Shop - assumed 'Shop' E:\CZwj\xingchi\Application\Runtime\Cache\Home\795e274f7e0defaaba4ae5ed57f62a8c.php 第 122 行.
NOTIC: [8] Use of undefined constant flow1 - assumed 'flow1' E:\CZwj\xingchi\Application\Runtime\Cache\Home\795e274f7e0defaaba4ae5ed57f62a8c.php 第 122 行.
NOTIC: [2] Division by zero E:\CZwj\xingchi\Application\Runtime\Cache\Home\795e274f7e0defaaba4ae5ed57f62a8c.php 第 122 行.
NOTIC: [8] Undefined variable: number_price E:\CZwj\xingchi\Application\Runtime\Cache\Home\795e274f7e0defaaba4ae5ed57f62a8c.php 第 1041 行.
NOTIC: [8] Undefined variable: number_price E:\CZwj\xingchi\Application\Runtime\Cache\Home\795e274f7e0defaaba4ae5ed57f62a8c.php 第 1042 行.
INFO: Run Behavior\ParseTemplateBehavior [ RunTime:0.152502s ]
INFO: [ view_parse ] --END-- [ RunTime:0.152502s ]
INFO: [ view_filter ] --START--
INFO: Run Behavior\WriteHtmlCacheBehavior [ RunTime:0.000000s ]
INFO: [ view_filter ] --END-- [ RunTime:0.000000s ]
INFO: [ app_end ] --START--
INFO: Run Behavior\ShowPageTraceBehavior [ RunTime:0.000000s ]
INFO: [ app_end ] --END-- [ RunTime:0.000000s ]

[ 2017-04-09T09:23:28+08:00 ] 127.0.0.1 /index.php/Home/Shop/addCart?goods_id=7
INFO: [ app_init ] --START--
INFO: Run Behavior\BuildLiteBehavior [ RunTime:0.000000s ]
INFO: [ app_init ] --END-- [ RunTime:0.000000s ]
INFO: [ app_begin ] --START--
INFO: Run Behavior\ReadHtmlCacheBehavior [ RunTime:0.000000s ]
INFO: [ app_begin ] --END-- [ RunTime:0.000000s ]

[ 2017-04-09T09:23:31+08:00 ] 127.0.0.1 /index.php/Home/Shop/addCart?goods_id=7
INFO: [ app_init ] --START--
INFO: Run Behavior\BuildLiteBehavior [ RunTime:0.000000s ]
INFO: [ app_init ] --END-- [ RunTime:0.000000s ]
INFO: [ app_begin ] --START--
INFO: Run Behavior\ReadHtmlCacheBehavior [ RunTime:0.000000s ]
INFO: [ app_begin ] --END-- [ RunTime:0.000000s ]

[ 2017-04-09T09:23:40+08:00 ] 127.0.0.1 /index.php/Home/Goods/detail/id/8.html
INFO: [ app_init ] --START--
INFO: Run Behavior\BuildLiteBehavior [ RunTime:0.000000s ]
INFO: [ app_init ] --END-- [ RunTime:0.000000s ]
INFO: [ app_begin ] --START--
INFO: Run Behavior\ReadHtmlCacheBehavior [ RunTime:0.000000s ]
INFO: [ app_begin ] --END-- [ RunTime:0.000000s ]
SQL: SHOW COLUMNS FROM `xingchi_goods` [ RunTime:0.0175s ]
SQL: SELECT * FROM `xingchi_goods` WHERE `id` = 8 LIMIT 1   [ RunTime:0.0000s ]
SQL: SHOW COLUMNS FROM `xingchi_attribute` [ RunTime:0.0075s ]
SQL: SELECT b.attr_id,a.attr_name,b.attr_value FROM xingchi_attribute a INNER JOIN xingchi_goods_attr b on a.id=b.attr_id  WHERE b.goods_id = '8' AND a.attr_type = '唯一'  [ RunTime:0.0000s ]
SQL: SELECT b.attr_id,a.attr_name,b.attr_value,group_concat(b.attr_value) attr_values FROM xingchi_attribute a INNER JOIN xingchi_goods_attr b on a.id=b.attr_id  WHERE b.goods_id = '8' AND a.attr_type = '可选' GROUP BY b.attr_id  [ RunTime:0.0025s ]
SQL: SHOW COLUMNS FROM `xingchi_goods_pic` [ RunTime:0.0025s ]
SQL: SELECT * FROM `xingchi_goods_pic` WHERE `goods_id` = 8  [ RunTime:0.0000s ]
INFO: [ view_parse ] --START--
INFO: [ template_filter ] --START--
INFO: Run Behavior\ContentReplaceBehavior [ RunTime:0.000000s ]
INFO: [ template_filter ] --END-- [ RunTime:0.000000s ]
NOTIC: [8] Use of undefined constant Shop - assumed 'Shop' E:\CZwj\xingchi\Application\Runtime\Cache\Home\795e274f7e0defaaba4ae5ed57f62a8c.php 第 122 行.
NOTIC: [8] Use of undefined constant flow1 - assumed 'flow1' E:\CZwj\xingchi\Application\Runtime\Cache\Home\795e274f7e0defaaba4ae5ed57f62a8c.php 第 122 行.
NOTIC: [2] Division by zero E:\CZwj\xingchi\Application\Runtime\Cache\Home\795e274f7e0defaaba4ae5ed57f62a8c.php 第 122 行.
NOTIC: [8] Undefined variable: number_price E:\CZwj\xingchi\Application\Runtime\Cache\Home\795e274f7e0defaaba4ae5ed57f62a8c.php 第 1041 行.
NOTIC: [8] Undefined variable: number_price E:\CZwj\xingchi\Application\Runtime\Cache\Home\795e274f7e0defaaba4ae5ed57f62a8c.php 第 1042 行.
INFO: Run Behavior\ParseTemplateBehavior [ RunTime:0.027501s ]
INFO: [ view_parse ] --END-- [ RunTime:0.027501s ]
INFO: [ view_filter ] --START--
INFO: Run Behavior\WriteHtmlCacheBehavior [ RunTime:0.000000s ]
INFO: [ view_filter ] --END-- [ RunTime:0.000000s ]
INFO: [ app_end ] --START--
INFO: Run Behavior\ShowPageTraceBehavior [ RunTime:0.000000s ]
INFO: [ app_end ] --END-- [ RunTime:0.000000s ]

[ 2017-04-09T09:23:41+08:00 ] 127.0.0.1 /index.php/Home/Shop/addCart?goods_id=8
INFO: [ app_init ] --START--
INFO: Run Behavior\BuildLiteBehavior [ RunTime:0.000000s ]
INFO: [ app_init ] --END-- [ RunTime:0.002500s ]
INFO: [ app_begin ] --START--
INFO: Run Behavior\ReadHtmlCacheBehavior [ RunTime:0.000000s ]
INFO: [ app_begin ] --END-- [ RunTime:0.000000s ]

[ 2017-04-09T09:24:16+08:00 ] 127.0.0.1 /index.php/Home/Shop/addCart?goods_id=8
INFO: [ app_init ] --START--
INFO: Run Behavior\BuildLiteBehavior [ RunTime:0.000000s ]
INFO: [ app_init ] --END-- [ RunTime:0.000000s ]
INFO: [ app_begin ] --START--
INFO: Run Behavior\ReadHtmlCacheBehavior [ RunTime:0.000000s ]
INFO: [ app_begin ] --END-- [ RunTime:0.000000s ]
SQL: SHOW COLUMNS FROM `xingchi_goods` [ RunTime:0.0562s ]
SQL: SELECT * FROM `xingchi_goods` WHERE `id` = 8 LIMIT 1   [ RunTime:0.0000s ]
INFO: [ app_end ] --START--
INFO: Run Behavior\ShowPageTraceBehavior [ RunTime:0.015600s ]
INFO: [ app_end ] --END-- [ RunTime:0.015600s ]

[ 2017-04-09T09:24:17+08:00 ] 127.0.0.1 /index.php/Home/Shop/flow1.html
INFO: [ app_init ] --START--
INFO: Run Behavior\BuildLiteBehavior [ RunTime:0.000000s ]
INFO: [ app_init ] --END-- [ RunTime:0.000000s ]
INFO: [ app_begin ] --START--
INFO: Run Behavior\ReadHtmlCacheBehavior [ RunTime:0.015600s ]
INFO: [ app_begin ] --END-- [ RunTime:0.015600s ]
SQL: SHOW COLUMNS FROM `xingchi_goods` [ RunTime:0.0200s ]
SQL: SELECT `sm_logo` FROM `xingchi_goods` WHERE `id` = 8  [ RunTime:0.0000s ]
INFO: [ view_parse ] --START--
INFO: [ template_filter ] --START--
INFO: Run Behavior\ContentReplaceBehavior [ RunTime:0.000000s ]
INFO: [ template_filter ] --END-- [ RunTime:0.000000s ]
INFO: Run Behavior\ParseTemplateBehavior [ RunTime:0.047501s ]
INFO: [ view_parse ] --END-- [ RunTime:0.047501s ]
INFO: [ view_filter ] --START--
INFO: Run Behavior\WriteHtmlCacheBehavior [ RunTime:0.000000s ]
INFO: [ view_filter ] --END-- [ RunTime:0.000000s ]
INFO: [ app_end ] --START--
INFO: Run Behavior\ShowPageTraceBehavior [ RunTime:0.000000s ]
INFO: [ app_end ] --END-- [ RunTime:0.000000s ]

[ 2017-04-09T09:24:19+08:00 ] 127.0.0.1 /index.php/Home/Shop/flow2.html
INFO: [ app_init ] --START--
INFO: Run Behavior\BuildLiteBehavior [ RunTime:0.000000s ]
INFO: [ app_init ] --END-- [ RunTime:0.000000s ]
INFO: [ app_begin ] --START--
INFO: Run Behavior\ReadHtmlCacheBehavior [ RunTime:0.000000s ]
INFO: [ app_begin ] --END-- [ RunTime:0.000000s ]

[ 2017-04-09T09:24:19+08:00 ] 127.0.0.1 /index.php/Home/User/login.html
INFO: [ app_init ] --START--
INFO: Run Behavior\BuildLiteBehavior [ RunTime:0.000000s ]
INFO: [ app_init ] --END-- [ RunTime:0.000000s ]
INFO: [ app_begin ] --START--
INFO: Run Behavior\ReadHtmlCacheBehavior [ RunTime:0.000000s ]
INFO: [ app_begin ] --END-- [ RunTime:0.000000s ]
INFO: [ view_parse ] --START--
INFO: [ template_filter ] --START--
INFO: Run Behavior\ContentReplaceBehavior [ RunTime:0.000000s ]
INFO: [ template_filter ] --END-- [ RunTime:0.000000s ]
INFO: Run Behavior\ParseTemplateBehavior [ RunTime:0.095002s ]
INFO: [ view_parse ] --END-- [ RunTime:0.095002s ]
INFO: [ view_filter ] --START--
INFO: Run Behavior\WriteHtmlCacheBehavior [ RunTime:0.000000s ]
INFO: [ view_filter ] --END-- [ RunTime:0.000000s ]
INFO: [ app_end ] --START--
INFO: Run Behavior\ShowPageTraceBehavior [ RunTime:0.002500s ]
INFO: [ app_end ] --END-- [ RunTime:0.002500s ]

[ 2017-04-09T09:24:28+08:00 ] 127.0.0.1 /index.php/Home/User/login.html
INFO: [ app_init ] --START--
INFO: Run Behavior\BuildLiteBehavior [ RunTime:0.000000s ]
INFO: [ app_init ] --END-- [ RunTime:0.000000s ]
INFO: [ app_begin ] --START--
INFO: Run Behavior\ReadHtmlCacheBehavior [ RunTime:0.000000s ]
INFO: [ app_begin ] --END-- [ RunTime:0.000000s ]
SQL: SHOW COLUMNS FROM `user` [ RunTime:0.1525s ]
SQL: SELECT * FROM `user` WHERE `username` = 'jack' AND `password` = 'e10adc3949ba59abbe56e057f20f883e' LIMIT 1   [ RunTime:0.0000s ]

[ 2017-04-09T09:24:28+08:00 ] 127.0.0.1 /index.php/Home/Shop/flow2.html
INFO: [ app_init ] --START--
INFO: Run Behavior\BuildLiteBehavior [ RunTime:0.000000s ]
INFO: [ app_init ] --END-- [ RunTime:0.000000s ]
INFO: [ app_begin ] --START--
INFO: Run Behavior\ReadHtmlCacheBehavior [ RunTime:0.000000s ]
INFO: [ app_begin ] --END-- [ RunTime:0.000000s ]
SQL: SHOW COLUMNS FROM `xingchi_goods` [ RunTime:0.0250s ]
SQL: SELECT `sm_logo` FROM `xingchi_goods` WHERE `id` = 8  [ RunTime:0.0000s ]

[ 2017-04-09T09:24:41+08:00 ] 127.0.0.1 /index.php/Home/Shop/flow2.html
INFO: [ app_init ] --START--
INFO: Run Behavior\BuildLiteBehavior [ RunTime:0.000000s ]
INFO: [ app_init ] --END-- [ RunTime:0.000000s ]
INFO: [ app_begin ] --START--
INFO: Run Behavior\ReadHtmlCacheBehavior [ RunTime:0.002500s ]
INFO: [ app_begin ] --END-- [ RunTime:0.002500s ]
SQL: SHOW COLUMNS FROM `xingchi_goods` [ RunTime:0.0400s ]
SQL: SELECT `sm_logo` FROM `xingchi_goods` WHERE `id` = 8  [ RunTime:0.0000s ]
SQL: SHOW COLUMNS FROM `xingchi_consignee` [ RunTime:0.0450s ]
SQL: SELECT * FROM `xingchi_consignee` WHERE ( 133 )  [ RunTime:0.0025s ]

[ 2017-04-09T09:26:39+08:00 ] 127.0.0.1 /index.php/Home/Shop/flow2.html
INFO: [ app_init ] --START--
INFO: Run Behavior\BuildLiteBehavior [ RunTime:0.000000s ]
INFO: [ app_init ] --END-- [ RunTime:0.000000s ]
INFO: [ app_begin ] --START--
INFO: Run Behavior\ReadHtmlCacheBehavior [ RunTime:0.001000s ]
INFO: [ app_begin ] --END-- [ RunTime:0.001000s ]
SQL: SHOW COLUMNS FROM `xingchi_goods` [ RunTime:0.0060s ]
SQL: SELECT `sm_logo` FROM `xingchi_goods` WHERE `id` = 8  [ RunTime:0.0010s ]
SQL: SHOW COLUMNS FROM `xingchi_consignee` [ RunTime:0.0070s ]
SQL: SELECT * FROM `xingchi_consignee` WHERE ( user_id )  [ RunTime:0.0010s ]

[ 2017-04-09T09:26:40+08:00 ] 127.0.0.1 /index.php/Home/Shop/flow2.html
INFO: [ app_init ] --START--
INFO: Run Behavior\BuildLiteBehavior [ RunTime:0.000000s ]
INFO: [ app_init ] --END-- [ RunTime:0.000000s ]
INFO: [ app_begin ] --START--
INFO: Run Behavior\ReadHtmlCacheBehavior [ RunTime:0.001000s ]
INFO: [ app_begin ] --END-- [ RunTime:0.004000s ]
SQL: SHOW COLUMNS FROM `xingchi_goods` [ RunTime:0.0050s ]
SQL: SELECT `sm_logo` FROM `xingchi_goods` WHERE `id` = 8  [ RunTime:0.0000s ]
SQL: SHOW COLUMNS FROM `xingchi_consignee` [ RunTime:0.0050s ]
SQL: SELECT * FROM `xingchi_consignee` WHERE ( user_id )  [ RunTime:0.0000s ]

[ 2017-04-09T09:27:16+08:00 ] 127.0.0.1 /index.php/Home/Shop/flow2.html
INFO: [ app_init ] --START--
INFO: Run Behavior\BuildLiteBehavior [ RunTime:0.000000s ]
INFO: [ app_init ] --END-- [ RunTime:0.001000s ]
INFO: [ app_begin ] --START--
INFO: Run Behavior\ReadHtmlCacheBehavior [ RunTime:0.001000s ]
INFO: [ app_begin ] --END-- [ RunTime:0.001000s ]
SQL: SHOW COLUMNS FROM `xingchi_goods` [ RunTime:0.0070s ]
SQL: SELECT `sm_logo` FROM `xingchi_goods` WHERE `id` = 8  [ RunTime:0.0000s ]
SQL: SHOW COLUMNS FROM `xingchi_consignee` [ RunTime:0.0060s ]
SQL: SELECT * FROM `xingchi_consignee` WHERE `user_id` = 133  [ RunTime:0.0010s ]

[ 2017-04-09T09:27:27+08:00 ] 127.0.0.1 /index.php/Home/Shop/flow2.html
INFO: [ app_init ] --START--
INFO: Run Behavior\BuildLiteBehavior [ RunTime:0.000000s ]
INFO: [ app_init ] --END-- [ RunTime:0.001000s ]
INFO: [ app_begin ] --START--
INFO: Run Behavior\ReadHtmlCacheBehavior [ RunTime:0.001000s ]
INFO: [ app_begin ] --END-- [ RunTime:0.001000s ]
SQL: SHOW COLUMNS FROM `xingchi_goods` [ RunTime:0.0490s ]
SQL: SELECT `sm_logo` FROM `xingchi_goods` WHERE `id` = 8  [ RunTime:0.0000s ]
SQL: SHOW COLUMNS FROM `xingchi_consignee` [ RunTime:0.0080s ]
SQL: SELECT * FROM `xingchi_consignee` WHERE `user_id` = 133  [ RunTime:0.0010s ]
INFO: [ view_parse ] --START--
INFO: [ template_filter ] --START--
INFO: Run Behavior\ContentReplaceBehavior [ RunTime:0.001000s ]
INFO: [ template_filter ] --END-- [ RunTime:0.001000s ]
INFO: Run Behavior\ParseTemplateBehavior [ RunTime:0.060004s ]
INFO: [ view_parse ] --END-- [ RunTime:0.060004s ]
INFO: [ view_filter ] --START--
INFO: Run Behavior\WriteHtmlCacheBehavior [ RunTime:0.000000s ]
INFO: [ view_filter ] --END-- [ RunTime:0.000000s ]
INFO: [ app_end ] --START--
INFO: Run Behavior\ShowPageTraceBehavior [ RunTime:0.001000s ]
INFO: [ app_end ] --END-- [ RunTime:0.001000s ]

[ 2017-04-09T09:27:35+08:00 ] 127.0.0.1 /index.php/Home/Shop/flow2.html
INFO: [ app_init ] --START--
INFO: Run Behavior\BuildLiteBehavior [ RunTime:0.000000s ]
INFO: [ app_init ] --END-- [ RunTime:0.001000s ]
INFO: [ app_begin ] --START--
INFO: Run Behavior\ReadHtmlCacheBehavior [ RunTime:0.001000s ]
INFO: [ app_begin ] --END-- [ RunTime:0.001000s ]
SQL: SHOW COLUMNS FROM `xingchi_order` [ RunTime:0.0340s ]
SQL: INSERT INTO `xingchi_order` (`cgn_id`,`order_pay`,`order_fapiao_title`,`order_fapiao_company`,`order_fapiao_content`,`user_id`,`order_number`,`order_price`,`upd_time`,`add_time`) VALUES ('1','0','0','','明细','133','itcast-shop-20170409092735-7535','66','1491701255','1491701255') [ RunTime:0.0940s ]
SQL: SHOW COLUMNS FROM `xingchi_order_goods` [ RunTime:0.0140s ]
SQL: INSERT INTO `xingchi_order_goods` (`order_id`,`goods_id`,`goods_price`,`goods_number`,`goods_total_price`) VALUES ('14','8','66.00','1','66.00') [ RunTime:0.0600s ]
NOTIC: [8] Undefined property: Home\Common\Cart::$cartInfo E:\CZwj\xingchi\Application\Home\Common\Cart.class.php 第 124 行.
INFO: [ app_end ] --START--
INFO: Run Behavior\ShowPageTraceBehavior [ RunTime:0.001000s ]
INFO: [ app_end ] --END-- [ RunTime:0.001000s ]

[ 2017-04-09T17:28:06+08:00 ] 127.0.0.1 /Home/Goods/showlist
INFO: [ app_init ] --START--
INFO: Run Behavior\BuildLiteBehavior [ RunTime:0.000000s ]
INFO: [ app_init ] --END-- [ RunTime:0.000000s ]
INFO: [ app_begin ] --START--
INFO: Run Behavior\ReadHtmlCacheBehavior [ RunTime:0.000000s ]
INFO: [ app_begin ] --END-- [ RunTime:0.000000s ]
SQL: SHOW COLUMNS FROM `xingchi_goods` [ RunTime:0.0740s ]
SQL: SELECT `id`,`goods_name`,`goods_price`,`sm_logo` FROM `xingchi_goods` ORDER BY id desc  [ RunTime:0.0310s ]
INFO: [ view_parse ] --START--
INFO: [ template_filter ] --START--
INFO: Run Behavior\ContentReplaceBehavior [ RunTime:0.000000s ]
INFO: [ template_filter ] --END-- [ RunTime:0.000000s ]
NOTIC: [8] Use of undefined constant Shop - assumed 'Shop' E:\CZwj\xingchi\Application\Runtime\Cache\Home\5abfe48c9190326c5582b9c3f76eb39d.php 第 122 行.
NOTIC: [8] Use of undefined constant flow1 - assumed 'flow1' E:\CZwj\xingchi\Application\Runtime\Cache\Home\5abfe48c9190326c5582b9c3f76eb39d.php 第 122 行.
NOTIC: [2] Division by zero E:\CZwj\xingchi\Application\Runtime\Cache\Home\5abfe48c9190326c5582b9c3f76eb39d.php 第 122 行.
INFO: Run Behavior\ParseTemplateBehavior [ RunTime:0.105006s ]
INFO: [ view_parse ] --END-- [ RunTime:0.105006s ]
INFO: [ view_filter ] --START--
INFO: Run Behavior\WriteHtmlCacheBehavior [ RunTime:0.001000s ]
INFO: [ view_filter ] --END-- [ RunTime:0.001000s ]
INFO: [ app_end ] --START--
INFO: Run Behavior\ShowPageTraceBehavior [ RunTime:0.000000s ]
INFO: [ app_end ] --END-- [ RunTime:0.001000s ]

[ 2017-04-09T17:28:12+08:00 ] 127.0.0.1 /index.php/Home/User/register.html
INFO: [ app_init ] --START--
INFO: Run Behavior\BuildLiteBehavior [ RunTime:0.000000s ]
INFO: [ app_init ] --END-- [ RunTime:0.001000s ]
INFO: [ app_begin ] --START--
INFO: Run Behavior\ReadHtmlCacheBehavior [ RunTime:0.000000s ]
INFO: [ app_begin ] --END-- [ RunTime:0.001000s ]
SQL: SHOW COLUMNS FROM `user` [ RunTime:0.0030s ]
INFO: [ view_parse ] --START--
INFO: [ template_filter ] --START--
INFO: Run Behavior\ContentReplaceBehavior [ RunTime:0.000000s ]
INFO: [ template_filter ] --END-- [ RunTime:0.000000s ]
INFO: Run Behavior\ParseTemplateBehavior [ RunTime:0.019001s ]
INFO: [ view_parse ] --END-- [ RunTime:0.019001s ]
INFO: [ view_filter ] --START--
INFO: Run Behavior\WriteHtmlCacheBehavior [ RunTime:0.000000s ]
INFO: [ view_filter ] --END-- [ RunTime:0.000000s ]
INFO: [ app_end ] --START--
INFO: Run Behavior\ShowPageTraceBehavior [ RunTime:0.001000s ]
INFO: [ app_end ] --END-- [ RunTime:0.001000s ]

