[ 2017-03-29T01:03:39+08:00 ] 127.0.0.1 /index.php/Goods/goods_edit/id/$v.id.html
INFO: [ app_init ] --START--
INFO: Run Behavior\BuildLiteBehavior [ RunTime:0.000000s ]
INFO: [ app_init ] --END-- [ RunTime:0.000000s ]
ERR: 无法加载模块:Goods

[ 2017-03-29T01:06:38+08:00 ] 127.0.0.1 /index.php/Goods/goods_edit/id/$v[id].html
INFO: [ app_init ] --START--
INFO: Run Behavior\BuildLiteBehavior [ RunTime:0.000000s ]
INFO: [ app_init ] --END-- [ RunTime:0.000000s ]
ERR: 无法加载模块:Goods

[ 2017-03-29T01:08:20+08:00 ] 127.0.0.1 /index.php/Goods/goods_edit/id.html
INFO: [ app_init ] --START--
INFO: Run Behavior\BuildLiteBehavior [ RunTime:0.000000s ]
INFO: [ app_init ] --END-- [ RunTime:0.001000s ]
ERR: 无法加载模块:Goods

[ 2017-03-29T01:09:15+08:00 ] 127.0.0.1 /index.php/Goods/goods_edit/id/id/1.html
INFO: [ app_init ] --START--
INFO: Run Behavior\BuildLiteBehavior [ RunTime:0.000000s ]
INFO: [ app_init ] --END-- [ RunTime:0.001000s ]
ERR: 无法加载模块:Goods

