[ 2017-04-08T00:00:04+08:00 ] 127.0.0.1 /index.php/Admin/Order/detail/order_id/10.html
INFO: [ app_init ] --START--
INFO: Run Behavior\BuildLiteBehavior [ RunTime:0.000000s ]
INFO: [ app_init ] --END-- [ RunTime:0.001001s ]
INFO: [ app_begin ] --START--
INFO: Run Behavior\ReadHtmlCacheBehavior [ RunTime:0.000000s ]
INFO: [ app_begin ] --END-- [ RunTime:0.000000s ]
SQL: SHOW COLUMNS FROM `xingchi_order` [ RunTime:0.0040s ]
ERR: 1146:Table 'xingchi.xingchi_user' doesn't exist
 [ SQL语句 ] : SELECT o.*,u.username,c.* FROM xingchi_order o INNER JOIN xingchi_user u on o.user_id=u.user_id INNER JOIN xingchi_consignee c on o.cgn_id=c.cgn_id  WHERE `order_id` = '10' LIMIT 1  
ERR: 1146:Table 'xingchi.xingchi_user' doesn't exist
 [ SQL语句 ] : SELECT o.*,u.username,c.* FROM xingchi_order o INNER JOIN xingchi_user u on o.user_id=u.user_id INNER JOIN xingchi_consignee c on o.cgn_id=c.cgn_id  WHERE `order_id` = '10' LIMIT 1  

[ 2017-04-08T00:03:14+08:00 ] 127.0.0.1 /index.php/Admin/Order/detail/order_id/10.html
INFO: [ app_init ] --START--
INFO: Run Behavior\BuildLiteBehavior [ RunTime:0.000000s ]
INFO: [ app_init ] --END-- [ RunTime:0.000000s ]
INFO: [ app_begin ] --START--
INFO: Run Behavior\ReadHtmlCacheBehavior [ RunTime:0.000000s ]
INFO: [ app_begin ] --END-- [ RunTime:0.000000s ]
SQL: SHOW COLUMNS FROM `xingchi_order` [ RunTime:0.0040s ]
ERR: 1146:Table 'xingchi.xingchi_user' doesn't exist
 [ SQL语句 ] : SELECT o.*,u.username,c.* FROM xingchi_order o INNER JOIN xingchi_user u on o.user_id=u.user_id INNER JOIN xingchi_consignee c on o.cgn_id=c.cgn_id  WHERE `order_id` = '10' LIMIT 1  
ERR: 1146:Table 'xingchi.xingchi_user' doesn't exist
 [ SQL语句 ] : SELECT o.*,u.username,c.* FROM xingchi_order o INNER JOIN xingchi_user u on o.user_id=u.user_id INNER JOIN xingchi_consignee c on o.cgn_id=c.cgn_id  WHERE `order_id` = '10' LIMIT 1  

[ 2017-04-08T00:05:31+08:00 ] 127.0.0.1 /index.php/Admin/Order/detail/order_id/10.html
INFO: [ app_init ] --START--
INFO: Run Behavior\BuildLiteBehavior [ RunTime:0.000000s ]
INFO: [ app_init ] --END-- [ RunTime:0.000000s ]
INFO: [ app_begin ] --START--
INFO: Run Behavior\ReadHtmlCacheBehavior [ RunTime:0.000000s ]
INFO: [ app_begin ] --END-- [ RunTime:0.001000s ]
SQL: SHOW COLUMNS FROM `xingchi_order` [ RunTime:0.0030s ]
ERR: 1146:Table 'xingchi.xingchi_user' doesn't exist
 [ SQL语句 ] : SELECT o.*,u.username,c.* FROM xingchi_order o INNER JOIN xingchi_user u on o.user_id=u.user_id INNER JOIN xingchi_consignee c on o.cgn_id=c.cgn_id  WHERE `order_id` = '10' LIMIT 1  
ERR: 1146:Table 'xingchi.xingchi_user' doesn't exist
 [ SQL语句 ] : SELECT o.*,u.username,c.* FROM xingchi_order o INNER JOIN xingchi_user u on o.user_id=u.user_id INNER JOIN xingchi_consignee c on o.cgn_id=c.cgn_id  WHERE `order_id` = '10' LIMIT 1  

[ 2017-04-08T00:05:34+08:00 ] 127.0.0.1 /index.php/Admin/Order/showlist
INFO: [ app_init ] --START--
INFO: Run Behavior\BuildLiteBehavior [ RunTime:0.000000s ]
INFO: [ app_init ] --END-- [ RunTime:0.000000s ]
INFO: [ app_begin ] --START--
INFO: Run Behavior\ReadHtmlCacheBehavior [ RunTime:0.001000s ]
INFO: [ app_begin ] --END-- [ RunTime:0.001000s ]
SQL: SHOW COLUMNS FROM `xingchi_order` [ RunTime:0.0040s ]
SQL: SELECT * FROM `xingchi_order` ORDER BY order_id desc  [ RunTime:0.0010s ]
INFO: [ view_parse ] --START--
INFO: [ template_filter ] --START--
INFO: Run Behavior\ContentReplaceBehavior [ RunTime:0.000000s ]
INFO: [ template_filter ] --END-- [ RunTime:0.000000s ]
INFO: Run Behavior\ParseTemplateBehavior [ RunTime:0.032002s ]
INFO: [ view_parse ] --END-- [ RunTime:0.032002s ]
INFO: [ view_filter ] --START--
INFO: Run Behavior\WriteHtmlCacheBehavior [ RunTime:0.001000s ]
INFO: [ view_filter ] --END-- [ RunTime:0.001000s ]
INFO: [ app_end ] --START--
INFO: Run Behavior\ShowPageTraceBehavior [ RunTime:0.000000s ]
INFO: [ app_end ] --END-- [ RunTime:0.000000s ]

[ 2017-04-08T00:05:36+08:00 ] 127.0.0.1 /index.php/Admin/Order/showlist
INFO: [ app_init ] --START--
INFO: Run Behavior\BuildLiteBehavior [ RunTime:0.000000s ]
INFO: [ app_init ] --END-- [ RunTime:0.000000s ]
INFO: [ app_begin ] --START--
INFO: Run Behavior\ReadHtmlCacheBehavior [ RunTime:0.001000s ]
INFO: [ app_begin ] --END-- [ RunTime:0.001000s ]
SQL: SHOW COLUMNS FROM `xingchi_order` [ RunTime:0.0040s ]
SQL: SELECT * FROM `xingchi_order` ORDER BY order_id desc  [ RunTime:0.0000s ]
INFO: [ view_parse ] --START--
INFO: [ template_filter ] --START--
INFO: Run Behavior\ContentReplaceBehavior [ RunTime:0.000000s ]
INFO: [ template_filter ] --END-- [ RunTime:0.000000s ]
INFO: Run Behavior\ParseTemplateBehavior [ RunTime:0.027002s ]
INFO: [ view_parse ] --END-- [ RunTime:0.027002s ]
INFO: [ view_filter ] --START--
INFO: Run Behavior\WriteHtmlCacheBehavior [ RunTime:0.000000s ]
INFO: [ view_filter ] --END-- [ RunTime:0.000000s ]
INFO: [ app_end ] --START--
INFO: Run Behavior\ShowPageTraceBehavior [ RunTime:0.001000s ]
INFO: [ app_end ] --END-- [ RunTime:0.001000s ]

[ 2017-04-08T00:05:38+08:00 ] 127.0.0.1 /index.php/Admin/Order/detail/order_id/10.html
INFO: [ app_init ] --START--
INFO: Run Behavior\BuildLiteBehavior [ RunTime:0.000000s ]
INFO: [ app_init ] --END-- [ RunTime:0.000000s ]
INFO: [ app_begin ] --START--
INFO: Run Behavior\ReadHtmlCacheBehavior [ RunTime:0.000000s ]
INFO: [ app_begin ] --END-- [ RunTime:0.000000s ]
SQL: SHOW COLUMNS FROM `xingchi_order` [ RunTime:0.0490s ]
ERR: 1146:Table 'xingchi.xingchi_user' doesn't exist
 [ SQL语句 ] : SELECT o.*,u.username,c.* FROM xingchi_order o INNER JOIN xingchi_user u on o.user_id=u.user_id INNER JOIN xingchi_consignee c on o.cgn_id=c.cgn_id  WHERE `order_id` = '10' LIMIT 1  
ERR: 1146:Table 'xingchi.xingchi_user' doesn't exist
 [ SQL语句 ] : SELECT o.*,u.username,c.* FROM xingchi_order o INNER JOIN xingchi_user u on o.user_id=u.user_id INNER JOIN xingchi_consignee c on o.cgn_id=c.cgn_id  WHERE `order_id` = '10' LIMIT 1  

[ 2017-04-08T00:05:58+08:00 ] 127.0.0.1 /index.php/Admin/Order/detail/order_id/10.html
INFO: [ app_init ] --START--
INFO: Run Behavior\BuildLiteBehavior [ RunTime:0.000000s ]
INFO: [ app_init ] --END-- [ RunTime:0.000000s ]
INFO: [ app_begin ] --START--
INFO: Run Behavior\ReadHtmlCacheBehavior [ RunTime:0.001000s ]
INFO: [ app_begin ] --END-- [ RunTime:0.001000s ]
INFO: [ view_parse ] --START--
INFO: [ template_filter ] --START--
INFO: Run Behavior\ContentReplaceBehavior [ RunTime:0.000000s ]
INFO: [ template_filter ] --END-- [ RunTime:0.000000s ]
NOTIC: [8] Undefined variable: orderinfo E:\CZwj\xingchi\Application\Runtime\Cache\Admin\badcf48b869e2273f2c1c9046770822d.php 第 78 行.
NOTIC: [8] Undefined variable: orderinfo E:\CZwj\xingchi\Application\Runtime\Cache\Admin\badcf48b869e2273f2c1c9046770822d.php 第 81 行.
NOTIC: [8] Undefined variable: orderinfo E:\CZwj\xingchi\Application\Runtime\Cache\Admin\badcf48b869e2273f2c1c9046770822d.php 第 87 行.
NOTIC: [8] Undefined variable: orderinfo E:\CZwj\xingchi\Application\Runtime\Cache\Admin\badcf48b869e2273f2c1c9046770822d.php 第 90 行.
NOTIC: [8] Undefined variable: paymethods E:\CZwj\xingchi\Application\Runtime\Cache\Admin\badcf48b869e2273f2c1c9046770822d.php 第 90 行.
NOTIC: [8] Undefined variable: orderinfo E:\CZwj\xingchi\Application\Runtime\Cache\Admin\badcf48b869e2273f2c1c9046770822d.php 第 95 行.
NOTIC: [8] Undefined variable: orderinfo E:\CZwj\xingchi\Application\Runtime\Cache\Admin\badcf48b869e2273f2c1c9046770822d.php 第 98 行.
NOTIC: [8] Undefined variable: orderinfo E:\CZwj\xingchi\Application\Runtime\Cache\Admin\badcf48b869e2273f2c1c9046770822d.php 第 103 行.
NOTIC: [8] Undefined variable: orderinfo E:\CZwj\xingchi\Application\Runtime\Cache\Admin\badcf48b869e2273f2c1c9046770822d.php 第 106 行.
NOTIC: [8] Undefined variable: orderinfo E:\CZwj\xingchi\Application\Runtime\Cache\Admin\badcf48b869e2273f2c1c9046770822d.php 第 111 行.
NOTIC: [8] Undefined variable: orderinfo E:\CZwj\xingchi\Application\Runtime\Cache\Admin\badcf48b869e2273f2c1c9046770822d.php 第 114 行.
NOTIC: [8] Undefined variable: orderinfo E:\CZwj\xingchi\Application\Runtime\Cache\Admin\badcf48b869e2273f2c1c9046770822d.php 第 119 行.
NOTIC: [8] Undefined variable: orderinfo E:\CZwj\xingchi\Application\Runtime\Cache\Admin\badcf48b869e2273f2c1c9046770822d.php 第 122 行.
NOTIC: [8] Undefined variable: orderinfo E:\CZwj\xingchi\Application\Runtime\Cache\Admin\badcf48b869e2273f2c1c9046770822d.php 第 126 行.
NOTIC: [8] Undefined variable: orderinfo E:\CZwj\xingchi\Application\Runtime\Cache\Admin\badcf48b869e2273f2c1c9046770822d.php 第 128 行.
NOTIC: [8] Undefined variable: goodsinfo E:\CZwj\xingchi\Application\Runtime\Cache\Admin\badcf48b869e2273f2c1c9046770822d.php 第 143 行.
INFO: Run Behavior\ParseTemplateBehavior [ RunTime:0.064004s ]
INFO: [ view_parse ] --END-- [ RunTime:0.064004s ]
INFO: [ view_filter ] --START--
INFO: Run Behavior\WriteHtmlCacheBehavior [ RunTime:0.001000s ]
INFO: [ view_filter ] --END-- [ RunTime:0.001000s ]
INFO: [ app_end ] --START--
INFO: Run Behavior\ShowPageTraceBehavior [ RunTime:0.000000s ]
INFO: [ app_end ] --END-- [ RunTime:0.000000s ]

[ 2017-04-08T00:06:28+08:00 ] 127.0.0.1 /index.php/Admin/Order/detail/order_id/10.html
INFO: [ app_init ] --START--
INFO: Run Behavior\BuildLiteBehavior [ RunTime:0.000000s ]
INFO: [ app_init ] --END-- [ RunTime:0.001000s ]
INFO: [ app_begin ] --START--
INFO: Run Behavior\ReadHtmlCacheBehavior [ RunTime:0.000000s ]
INFO: [ app_begin ] --END-- [ RunTime:0.000000s ]
INFO: [ view_parse ] --START--
INFO: [ template_filter ] --START--
INFO: Run Behavior\ContentReplaceBehavior [ RunTime:0.000000s ]
INFO: [ template_filter ] --END-- [ RunTime:0.000000s ]
NOTIC: [8] Undefined variable: orderinfo E:\CZwj\xingchi\Application\Runtime\Cache\Admin\badcf48b869e2273f2c1c9046770822d.php 第 78 行.
NOTIC: [8] Undefined variable: orderinfo E:\CZwj\xingchi\Application\Runtime\Cache\Admin\badcf48b869e2273f2c1c9046770822d.php 第 81 行.
NOTIC: [8] Undefined variable: orderinfo E:\CZwj\xingchi\Application\Runtime\Cache\Admin\badcf48b869e2273f2c1c9046770822d.php 第 87 行.
NOTIC: [8] Undefined variable: orderinfo E:\CZwj\xingchi\Application\Runtime\Cache\Admin\badcf48b869e2273f2c1c9046770822d.php 第 90 行.
NOTIC: [8] Undefined variable: paymethods E:\CZwj\xingchi\Application\Runtime\Cache\Admin\badcf48b869e2273f2c1c9046770822d.php 第 90 行.
NOTIC: [8] Undefined variable: orderinfo E:\CZwj\xingchi\Application\Runtime\Cache\Admin\badcf48b869e2273f2c1c9046770822d.php 第 95 行.
NOTIC: [8] Undefined variable: orderinfo E:\CZwj\xingchi\Application\Runtime\Cache\Admin\badcf48b869e2273f2c1c9046770822d.php 第 98 行.
NOTIC: [8] Undefined variable: orderinfo E:\CZwj\xingchi\Application\Runtime\Cache\Admin\badcf48b869e2273f2c1c9046770822d.php 第 103 行.
NOTIC: [8] Undefined variable: orderinfo E:\CZwj\xingchi\Application\Runtime\Cache\Admin\badcf48b869e2273f2c1c9046770822d.php 第 106 行.
NOTIC: [8] Undefined variable: orderinfo E:\CZwj\xingchi\Application\Runtime\Cache\Admin\badcf48b869e2273f2c1c9046770822d.php 第 111 行.
NOTIC: [8] Undefined variable: orderinfo E:\CZwj\xingchi\Application\Runtime\Cache\Admin\badcf48b869e2273f2c1c9046770822d.php 第 114 行.
NOTIC: [8] Undefined variable: orderinfo E:\CZwj\xingchi\Application\Runtime\Cache\Admin\badcf48b869e2273f2c1c9046770822d.php 第 119 行.
NOTIC: [8] Undefined variable: orderinfo E:\CZwj\xingchi\Application\Runtime\Cache\Admin\badcf48b869e2273f2c1c9046770822d.php 第 122 行.
NOTIC: [8] Undefined variable: orderinfo E:\CZwj\xingchi\Application\Runtime\Cache\Admin\badcf48b869e2273f2c1c9046770822d.php 第 126 行.
NOTIC: [8] Undefined variable: orderinfo E:\CZwj\xingchi\Application\Runtime\Cache\Admin\badcf48b869e2273f2c1c9046770822d.php 第 128 行.
NOTIC: [8] Undefined variable: goodsinfo E:\CZwj\xingchi\Application\Runtime\Cache\Admin\badcf48b869e2273f2c1c9046770822d.php 第 143 行.
INFO: Run Behavior\ParseTemplateBehavior [ RunTime:0.069004s ]
INFO: [ view_parse ] --END-- [ RunTime:0.069004s ]
INFO: [ view_filter ] --START--
INFO: Run Behavior\WriteHtmlCacheBehavior [ RunTime:0.000000s ]
INFO: [ view_filter ] --END-- [ RunTime:0.000000s ]
INFO: [ app_end ] --START--
INFO: Run Behavior\ShowPageTraceBehavior [ RunTime:0.000000s ]
INFO: [ app_end ] --END-- [ RunTime:0.000000s ]

[ 2017-04-08T00:07:06+08:00 ] 127.0.0.1 /index.php/Admin/Order/detail/order_id/10.html
INFO: [ app_init ] --START--
INFO: Run Behavior\BuildLiteBehavior [ RunTime:0.000000s ]
INFO: [ app_init ] --END-- [ RunTime:0.000000s ]
INFO: [ app_begin ] --START--
INFO: Run Behavior\ReadHtmlCacheBehavior [ RunTime:0.000000s ]
INFO: [ app_begin ] --END-- [ RunTime:0.000000s ]
INFO: [ view_parse ] --START--
INFO: [ template_filter ] --START--
INFO: Run Behavior\ContentReplaceBehavior [ RunTime:0.000000s ]
INFO: [ template_filter ] --END-- [ RunTime:0.000000s ]
NOTIC: [8] Undefined variable: orderinfo E:\CZwj\xingchi\Application\Runtime\Cache\Admin\badcf48b869e2273f2c1c9046770822d.php 第 78 行.
NOTIC: [8] Undefined variable: orderinfo E:\CZwj\xingchi\Application\Runtime\Cache\Admin\badcf48b869e2273f2c1c9046770822d.php 第 81 行.
NOTIC: [8] Undefined variable: orderinfo E:\CZwj\xingchi\Application\Runtime\Cache\Admin\badcf48b869e2273f2c1c9046770822d.php 第 87 行.
NOTIC: [8] Undefined variable: orderinfo E:\CZwj\xingchi\Application\Runtime\Cache\Admin\badcf48b869e2273f2c1c9046770822d.php 第 90 行.
NOTIC: [8] Undefined variable: paymethods E:\CZwj\xingchi\Application\Runtime\Cache\Admin\badcf48b869e2273f2c1c9046770822d.php 第 90 行.
NOTIC: [8] Undefined variable: orderinfo E:\CZwj\xingchi\Application\Runtime\Cache\Admin\badcf48b869e2273f2c1c9046770822d.php 第 95 行.
NOTIC: [8] Undefined variable: orderinfo E:\CZwj\xingchi\Application\Runtime\Cache\Admin\badcf48b869e2273f2c1c9046770822d.php 第 98 行.
NOTIC: [8] Undefined variable: orderinfo E:\CZwj\xingchi\Application\Runtime\Cache\Admin\badcf48b869e2273f2c1c9046770822d.php 第 103 行.
NOTIC: [8] Undefined variable: orderinfo E:\CZwj\xingchi\Application\Runtime\Cache\Admin\badcf48b869e2273f2c1c9046770822d.php 第 106 行.
NOTIC: [8] Undefined variable: orderinfo E:\CZwj\xingchi\Application\Runtime\Cache\Admin\badcf48b869e2273f2c1c9046770822d.php 第 111 行.
NOTIC: [8] Undefined variable: orderinfo E:\CZwj\xingchi\Application\Runtime\Cache\Admin\badcf48b869e2273f2c1c9046770822d.php 第 114 行.
NOTIC: [8] Undefined variable: orderinfo E:\CZwj\xingchi\Application\Runtime\Cache\Admin\badcf48b869e2273f2c1c9046770822d.php 第 119 行.
NOTIC: [8] Undefined variable: orderinfo E:\CZwj\xingchi\Application\Runtime\Cache\Admin\badcf48b869e2273f2c1c9046770822d.php 第 122 行.
NOTIC: [8] Undefined variable: orderinfo E:\CZwj\xingchi\Application\Runtime\Cache\Admin\badcf48b869e2273f2c1c9046770822d.php 第 126 行.
NOTIC: [8] Undefined variable: orderinfo E:\CZwj\xingchi\Application\Runtime\Cache\Admin\badcf48b869e2273f2c1c9046770822d.php 第 128 行.
NOTIC: [8] Undefined variable: goodsinfo E:\CZwj\xingchi\Application\Runtime\Cache\Admin\badcf48b869e2273f2c1c9046770822d.php 第 143 行.
INFO: Run Behavior\ParseTemplateBehavior [ RunTime:0.056003s ]
INFO: [ view_parse ] --END-- [ RunTime:0.056003s ]
INFO: [ view_filter ] --START--
INFO: Run Behavior\WriteHtmlCacheBehavior [ RunTime:0.001000s ]
INFO: [ view_filter ] --END-- [ RunTime:0.001000s ]
INFO: [ app_end ] --START--
INFO: Run Behavior\ShowPageTraceBehavior [ RunTime:0.000000s ]
INFO: [ app_end ] --END-- [ RunTime:0.000000s ]

[ 2017-04-08T00:07:08+08:00 ] 127.0.0.1 /index.php/Admin/Order/showlist
INFO: [ app_init ] --START--
INFO: Run Behavior\BuildLiteBehavior [ RunTime:0.000000s ]
INFO: [ app_init ] --END-- [ RunTime:0.000000s ]
INFO: [ app_begin ] --START--
INFO: Run Behavior\ReadHtmlCacheBehavior [ RunTime:0.001000s ]
INFO: [ app_begin ] --END-- [ RunTime:0.001000s ]
SQL: SHOW COLUMNS FROM `xingchi_order` [ RunTime:0.0040s ]
SQL: SELECT * FROM `xingchi_order` ORDER BY order_id desc  [ RunTime:0.0010s ]
INFO: [ view_parse ] --START--
INFO: [ template_filter ] --START--
INFO: Run Behavior\ContentReplaceBehavior [ RunTime:0.000000s ]
INFO: [ template_filter ] --END-- [ RunTime:0.000000s ]
INFO: Run Behavior\ParseTemplateBehavior [ RunTime:0.009000s ]
INFO: [ view_parse ] --END-- [ RunTime:0.009000s ]
INFO: [ view_filter ] --START--
INFO: Run Behavior\WriteHtmlCacheBehavior [ RunTime:0.001000s ]
INFO: [ view_filter ] --END-- [ RunTime:0.001000s ]
INFO: [ app_end ] --START--
INFO: Run Behavior\ShowPageTraceBehavior [ RunTime:0.001000s ]
INFO: [ app_end ] --END-- [ RunTime:0.001000s ]

[ 2017-04-08T00:07:12+08:00 ] 127.0.0.1 /index.php/Admin/Order/detail/order_id/5.html
INFO: [ app_init ] --START--
INFO: Run Behavior\BuildLiteBehavior [ RunTime:0.000000s ]
INFO: [ app_init ] --END-- [ RunTime:0.000000s ]
INFO: [ app_begin ] --START--
INFO: Run Behavior\ReadHtmlCacheBehavior [ RunTime:0.000000s ]
INFO: [ app_begin ] --END-- [ RunTime:0.000000s ]
INFO: [ view_parse ] --START--
INFO: [ template_filter ] --START--
INFO: Run Behavior\ContentReplaceBehavior [ RunTime:0.000000s ]
INFO: [ template_filter ] --END-- [ RunTime:0.000000s ]
NOTIC: [8] Undefined variable: orderinfo E:\CZwj\xingchi\Application\Runtime\Cache\Admin\badcf48b869e2273f2c1c9046770822d.php 第 78 行.
NOTIC: [8] Undefined variable: orderinfo E:\CZwj\xingchi\Application\Runtime\Cache\Admin\badcf48b869e2273f2c1c9046770822d.php 第 81 行.
NOTIC: [8] Undefined variable: orderinfo E:\CZwj\xingchi\Application\Runtime\Cache\Admin\badcf48b869e2273f2c1c9046770822d.php 第 87 行.
NOTIC: [8] Undefined variable: orderinfo E:\CZwj\xingchi\Application\Runtime\Cache\Admin\badcf48b869e2273f2c1c9046770822d.php 第 90 行.
NOTIC: [8] Undefined variable: paymethods E:\CZwj\xingchi\Application\Runtime\Cache\Admin\badcf48b869e2273f2c1c9046770822d.php 第 90 行.
NOTIC: [8] Undefined variable: orderinfo E:\CZwj\xingchi\Application\Runtime\Cache\Admin\badcf48b869e2273f2c1c9046770822d.php 第 95 行.
NOTIC: [8] Undefined variable: orderinfo E:\CZwj\xingchi\Application\Runtime\Cache\Admin\badcf48b869e2273f2c1c9046770822d.php 第 98 行.
NOTIC: [8] Undefined variable: orderinfo E:\CZwj\xingchi\Application\Runtime\Cache\Admin\badcf48b869e2273f2c1c9046770822d.php 第 103 行.
NOTIC: [8] Undefined variable: orderinfo E:\CZwj\xingchi\Application\Runtime\Cache\Admin\badcf48b869e2273f2c1c9046770822d.php 第 106 行.
NOTIC: [8] Undefined variable: orderinfo E:\CZwj\xingchi\Application\Runtime\Cache\Admin\badcf48b869e2273f2c1c9046770822d.php 第 111 行.
NOTIC: [8] Undefined variable: orderinfo E:\CZwj\xingchi\Application\Runtime\Cache\Admin\badcf48b869e2273f2c1c9046770822d.php 第 114 行.
NOTIC: [8] Undefined variable: orderinfo E:\CZwj\xingchi\Application\Runtime\Cache\Admin\badcf48b869e2273f2c1c9046770822d.php 第 119 行.
NOTIC: [8] Undefined variable: orderinfo E:\CZwj\xingchi\Application\Runtime\Cache\Admin\badcf48b869e2273f2c1c9046770822d.php 第 122 行.
NOTIC: [8] Undefined variable: orderinfo E:\CZwj\xingchi\Application\Runtime\Cache\Admin\badcf48b869e2273f2c1c9046770822d.php 第 126 行.
NOTIC: [8] Undefined variable: orderinfo E:\CZwj\xingchi\Application\Runtime\Cache\Admin\badcf48b869e2273f2c1c9046770822d.php 第 128 行.
NOTIC: [8] Undefined variable: goodsinfo E:\CZwj\xingchi\Application\Runtime\Cache\Admin\badcf48b869e2273f2c1c9046770822d.php 第 143 行.
INFO: Run Behavior\ParseTemplateBehavior [ RunTime:0.032002s ]
INFO: [ view_parse ] --END-- [ RunTime:0.032002s ]
INFO: [ view_filter ] --START--
INFO: Run Behavior\WriteHtmlCacheBehavior [ RunTime:0.001000s ]
INFO: [ view_filter ] --END-- [ RunTime:0.001000s ]
INFO: [ app_end ] --START--
INFO: Run Behavior\ShowPageTraceBehavior [ RunTime:0.000000s ]
INFO: [ app_end ] --END-- [ RunTime:0.000000s ]

[ 2017-04-08T00:08:25+08:00 ] 127.0.0.1 /index.php/Admin/Order/detail/order_id/5.html
INFO: [ app_init ] --START--
INFO: Run Behavior\BuildLiteBehavior [ RunTime:0.000000s ]
INFO: [ app_init ] --END-- [ RunTime:0.000000s ]
INFO: [ app_begin ] --START--
INFO: Run Behavior\ReadHtmlCacheBehavior [ RunTime:0.000000s ]
INFO: [ app_begin ] --END-- [ RunTime:0.000000s ]

[ 2017-04-08T00:08:38+08:00 ] 127.0.0.1 /index.php/Admin/Order/showlist
INFO: [ app_init ] --START--
INFO: Run Behavior\BuildLiteBehavior [ RunTime:0.000000s ]
INFO: [ app_init ] --END-- [ RunTime:0.000000s ]
INFO: [ app_begin ] --START--
INFO: Run Behavior\ReadHtmlCacheBehavior [ RunTime:0.001000s ]
INFO: [ app_begin ] --END-- [ RunTime:0.001000s ]
SQL: SHOW COLUMNS FROM `xingchi_order` [ RunTime:0.0060s ]
SQL: SELECT * FROM `xingchi_order` ORDER BY order_id desc  [ RunTime:0.0010s ]
INFO: [ view_parse ] --START--
INFO: [ template_filter ] --START--
INFO: Run Behavior\ContentReplaceBehavior [ RunTime:0.000000s ]
INFO: [ template_filter ] --END-- [ RunTime:0.000000s ]
INFO: Run Behavior\ParseTemplateBehavior [ RunTime:0.010001s ]
INFO: [ view_parse ] --END-- [ RunTime:0.010001s ]
INFO: [ view_filter ] --START--
INFO: Run Behavior\WriteHtmlCacheBehavior [ RunTime:0.000000s ]
INFO: [ view_filter ] --END-- [ RunTime:0.000000s ]
INFO: [ app_end ] --START--
INFO: Run Behavior\ShowPageTraceBehavior [ RunTime:0.001000s ]
INFO: [ app_end ] --END-- [ RunTime:0.001000s ]

[ 2017-04-08T00:08:39+08:00 ] 127.0.0.1 /index.php/Admin/Order/detail/order_id/8.html
INFO: [ app_init ] --START--
INFO: Run Behavior\BuildLiteBehavior [ RunTime:0.000000s ]
INFO: [ app_init ] --END-- [ RunTime:0.000000s ]
INFO: [ app_begin ] --START--
INFO: Run Behavior\ReadHtmlCacheBehavior [ RunTime:0.000000s ]
INFO: [ app_begin ] --END-- [ RunTime:0.000000s ]

[ 2017-04-08T00:09:12+08:00 ] 127.0.0.1 /index.php/Admin/Order/detail/order_id/8.html
INFO: [ app_init ] --START--
INFO: Run Behavior\BuildLiteBehavior [ RunTime:0.000000s ]
INFO: [ app_init ] --END-- [ RunTime:0.001000s ]
INFO: [ app_begin ] --START--
INFO: Run Behavior\ReadHtmlCacheBehavior [ RunTime:0.001000s ]
INFO: [ app_begin ] --END-- [ RunTime:0.001000s ]
SQL: SHOW COLUMNS FROM `xingchi_order` [ RunTime:0.0040s ]
ERR: 1146:Table 'xingchi.xingchi_user' doesn't exist
 [ SQL语句 ] : SELECT o.*,u.username,c.* FROM xingchi_order o INNER JOIN xingchi_user u on o.user_id=u.user_id INNER JOIN xingchi_consignee c on o.cgn_id=c.cgn_id  WHERE `order_id` = '8' LIMIT 1  
ERR: 1146:Table 'xingchi.xingchi_user' doesn't exist
 [ SQL语句 ] : SELECT o.*,u.username,c.* FROM xingchi_order o INNER JOIN xingchi_user u on o.user_id=u.user_id INNER JOIN xingchi_consignee c on o.cgn_id=c.cgn_id  WHERE `order_id` = '8' LIMIT 1  

[ 2017-04-08T00:09:38+08:00 ] 127.0.0.1 /index.php/Admin/Order/detail/order_id/8.html
INFO: [ app_init ] --START--
INFO: Run Behavior\BuildLiteBehavior [ RunTime:0.000000s ]
INFO: [ app_init ] --END-- [ RunTime:0.001000s ]
INFO: [ app_begin ] --START--
INFO: Run Behavior\ReadHtmlCacheBehavior [ RunTime:0.001000s ]
INFO: [ app_begin ] --END-- [ RunTime:0.001000s ]
SQL: SHOW COLUMNS FROM `xingchi_order` [ RunTime:0.0050s ]
ERR: 1146:Table 'xingchi.xingchi_user' doesn't exist
 [ SQL语句 ] : SELECT o.*,u.username,c.* FROM xingchi_order o INNER JOIN xingchi_user u on o.user_id=u.user_id INNER JOIN xingchi_consignee c on o.cgn_id=c.cgn_id  WHERE `order_id` = '8' LIMIT 1  
ERR: 1146:Table 'xingchi.xingchi_user' doesn't exist
 [ SQL语句 ] : SELECT o.*,u.username,c.* FROM xingchi_order o INNER JOIN xingchi_user u on o.user_id=u.user_id INNER JOIN xingchi_consignee c on o.cgn_id=c.cgn_id  WHERE `order_id` = '8' LIMIT 1  

[ 2017-04-08T00:10:48+08:00 ] 127.0.0.1 /index.php/Admin/Order/detail/order_id/8.html
INFO: [ app_init ] --START--
INFO: Run Behavior\BuildLiteBehavior [ RunTime:0.000000s ]
INFO: [ app_init ] --END-- [ RunTime:0.000000s ]
INFO: [ app_begin ] --START--
INFO: Run Behavior\ReadHtmlCacheBehavior [ RunTime:0.000000s ]
INFO: [ app_begin ] --END-- [ RunTime:0.000000s ]
SQL: SHOW COLUMNS FROM `xingchi_order` [ RunTime:0.0050s ]
SQL: SELECT o.*,u.username,c.* FROM xingchi_order o INNER JOIN xingchi_user u on o.user_id=u.user_id INNER JOIN xingchi_consignee c on o.cgn_id=c.cgn_id  WHERE `order_id` = '8' LIMIT 1   [ RunTime:0.0180s ]

[ 2017-04-08T00:10:49+08:00 ] 127.0.0.1 /index.php/Admin/Order/detail/order_id/8.html
INFO: [ app_init ] --START--
INFO: Run Behavior\BuildLiteBehavior [ RunTime:0.000000s ]
INFO: [ app_init ] --END-- [ RunTime:0.001000s ]
INFO: [ app_begin ] --START--
INFO: Run Behavior\ReadHtmlCacheBehavior [ RunTime:0.000000s ]
INFO: [ app_begin ] --END-- [ RunTime:0.000000s ]
SQL: SHOW COLUMNS FROM `xingchi_order` [ RunTime:0.0380s ]
SQL: SELECT o.*,u.username,c.* FROM xingchi_order o INNER JOIN xingchi_user u on o.user_id=u.user_id INNER JOIN xingchi_consignee c on o.cgn_id=c.cgn_id  WHERE `order_id` = '8' LIMIT 1   [ RunTime:0.0000s ]

[ 2017-04-08T00:10:50+08:00 ] 127.0.0.1 /index.php/Admin/Order/detail/order_id/8.html
INFO: [ app_init ] --START--
INFO: Run Behavior\BuildLiteBehavior [ RunTime:0.000000s ]
INFO: [ app_init ] --END-- [ RunTime:0.001000s ]
INFO: [ app_begin ] --START--
INFO: Run Behavior\ReadHtmlCacheBehavior [ RunTime:0.001000s ]
INFO: [ app_begin ] --END-- [ RunTime:0.001000s ]
SQL: SHOW COLUMNS FROM `xingchi_order` [ RunTime:0.0050s ]
SQL: SELECT o.*,u.username,c.* FROM xingchi_order o INNER JOIN xingchi_user u on o.user_id=u.user_id INNER JOIN xingchi_consignee c on o.cgn_id=c.cgn_id  WHERE `order_id` = '8' LIMIT 1   [ RunTime:0.0000s ]

[ 2017-04-08T00:12:09+08:00 ] 127.0.0.1 /index.php/Admin/Order/detail/order_id/8.html
INFO: [ app_init ] --START--
INFO: Run Behavior\BuildLiteBehavior [ RunTime:0.000000s ]
INFO: [ app_init ] --END-- [ RunTime:0.000000s ]
INFO: [ app_begin ] --START--
INFO: Run Behavior\ReadHtmlCacheBehavior [ RunTime:0.001000s ]
INFO: [ app_begin ] --END-- [ RunTime:0.001000s ]
SQL: SHOW COLUMNS FROM `xingchi_order` [ RunTime:0.0180s ]
SQL: SELECT o.*,u.username,c.* FROM xingchi_order o INNER JOIN xingchi_user u on o.user_id=u.user_id INNER JOIN xingchi_consignee c on o.cgn_id=c.cgn_id  WHERE `order_id` = '8' LIMIT 1   [ RunTime:0.0190s ]

[ 2017-04-08T00:12:10+08:00 ] 127.0.0.1 /index.php/Admin/Order/detail/order_id/8.html
INFO: [ app_init ] --START--
INFO: Run Behavior\BuildLiteBehavior [ RunTime:0.000000s ]
INFO: [ app_init ] --END-- [ RunTime:0.000000s ]
INFO: [ app_begin ] --START--
INFO: Run Behavior\ReadHtmlCacheBehavior [ RunTime:0.002000s ]
INFO: [ app_begin ] --END-- [ RunTime:0.002000s ]
SQL: SHOW COLUMNS FROM `xingchi_order` [ RunTime:0.0040s ]
SQL: SELECT o.*,u.username,c.* FROM xingchi_order o INNER JOIN xingchi_user u on o.user_id=u.user_id INNER JOIN xingchi_consignee c on o.cgn_id=c.cgn_id  WHERE `order_id` = '8' LIMIT 1   [ RunTime:0.0010s ]

[ 2017-04-08T00:12:10+08:00 ] 127.0.0.1 /index.php/Admin/Order/detail/order_id/8.html
INFO: [ app_init ] --START--
INFO: Run Behavior\BuildLiteBehavior [ RunTime:0.000000s ]
INFO: [ app_init ] --END-- [ RunTime:0.000000s ]
INFO: [ app_begin ] --START--
INFO: Run Behavior\ReadHtmlCacheBehavior [ RunTime:0.000000s ]
INFO: [ app_begin ] --END-- [ RunTime:0.000000s ]
SQL: SHOW COLUMNS FROM `xingchi_order` [ RunTime:0.0050s ]
SQL: SELECT o.*,u.username,c.* FROM xingchi_order o INNER JOIN xingchi_user u on o.user_id=u.user_id INNER JOIN xingchi_consignee c on o.cgn_id=c.cgn_id  WHERE `order_id` = '8' LIMIT 1   [ RunTime:0.0000s ]

[ 2017-04-08T00:12:11+08:00 ] 127.0.0.1 /index.php/Admin/Order/detail/order_id/8.html
INFO: [ app_init ] --START--
INFO: Run Behavior\BuildLiteBehavior [ RunTime:0.000000s ]
INFO: [ app_init ] --END-- [ RunTime:0.001000s ]
INFO: [ app_begin ] --START--
INFO: Run Behavior\ReadHtmlCacheBehavior [ RunTime:0.001000s ]
INFO: [ app_begin ] --END-- [ RunTime:0.002000s ]
SQL: SHOW COLUMNS FROM `xingchi_order` [ RunTime:0.0040s ]
SQL: SELECT o.*,u.username,c.* FROM xingchi_order o INNER JOIN xingchi_user u on o.user_id=u.user_id INNER JOIN xingchi_consignee c on o.cgn_id=c.cgn_id  WHERE `order_id` = '8' LIMIT 1   [ RunTime:0.0000s ]

[ 2017-04-08T00:12:11+08:00 ] 127.0.0.1 /index.php/Admin/Order/detail/order_id/8.html
INFO: [ app_init ] --START--
INFO: Run Behavior\BuildLiteBehavior [ RunTime:0.000000s ]
INFO: [ app_init ] --END-- [ RunTime:0.000000s ]
INFO: [ app_begin ] --START--
INFO: Run Behavior\ReadHtmlCacheBehavior [ RunTime:0.000000s ]
INFO: [ app_begin ] --END-- [ RunTime:0.000000s ]
SQL: SHOW COLUMNS FROM `xingchi_order` [ RunTime:0.0810s ]
SQL: SELECT o.*,u.username,c.* FROM xingchi_order o INNER JOIN xingchi_user u on o.user_id=u.user_id INNER JOIN xingchi_consignee c on o.cgn_id=c.cgn_id  WHERE `order_id` = '8' LIMIT 1   [ RunTime:0.0000s ]

[ 2017-04-08T00:12:25+08:00 ] 127.0.0.1 /index.php/Admin/Order/detail/order_id/8.html
INFO: [ app_init ] --START--
INFO: Run Behavior\BuildLiteBehavior [ RunTime:0.000000s ]
INFO: [ app_init ] --END-- [ RunTime:0.000000s ]
INFO: [ app_begin ] --START--
INFO: Run Behavior\ReadHtmlCacheBehavior [ RunTime:0.000000s ]
INFO: [ app_begin ] --END-- [ RunTime:0.000000s ]
SQL: SHOW COLUMNS FROM `xingchi_order` [ RunTime:0.0050s ]
SQL: SELECT o.*,u.username,c.* FROM xingchi_order o INNER JOIN xingchi_user u on o.user_id=u.user_id INNER JOIN xingchi_consignee c on o.cgn_id=c.cgn_id  WHERE `order_id` = '8' LIMIT 1   [ RunTime:0.0000s ]
SQL: SHOW COLUMNS FROM `xingchi_order_goods` [ RunTime:0.0030s ]
ERR: 1054:Unknown column 'g.goods_id' in 'on clause'
 [ SQL语句 ] : SELECT og.*,g.goods_name FROM xingchi_order_goods og INNER JOIN xingchi_goods g on og.goods_id=g.goods_id  WHERE og.order_id = '8' 
ERR: 1054:Unknown column 'g.goods_id' in 'on clause'
 [ SQL语句 ] : SELECT og.*,g.goods_name FROM xingchi_order_goods og INNER JOIN xingchi_goods g on og.goods_id=g.goods_id  WHERE og.order_id = '8' 

[ 2017-04-08T00:12:45+08:00 ] 127.0.0.1 /index.php/Admin/Order/detail/order_id/8.html
INFO: [ app_init ] --START--
INFO: Run Behavior\BuildLiteBehavior [ RunTime:0.000000s ]
INFO: [ app_init ] --END-- [ RunTime:0.001000s ]
INFO: [ app_begin ] --START--
INFO: Run Behavior\ReadHtmlCacheBehavior [ RunTime:0.001000s ]
INFO: [ app_begin ] --END-- [ RunTime:0.001000s ]
SQL: SHOW COLUMNS FROM `xingchi_order` [ RunTime:0.0480s ]
SQL: SELECT o.*,u.username,c.* FROM xingchi_order o INNER JOIN xingchi_user u on o.user_id=u.user_id INNER JOIN xingchi_consignee c on o.cgn_id=c.cgn_id  WHERE `order_id` = '8' LIMIT 1   [ RunTime:0.0000s ]
SQL: SHOW COLUMNS FROM `xingchi_order_goods` [ RunTime:0.0100s ]
ERR: 1054:Unknown column 'g.goods_id' in 'on clause'
 [ SQL语句 ] : SELECT og.*,g.goods_name FROM xingchi_order_goods og INNER JOIN xingchi_goods g on og.goods_id=g.goods_id  WHERE og.order_id = '8' 
ERR: 1054:Unknown column 'g.goods_id' in 'on clause'
 [ SQL语句 ] : SELECT og.*,g.goods_name FROM xingchi_order_goods og INNER JOIN xingchi_goods g on og.goods_id=g.goods_id  WHERE og.order_id = '8' 

[ 2017-04-08T00:12:46+08:00 ] 127.0.0.1 /index.php/Admin/Order/detail/order_id/8.html
INFO: [ app_init ] --START--
INFO: Run Behavior\BuildLiteBehavior [ RunTime:0.000000s ]
INFO: [ app_init ] --END-- [ RunTime:0.000000s ]
INFO: [ app_begin ] --START--
INFO: Run Behavior\ReadHtmlCacheBehavior [ RunTime:0.000000s ]
INFO: [ app_begin ] --END-- [ RunTime:0.000000s ]
SQL: SHOW COLUMNS FROM `xingchi_order` [ RunTime:0.1700s ]
SQL: SELECT o.*,u.username,c.* FROM xingchi_order o INNER JOIN xingchi_user u on o.user_id=u.user_id INNER JOIN xingchi_consignee c on o.cgn_id=c.cgn_id  WHERE `order_id` = '8' LIMIT 1   [ RunTime:0.0000s ]
SQL: SHOW COLUMNS FROM `xingchi_order_goods` [ RunTime:0.1340s ]
ERR: 1054:Unknown column 'g.goods_id' in 'on clause'
 [ SQL语句 ] : SELECT og.*,g.goods_name FROM xingchi_order_goods og INNER JOIN xingchi_goods g on og.goods_id=g.goods_id  WHERE og.order_id = '8' 
ERR: 1054:Unknown column 'g.goods_id' in 'on clause'
 [ SQL语句 ] : SELECT og.*,g.goods_name FROM xingchi_order_goods og INNER JOIN xingchi_goods g on og.goods_id=g.goods_id  WHERE og.order_id = '8' 

[ 2017-04-08T00:12:47+08:00 ] 127.0.0.1 /index.php/Admin/Order/detail/order_id/8.html
INFO: [ app_init ] --START--
INFO: Run Behavior\BuildLiteBehavior [ RunTime:0.000000s ]
INFO: [ app_init ] --END-- [ RunTime:0.000000s ]
INFO: [ app_begin ] --START--
INFO: Run Behavior\ReadHtmlCacheBehavior [ RunTime:0.000000s ]
INFO: [ app_begin ] --END-- [ RunTime:0.000000s ]
SQL: SHOW COLUMNS FROM `xingchi_order` [ RunTime:0.0070s ]
SQL: SELECT o.*,u.username,c.* FROM xingchi_order o INNER JOIN xingchi_user u on o.user_id=u.user_id INNER JOIN xingchi_consignee c on o.cgn_id=c.cgn_id  WHERE `order_id` = '8' LIMIT 1   [ RunTime:0.0010s ]
SQL: SHOW COLUMNS FROM `xingchi_order_goods` [ RunTime:0.0040s ]
ERR: 1054:Unknown column 'g.goods_id' in 'on clause'
 [ SQL语句 ] : SELECT og.*,g.goods_name FROM xingchi_order_goods og INNER JOIN xingchi_goods g on og.goods_id=g.goods_id  WHERE og.order_id = '8' 
ERR: 1054:Unknown column 'g.goods_id' in 'on clause'
 [ SQL语句 ] : SELECT og.*,g.goods_name FROM xingchi_order_goods og INNER JOIN xingchi_goods g on og.goods_id=g.goods_id  WHERE og.order_id = '8' 

[ 2017-04-08T00:12:47+08:00 ] 127.0.0.1 /index.php/Admin/Order/detail/order_id/8.html
INFO: [ app_init ] --START--
INFO: Run Behavior\BuildLiteBehavior [ RunTime:0.000000s ]
INFO: [ app_init ] --END-- [ RunTime:0.000000s ]
INFO: [ app_begin ] --START--
INFO: Run Behavior\ReadHtmlCacheBehavior [ RunTime:0.001000s ]
INFO: [ app_begin ] --END-- [ RunTime:0.001000s ]
SQL: SHOW COLUMNS FROM `xingchi_order` [ RunTime:0.0040s ]
SQL: SELECT o.*,u.username,c.* FROM xingchi_order o INNER JOIN xingchi_user u on o.user_id=u.user_id INNER JOIN xingchi_consignee c on o.cgn_id=c.cgn_id  WHERE `order_id` = '8' LIMIT 1   [ RunTime:0.0000s ]
SQL: SHOW COLUMNS FROM `xingchi_order_goods` [ RunTime:0.0040s ]
ERR: 1054:Unknown column 'g.goods_id' in 'on clause'
 [ SQL语句 ] : SELECT og.*,g.goods_name FROM xingchi_order_goods og INNER JOIN xingchi_goods g on og.goods_id=g.goods_id  WHERE og.order_id = '8' 
ERR: 1054:Unknown column 'g.goods_id' in 'on clause'
 [ SQL语句 ] : SELECT og.*,g.goods_name FROM xingchi_order_goods og INNER JOIN xingchi_goods g on og.goods_id=g.goods_id  WHERE og.order_id = '8' 

[ 2017-04-08T00:12:47+08:00 ] 127.0.0.1 /index.php/Admin/Order/detail/order_id/8.html
INFO: [ app_init ] --START--
INFO: Run Behavior\BuildLiteBehavior [ RunTime:0.000000s ]
INFO: [ app_init ] --END-- [ RunTime:0.000000s ]
INFO: [ app_begin ] --START--
INFO: Run Behavior\ReadHtmlCacheBehavior [ RunTime:0.001000s ]
INFO: [ app_begin ] --END-- [ RunTime:0.001000s ]
SQL: SHOW COLUMNS FROM `xingchi_order` [ RunTime:0.0050s ]
SQL: SELECT o.*,u.username,c.* FROM xingchi_order o INNER JOIN xingchi_user u on o.user_id=u.user_id INNER JOIN xingchi_consignee c on o.cgn_id=c.cgn_id  WHERE `order_id` = '8' LIMIT 1   [ RunTime:0.0010s ]
SQL: SHOW COLUMNS FROM `xingchi_order_goods` [ RunTime:0.0040s ]
ERR: 1054:Unknown column 'g.goods_id' in 'on clause'
 [ SQL语句 ] : SELECT og.*,g.goods_name FROM xingchi_order_goods og INNER JOIN xingchi_goods g on og.goods_id=g.goods_id  WHERE og.order_id = '8' 
ERR: 1054:Unknown column 'g.goods_id' in 'on clause'
 [ SQL语句 ] : SELECT og.*,g.goods_name FROM xingchi_order_goods og INNER JOIN xingchi_goods g on og.goods_id=g.goods_id  WHERE og.order_id = '8' 

[ 2017-04-08T00:12:49+08:00 ] 127.0.0.1 /index.php/Admin/Order/showlist
INFO: [ app_init ] --START--
INFO: Run Behavior\BuildLiteBehavior [ RunTime:0.000000s ]
INFO: [ app_init ] --END-- [ RunTime:0.000000s ]
INFO: [ app_begin ] --START--
INFO: Run Behavior\ReadHtmlCacheBehavior [ RunTime:0.000000s ]
INFO: [ app_begin ] --END-- [ RunTime:0.000000s ]
SQL: SHOW COLUMNS FROM `xingchi_order` [ RunTime:0.0160s ]
SQL: SELECT * FROM `xingchi_order` ORDER BY order_id desc  [ RunTime:0.0000s ]
INFO: [ view_parse ] --START--
INFO: [ template_filter ] --START--
INFO: Run Behavior\ContentReplaceBehavior [ RunTime:0.000000s ]
INFO: [ template_filter ] --END-- [ RunTime:0.000000s ]
INFO: Run Behavior\ParseTemplateBehavior [ RunTime:0.017001s ]
INFO: [ view_parse ] --END-- [ RunTime:0.017001s ]
INFO: [ view_filter ] --START--
INFO: Run Behavior\WriteHtmlCacheBehavior [ RunTime:0.000000s ]
INFO: [ view_filter ] --END-- [ RunTime:0.000000s ]
INFO: [ app_end ] --START--
INFO: Run Behavior\ShowPageTraceBehavior [ RunTime:0.001000s ]
INFO: [ app_end ] --END-- [ RunTime:0.001000s ]

[ 2017-04-08T00:12:52+08:00 ] 127.0.0.1 /index.php/Admin/Order/showlist
INFO: [ app_init ] --START--
INFO: Run Behavior\BuildLiteBehavior [ RunTime:0.000000s ]
INFO: [ app_init ] --END-- [ RunTime:0.000000s ]
INFO: [ app_begin ] --START--
INFO: Run Behavior\ReadHtmlCacheBehavior [ RunTime:0.001000s ]
INFO: [ app_begin ] --END-- [ RunTime:0.001000s ]
SQL: SHOW COLUMNS FROM `xingchi_order` [ RunTime:0.0050s ]
SQL: SELECT * FROM `xingchi_order` ORDER BY order_id desc  [ RunTime:0.0010s ]
INFO: [ view_parse ] --START--
INFO: [ template_filter ] --START--
INFO: Run Behavior\ContentReplaceBehavior [ RunTime:0.000000s ]
INFO: [ template_filter ] --END-- [ RunTime:0.000000s ]
INFO: Run Behavior\ParseTemplateBehavior [ RunTime:0.016001s ]
INFO: [ view_parse ] --END-- [ RunTime:0.016001s ]
INFO: [ view_filter ] --START--
INFO: Run Behavior\WriteHtmlCacheBehavior [ RunTime:0.001000s ]
INFO: [ view_filter ] --END-- [ RunTime:0.001000s ]
INFO: [ app_end ] --START--
INFO: Run Behavior\ShowPageTraceBehavior [ RunTime:0.001000s ]
INFO: [ app_end ] --END-- [ RunTime:0.002000s ]

[ 2017-04-08T00:12:53+08:00 ] 127.0.0.1 /index.php/Admin/Order/detail/order_id/5.html
INFO: [ app_init ] --START--
INFO: Run Behavior\BuildLiteBehavior [ RunTime:0.000000s ]
INFO: [ app_init ] --END-- [ RunTime:0.001001s ]
INFO: [ app_begin ] --START--
INFO: Run Behavior\ReadHtmlCacheBehavior [ RunTime:0.001000s ]
INFO: [ app_begin ] --END-- [ RunTime:0.001000s ]
SQL: SHOW COLUMNS FROM `xingchi_order` [ RunTime:0.0220s ]
SQL: SELECT o.*,u.username,c.* FROM xingchi_order o INNER JOIN xingchi_user u on o.user_id=u.user_id INNER JOIN xingchi_consignee c on o.cgn_id=c.cgn_id  WHERE `order_id` = '5' LIMIT 1   [ RunTime:0.0000s ]
SQL: SHOW COLUMNS FROM `xingchi_order_goods` [ RunTime:0.0040s ]
ERR: 1054:Unknown column 'g.goods_id' in 'on clause'
 [ SQL语句 ] : SELECT og.*,g.goods_name FROM xingchi_order_goods og INNER JOIN xingchi_goods g on og.goods_id=g.goods_id  WHERE og.order_id = '5' 
ERR: 1054:Unknown column 'g.goods_id' in 'on clause'
 [ SQL语句 ] : SELECT og.*,g.goods_name FROM xingchi_order_goods og INNER JOIN xingchi_goods g on og.goods_id=g.goods_id  WHERE og.order_id = '5' 

[ 2017-04-08T00:13:35+08:00 ] 127.0.0.1 /index.php/Admin/Order/showlist
INFO: [ app_init ] --START--
INFO: Run Behavior\BuildLiteBehavior [ RunTime:0.000000s ]
INFO: [ app_init ] --END-- [ RunTime:0.001000s ]
INFO: [ app_begin ] --START--
INFO: Run Behavior\ReadHtmlCacheBehavior [ RunTime:0.000000s ]
INFO: [ app_begin ] --END-- [ RunTime:0.000000s ]
SQL: SHOW COLUMNS FROM `xingchi_order` [ RunTime:0.0830s ]
SQL: SELECT * FROM `xingchi_order` ORDER BY order_id desc  [ RunTime:0.0010s ]
INFO: [ view_parse ] --START--
INFO: [ template_filter ] --START--
INFO: Run Behavior\ContentReplaceBehavior [ RunTime:0.000000s ]
INFO: [ template_filter ] --END-- [ RunTime:0.000000s ]
INFO: Run Behavior\ParseTemplateBehavior [ RunTime:0.024001s ]
INFO: [ view_parse ] --END-- [ RunTime:0.024001s ]
INFO: [ view_filter ] --START--
INFO: Run Behavior\WriteHtmlCacheBehavior [ RunTime:0.001000s ]
INFO: [ view_filter ] --END-- [ RunTime:0.001000s ]
INFO: [ app_end ] --START--
INFO: Run Behavior\ShowPageTraceBehavior [ RunTime:0.002000s ]
INFO: [ app_end ] --END-- [ RunTime:0.002000s ]

[ 2017-04-08T00:13:42+08:00 ] 127.0.0.1 /index.php/Admin/Order/showlist
INFO: [ app_init ] --START--
INFO: Run Behavior\BuildLiteBehavior [ RunTime:0.000000s ]
INFO: [ app_init ] --END-- [ RunTime:0.001000s ]
INFO: [ app_begin ] --START--
INFO: Run Behavior\ReadHtmlCacheBehavior [ RunTime:0.001000s ]
INFO: [ app_begin ] --END-- [ RunTime:0.001000s ]
SQL: SHOW COLUMNS FROM `xingchi_order` [ RunTime:0.0050s ]
SQL: SELECT * FROM `xingchi_order` ORDER BY order_id desc  [ RunTime:0.0010s ]
INFO: [ view_parse ] --START--
INFO: [ template_filter ] --START--
INFO: Run Behavior\ContentReplaceBehavior [ RunTime:0.000000s ]
INFO: [ template_filter ] --END-- [ RunTime:0.000000s ]
INFO: Run Behavior\ParseTemplateBehavior [ RunTime:0.021002s ]
INFO: [ view_parse ] --END-- [ RunTime:0.021002s ]
INFO: [ view_filter ] --START--
INFO: Run Behavior\WriteHtmlCacheBehavior [ RunTime:0.001000s ]
INFO: [ view_filter ] --END-- [ RunTime:0.001000s ]
INFO: [ app_end ] --START--
INFO: Run Behavior\ShowPageTraceBehavior [ RunTime:0.001000s ]
INFO: [ app_end ] --END-- [ RunTime:0.001000s ]

[ 2017-04-08T00:13:44+08:00 ] 127.0.0.1 /index.php/Admin/Order/detail/order_id/6.html
INFO: [ app_init ] --START--
INFO: Run Behavior\BuildLiteBehavior [ RunTime:0.000000s ]
INFO: [ app_init ] --END-- [ RunTime:0.000000s ]
INFO: [ app_begin ] --START--
INFO: Run Behavior\ReadHtmlCacheBehavior [ RunTime:0.000000s ]
INFO: [ app_begin ] --END-- [ RunTime:0.000000s ]
SQL: SHOW COLUMNS FROM `xingchi_order` [ RunTime:0.0170s ]
SQL: SELECT o.*,u.username,c.* FROM xingchi_order o INNER JOIN xingchi_user u on o.user_id=u.user_id INNER JOIN xingchi_consignee c on o.cgn_id=c.cgn_id  WHERE `order_id` = '6' LIMIT 1   [ RunTime:0.0000s ]
SQL: SHOW COLUMNS FROM `xingchi_order_goods` [ RunTime:0.0050s ]
ERR: 1054:Unknown column 'g.goods_id' in 'on clause'
 [ SQL语句 ] : SELECT og.*,g.goods_name FROM xingchi_order_goods og INNER JOIN xingchi_goods g on og.goods_id=g.goods_id  WHERE og.order_id = '6' 
ERR: 1054:Unknown column 'g.goods_id' in 'on clause'
 [ SQL语句 ] : SELECT og.*,g.goods_name FROM xingchi_order_goods og INNER JOIN xingchi_goods g on og.goods_id=g.goods_id  WHERE og.order_id = '6' 

[ 2017-04-08T00:14:31+08:00 ] 127.0.0.1 /index.php/Admin/Order/detail/order_id/6.html
INFO: [ app_init ] --START--
INFO: Run Behavior\BuildLiteBehavior [ RunTime:0.000000s ]
INFO: [ app_init ] --END-- [ RunTime:0.000000s ]
INFO: [ app_begin ] --START--
INFO: Run Behavior\ReadHtmlCacheBehavior [ RunTime:0.000000s ]
INFO: [ app_begin ] --END-- [ RunTime:0.000000s ]
SQL: SHOW COLUMNS FROM `xingchi_order` [ RunTime:0.0040s ]
SQL: SELECT o.*,u.username,c.* FROM xingchi_order o INNER JOIN xingchi_user u on o.user_id=u.user_id INNER JOIN xingchi_consignee c on o.cgn_id=c.cgn_id  WHERE `order_id` = '6' LIMIT 1   [ RunTime:0.0000s ]
SQL: SHOW COLUMNS FROM `xingchi_order_goods` [ RunTime:0.0040s ]
SQL: SELECT og.*,g.goods_name FROM xingchi_order_goods og INNER JOIN xingchi_goods g on og.goods_id=g.id  WHERE og.order_id = '6'  [ RunTime:0.0000s ]
INFO: [ view_parse ] --START--
INFO: [ template_filter ] --START--
INFO: Run Behavior\ContentReplaceBehavior [ RunTime:0.000000s ]
INFO: [ template_filter ] --END-- [ RunTime:0.000000s ]
NOTIC: [8] Undefined index:  E:\CZwj\xingchi\Application\Runtime\Cache\Admin\badcf48b869e2273f2c1c9046770822d.php 第 90 行.
INFO: Run Behavior\ParseTemplateBehavior [ RunTime:0.018001s ]
INFO: [ view_parse ] --END-- [ RunTime:0.018001s ]
INFO: [ view_filter ] --START--
INFO: Run Behavior\WriteHtmlCacheBehavior [ RunTime:0.001000s ]
INFO: [ view_filter ] --END-- [ RunTime:0.001000s ]
INFO: [ app_end ] --START--
INFO: Run Behavior\ShowPageTraceBehavior [ RunTime:0.000000s ]
INFO: [ app_end ] --END-- [ RunTime:0.000000s ]

[ 2017-04-08T00:14:37+08:00 ] 127.0.0.1 /index.php/Admin/Order/showlist
INFO: [ app_init ] --START--
INFO: Run Behavior\BuildLiteBehavior [ RunTime:0.000000s ]
INFO: [ app_init ] --END-- [ RunTime:0.001000s ]
INFO: [ app_begin ] --START--
INFO: Run Behavior\ReadHtmlCacheBehavior [ RunTime:0.001001s ]
INFO: [ app_begin ] --END-- [ RunTime:0.001001s ]
SQL: SHOW COLUMNS FROM `xingchi_order` [ RunTime:0.0040s ]
SQL: SELECT * FROM `xingchi_order` ORDER BY order_id desc  [ RunTime:0.0010s ]
INFO: [ view_parse ] --START--
INFO: [ template_filter ] --START--
INFO: Run Behavior\ContentReplaceBehavior [ RunTime:0.000000s ]
INFO: [ template_filter ] --END-- [ RunTime:0.000000s ]
INFO: Run Behavior\ParseTemplateBehavior [ RunTime:0.040002s ]
INFO: [ view_parse ] --END-- [ RunTime:0.040002s ]
INFO: [ view_filter ] --START--
INFO: Run Behavior\WriteHtmlCacheBehavior [ RunTime:0.000000s ]
INFO: [ view_filter ] --END-- [ RunTime:0.000000s ]
INFO: [ app_end ] --START--
INFO: Run Behavior\ShowPageTraceBehavior [ RunTime:0.001000s ]
INFO: [ app_end ] --END-- [ RunTime:0.001000s ]

[ 2017-04-08T00:14:39+08:00 ] 127.0.0.1 /index.php/Admin/Order/detail/order_id/3.html
INFO: [ app_init ] --START--
INFO: Run Behavior\BuildLiteBehavior [ RunTime:0.000000s ]
INFO: [ app_init ] --END-- [ RunTime:0.001001s ]
INFO: [ app_begin ] --START--
INFO: Run Behavior\ReadHtmlCacheBehavior [ RunTime:0.001000s ]
INFO: [ app_begin ] --END-- [ RunTime:0.001000s ]
SQL: SHOW COLUMNS FROM `xingchi_order` [ RunTime:0.0040s ]
SQL: SELECT o.*,u.username,c.* FROM xingchi_order o INNER JOIN xingchi_user u on o.user_id=u.user_id INNER JOIN xingchi_consignee c on o.cgn_id=c.cgn_id  WHERE `order_id` = '3' LIMIT 1   [ RunTime:0.0000s ]
SQL: SHOW COLUMNS FROM `xingchi_order_goods` [ RunTime:0.0060s ]
SQL: SELECT og.*,g.goods_name FROM xingchi_order_goods og INNER JOIN xingchi_goods g on og.goods_id=g.id  WHERE og.order_id = '3'  [ RunTime:0.0010s ]
INFO: [ view_parse ] --START--
INFO: [ template_filter ] --START--
INFO: Run Behavior\ContentReplaceBehavior [ RunTime:0.000000s ]
INFO: [ template_filter ] --END-- [ RunTime:0.000000s ]
NOTIC: [8] Undefined index:  E:\CZwj\xingchi\Application\Runtime\Cache\Admin\badcf48b869e2273f2c1c9046770822d.php 第 90 行.
INFO: Run Behavior\ParseTemplateBehavior [ RunTime:0.009001s ]
INFO: [ view_parse ] --END-- [ RunTime:0.009001s ]
INFO: [ view_filter ] --START--
INFO: Run Behavior\WriteHtmlCacheBehavior [ RunTime:0.000000s ]
INFO: [ view_filter ] --END-- [ RunTime:0.001000s ]
INFO: [ app_end ] --START--
INFO: Run Behavior\ShowPageTraceBehavior [ RunTime:0.000000s ]
INFO: [ app_end ] --END-- [ RunTime:0.000000s ]

[ 2017-04-08T00:15:41+08:00 ] 127.0.0.1 /index.php/Admin/Order/detail/order_id/3.html
INFO: [ app_init ] --START--
INFO: Run Behavior\BuildLiteBehavior [ RunTime:0.000000s ]
INFO: [ app_init ] --END-- [ RunTime:0.000000s ]
INFO: [ app_begin ] --START--
INFO: Run Behavior\ReadHtmlCacheBehavior [ RunTime:0.001000s ]
INFO: [ app_begin ] --END-- [ RunTime:0.001000s ]
SQL: SHOW COLUMNS FROM `xingchi_order` [ RunTime:0.0050s ]
SQL: SELECT o.*,u.username,c.* FROM xingchi_order o INNER JOIN xingchi_user u on o.user_id=u.user_id INNER JOIN xingchi_consignee c on o.cgn_id=c.cgn_id  WHERE `order_id` = '3' LIMIT 1   [ RunTime:0.0010s ]
SQL: SHOW COLUMNS FROM `xingchi_order_goods` [ RunTime:0.0030s ]
SQL: SELECT og.*,g.goods_name FROM xingchi_order_goods og INNER JOIN xingchi_goods g on og.goods_id=g.id  WHERE og.order_id = '3'  [ RunTime:0.0000s ]

[ 2017-04-08T00:16:11+08:00 ] 127.0.0.1 /index.php/Admin/Order/detail/order_id/3.html
INFO: [ app_init ] --START--
INFO: Run Behavior\BuildLiteBehavior [ RunTime:0.000000s ]
INFO: [ app_init ] --END-- [ RunTime:0.001000s ]
INFO: [ app_begin ] --START--
INFO: Run Behavior\ReadHtmlCacheBehavior [ RunTime:0.000000s ]
INFO: [ app_begin ] --END-- [ RunTime:0.000000s ]
SQL: SHOW COLUMNS FROM `xingchi_order` [ RunTime:0.0050s ]
SQL: SELECT o.*,u.username,c.* FROM xingchi_order o INNER JOIN xingchi_user u on o.user_id=u.user_id INNER JOIN xingchi_consignee c on o.cgn_id=c.cgn_id  WHERE `order_id` = '3' LIMIT 1   [ RunTime:0.0000s ]
SQL: SHOW COLUMNS FROM `xingchi_order_goods` [ RunTime:0.0050s ]
SQL: SELECT og.*,g.goods_name FROM xingchi_order_goods og INNER JOIN xingchi_goods g on og.goods_id=g.id  WHERE og.order_id = '3'  [ RunTime:0.0000s ]
INFO: [ view_parse ] --START--
INFO: [ template_filter ] --START--
INFO: Run Behavior\ContentReplaceBehavior [ RunTime:0.001000s ]
INFO: [ template_filter ] --END-- [ RunTime:0.001000s ]
NOTIC: [8] Undefined index:  E:\CZwj\xingchi\Application\Runtime\Cache\Admin\badcf48b869e2273f2c1c9046770822d.php 第 90 行.
INFO: Run Behavior\ParseTemplateBehavior [ RunTime:0.010000s ]
INFO: [ view_parse ] --END-- [ RunTime:0.010000s ]
INFO: [ view_filter ] --START--
INFO: Run Behavior\WriteHtmlCacheBehavior [ RunTime:0.000000s ]
INFO: [ view_filter ] --END-- [ RunTime:0.000000s ]
INFO: [ app_end ] --START--
INFO: Run Behavior\ShowPageTraceBehavior [ RunTime:0.001000s ]
INFO: [ app_end ] --END-- [ RunTime:0.001000s ]

[ 2017-04-08T01:07:57+08:00 ] 127.0.0.1 /index.php/Admin/Order/detail/order_id/3.html
INFO: [ app_init ] --START--
INFO: Run Behavior\BuildLiteBehavior [ RunTime:0.000000s ]
INFO: [ app_init ] --END-- [ RunTime:0.001000s ]
INFO: [ app_begin ] --START--
INFO: Run Behavior\ReadHtmlCacheBehavior [ RunTime:0.001000s ]
INFO: [ app_begin ] --END-- [ RunTime:0.001000s ]
SQL: SHOW COLUMNS FROM `xingchi_order` [ RunTime:0.0090s ]
ERR: 1146:Table 'xingchi.xingchi_user' doesn't exist
 [ SQL语句 ] : SELECT o.*,u.username,c.* FROM xingchi_order o INNER JOIN xingchi_user u on o.user_id=u.user_id INNER JOIN xingchi_consignee c on o.cgn_id=c.cgn_id  WHERE `order_id` = '3' LIMIT 1  
ERR: 1146:Table 'xingchi.xingchi_user' doesn't exist
 [ SQL语句 ] : SELECT o.*,u.username,c.* FROM xingchi_order o INNER JOIN xingchi_user u on o.user_id=u.user_id INNER JOIN xingchi_consignee c on o.cgn_id=c.cgn_id  WHERE `order_id` = '3' LIMIT 1  

[ 2017-04-08T01:08:20+08:00 ] 127.0.0.1 /index.php/Admin/Order/detail/order_id/3.html
INFO: [ app_init ] --START--
INFO: Run Behavior\BuildLiteBehavior [ RunTime:0.000000s ]
INFO: [ app_init ] --END-- [ RunTime:0.001000s ]
INFO: [ app_begin ] --START--
INFO: Run Behavior\ReadHtmlCacheBehavior [ RunTime:0.001000s ]
INFO: [ app_begin ] --END-- [ RunTime:0.001000s ]
SQL: SHOW COLUMNS FROM `xingchi_order` [ RunTime:0.0060s ]
ERR: 1146:Table 'xingchi.xingchi_user' doesn't exist
 [ SQL语句 ] : SELECT o.*,u.username,c.* FROM xingchi_order o INNER JOIN xingchi_user u on o.user_id=u.user_id INNER JOIN xingchi_consignee c on o.cgn_id=c.cgn_id  WHERE `order_id` = '3' LIMIT 1  
ERR: 1146:Table 'xingchi.xingchi_user' doesn't exist
 [ SQL语句 ] : SELECT o.*,u.username,c.* FROM xingchi_order o INNER JOIN xingchi_user u on o.user_id=u.user_id INNER JOIN xingchi_consignee c on o.cgn_id=c.cgn_id  WHERE `order_id` = '3' LIMIT 1  

[ 2017-04-08T01:08:21+08:00 ] 127.0.0.1 /index.php/Admin/Order/detail/order_id/3.html
INFO: [ app_init ] --START--
INFO: Run Behavior\BuildLiteBehavior [ RunTime:0.000000s ]
INFO: [ app_init ] --END-- [ RunTime:0.001000s ]
INFO: [ app_begin ] --START--
INFO: Run Behavior\ReadHtmlCacheBehavior [ RunTime:0.001000s ]
INFO: [ app_begin ] --END-- [ RunTime:0.001000s ]
SQL: SHOW COLUMNS FROM `xingchi_order` [ RunTime:0.0100s ]
ERR: 1146:Table 'xingchi.xingchi_user' doesn't exist
 [ SQL语句 ] : SELECT o.*,u.username,c.* FROM xingchi_order o INNER JOIN xingchi_user u on o.user_id=u.user_id INNER JOIN xingchi_consignee c on o.cgn_id=c.cgn_id  WHERE `order_id` = '3' LIMIT 1  
ERR: 1146:Table 'xingchi.xingchi_user' doesn't exist
 [ SQL语句 ] : SELECT o.*,u.username,c.* FROM xingchi_order o INNER JOIN xingchi_user u on o.user_id=u.user_id INNER JOIN xingchi_consignee c on o.cgn_id=c.cgn_id  WHERE `order_id` = '3' LIMIT 1  

[ 2017-04-08T01:08:21+08:00 ] 127.0.0.1 /index.php/Admin/Order/detail/order_id/3.html
INFO: [ app_init ] --START--
INFO: Run Behavior\BuildLiteBehavior [ RunTime:0.000000s ]
INFO: [ app_init ] --END-- [ RunTime:0.001000s ]
INFO: [ app_begin ] --START--
INFO: Run Behavior\ReadHtmlCacheBehavior [ RunTime:0.001000s ]
INFO: [ app_begin ] --END-- [ RunTime:0.001000s ]
SQL: SHOW COLUMNS FROM `xingchi_order` [ RunTime:0.0080s ]
ERR: 1146:Table 'xingchi.xingchi_user' doesn't exist
 [ SQL语句 ] : SELECT o.*,u.username,c.* FROM xingchi_order o INNER JOIN xingchi_user u on o.user_id=u.user_id INNER JOIN xingchi_consignee c on o.cgn_id=c.cgn_id  WHERE `order_id` = '3' LIMIT 1  
ERR: 1146:Table 'xingchi.xingchi_user' doesn't exist
 [ SQL语句 ] : SELECT o.*,u.username,c.* FROM xingchi_order o INNER JOIN xingchi_user u on o.user_id=u.user_id INNER JOIN xingchi_consignee c on o.cgn_id=c.cgn_id  WHERE `order_id` = '3' LIMIT 1  

[ 2017-04-08T01:08:22+08:00 ] 127.0.0.1 /index.php/Admin/Order/detail/order_id/3.html
INFO: [ app_init ] --START--
INFO: Run Behavior\BuildLiteBehavior [ RunTime:0.000000s ]
INFO: [ app_init ] --END-- [ RunTime:0.001000s ]
INFO: [ app_begin ] --START--
INFO: Run Behavior\ReadHtmlCacheBehavior [ RunTime:0.000000s ]
INFO: [ app_begin ] --END-- [ RunTime:0.000000s ]
SQL: SHOW COLUMNS FROM `xingchi_order` [ RunTime:0.0040s ]
ERR: 1146:Table 'xingchi.xingchi_user' doesn't exist
 [ SQL语句 ] : SELECT o.*,u.username,c.* FROM xingchi_order o INNER JOIN xingchi_user u on o.user_id=u.user_id INNER JOIN xingchi_consignee c on o.cgn_id=c.cgn_id  WHERE `order_id` = '3' LIMIT 1  
ERR: 1146:Table 'xingchi.xingchi_user' doesn't exist
 [ SQL语句 ] : SELECT o.*,u.username,c.* FROM xingchi_order o INNER JOIN xingchi_user u on o.user_id=u.user_id INNER JOIN xingchi_consignee c on o.cgn_id=c.cgn_id  WHERE `order_id` = '3' LIMIT 1  

[ 2017-04-08T01:08:23+08:00 ] 127.0.0.1 /index.php/Admin/Order/showlist
INFO: [ app_init ] --START--
INFO: Run Behavior\BuildLiteBehavior [ RunTime:0.000000s ]
INFO: [ app_init ] --END-- [ RunTime:0.001000s ]
INFO: [ app_begin ] --START--
INFO: Run Behavior\ReadHtmlCacheBehavior [ RunTime:0.001000s ]
INFO: [ app_begin ] --END-- [ RunTime:0.001000s ]
SQL: SHOW COLUMNS FROM `xingchi_order` [ RunTime:0.0060s ]
SQL: SELECT * FROM `xingchi_order` ORDER BY order_id desc  [ RunTime:0.0000s ]
INFO: [ view_parse ] --START--
INFO: [ template_filter ] --START--
INFO: Run Behavior\ContentReplaceBehavior [ RunTime:0.000000s ]
INFO: [ template_filter ] --END-- [ RunTime:0.000000s ]
INFO: Run Behavior\ParseTemplateBehavior [ RunTime:0.093005s ]
INFO: [ view_parse ] --END-- [ RunTime:0.093005s ]
INFO: [ view_filter ] --START--
INFO: Run Behavior\WriteHtmlCacheBehavior [ RunTime:0.015001s ]
INFO: [ view_filter ] --END-- [ RunTime:0.015001s ]
INFO: [ app_end ] --START--
INFO: Run Behavior\ShowPageTraceBehavior [ RunTime:0.001000s ]
INFO: [ app_end ] --END-- [ RunTime:0.001000s ]

[ 2017-04-08T01:08:27+08:00 ] 127.0.0.1 /index.php/Admin/Order/detail/order_id/1.html
INFO: [ app_init ] --START--
INFO: Run Behavior\BuildLiteBehavior [ RunTime:0.000000s ]
INFO: [ app_init ] --END-- [ RunTime:0.001000s ]
INFO: [ app_begin ] --START--
INFO: Run Behavior\ReadHtmlCacheBehavior [ RunTime:0.000000s ]
INFO: [ app_begin ] --END-- [ RunTime:0.000000s ]
SQL: SHOW COLUMNS FROM `xingchi_order` [ RunTime:0.0050s ]
ERR: 1146:Table 'xingchi.xingchi_user' doesn't exist
 [ SQL语句 ] : SELECT o.*,u.username,c.* FROM xingchi_order o INNER JOIN xingchi_user u on o.user_id=u.user_id INNER JOIN xingchi_consignee c on o.cgn_id=c.cgn_id  WHERE `order_id` = '1' LIMIT 1  
ERR: 1146:Table 'xingchi.xingchi_user' doesn't exist
 [ SQL语句 ] : SELECT o.*,u.username,c.* FROM xingchi_order o INNER JOIN xingchi_user u on o.user_id=u.user_id INNER JOIN xingchi_consignee c on o.cgn_id=c.cgn_id  WHERE `order_id` = '1' LIMIT 1  

[ 2017-04-08T01:08:34+08:00 ] 127.0.0.1 /index.php/Admin/Order/showlist
INFO: [ app_init ] --START--
INFO: Run Behavior\BuildLiteBehavior [ RunTime:0.000000s ]
INFO: [ app_init ] --END-- [ RunTime:0.001000s ]
INFO: [ app_begin ] --START--
INFO: Run Behavior\ReadHtmlCacheBehavior [ RunTime:0.000000s ]
INFO: [ app_begin ] --END-- [ RunTime:0.000000s ]
SQL: SHOW COLUMNS FROM `xingchi_order` [ RunTime:0.0060s ]
SQL: SELECT * FROM `xingchi_order` ORDER BY order_id desc  [ RunTime:0.0000s ]
INFO: [ view_parse ] --START--
INFO: [ template_filter ] --START--
INFO: Run Behavior\ContentReplaceBehavior [ RunTime:0.000000s ]
INFO: [ template_filter ] --END-- [ RunTime:0.000000s ]
INFO: Run Behavior\ParseTemplateBehavior [ RunTime:0.019001s ]
INFO: [ view_parse ] --END-- [ RunTime:0.020001s ]
INFO: [ view_filter ] --START--
INFO: Run Behavior\WriteHtmlCacheBehavior [ RunTime:0.000000s ]
INFO: [ view_filter ] --END-- [ RunTime:0.000000s ]
INFO: [ app_end ] --START--
INFO: Run Behavior\ShowPageTraceBehavior [ RunTime:0.000000s ]
INFO: [ app_end ] --END-- [ RunTime:0.000000s ]

[ 2017-04-08T01:09:05+08:00 ] 127.0.0.1 /index.php/Admin/Order/showlist
INFO: [ app_init ] --START--
INFO: Run Behavior\BuildLiteBehavior [ RunTime:0.000000s ]
INFO: [ app_init ] --END-- [ RunTime:0.000000s ]
INFO: [ app_begin ] --START--
INFO: Run Behavior\ReadHtmlCacheBehavior [ RunTime:0.000000s ]
INFO: [ app_begin ] --END-- [ RunTime:0.000000s ]
INFO: [ view_parse ] --START--
INFO: [ template_filter ] --START--
INFO: Run Behavior\ContentReplaceBehavior [ RunTime:0.000000s ]
INFO: [ template_filter ] --END-- [ RunTime:0.000000s ]
INFO: Run Behavior\ParseTemplateBehavior [ RunTime:0.031002s ]
INFO: [ view_parse ] --END-- [ RunTime:0.031002s ]
INFO: [ view_filter ] --START--
INFO: Run Behavior\WriteHtmlCacheBehavior [ RunTime:0.000000s ]
INFO: [ view_filter ] --END-- [ RunTime:0.000000s ]

[ 2017-04-08T01:09:10+08:00 ] 127.0.0.1 /index.php/Admin/Login/login.html
INFO: [ app_init ] --START--
INFO: Run Behavior\BuildLiteBehavior [ RunTime:0.000000s ]
INFO: [ app_init ] --END-- [ RunTime:0.000000s ]
INFO: [ app_begin ] --START--
INFO: Run Behavior\ReadHtmlCacheBehavior [ RunTime:0.001000s ]
INFO: [ app_begin ] --END-- [ RunTime:0.001000s ]
SQL: SHOW COLUMNS FROM `xingchi_admin` [ RunTime:0.2450s ]
INFO: [ view_parse ] --START--
INFO: [ template_filter ] --START--
INFO: Run Behavior\ContentReplaceBehavior [ RunTime:0.000000s ]
INFO: [ template_filter ] --END-- [ RunTime:0.001000s ]
INFO: Run Behavior\ParseTemplateBehavior [ RunTime:0.225013s ]
INFO: [ view_parse ] --END-- [ RunTime:0.225013s ]
INFO: [ view_filter ] --START--
INFO: Run Behavior\WriteHtmlCacheBehavior [ RunTime:0.000000s ]
INFO: [ view_filter ] --END-- [ RunTime:0.000000s ]
INFO: [ app_end ] --START--
INFO: Run Behavior\ShowPageTraceBehavior [ RunTime:0.001000s ]
INFO: [ app_end ] --END-- [ RunTime:0.001000s ]

[ 2017-04-08T01:09:13+08:00 ] 127.0.0.1 /index.php/Admin/Login/verify_code.html
INFO: [ app_init ] --START--
INFO: Run Behavior\BuildLiteBehavior [ RunTime:0.000000s ]
INFO: [ app_init ] --END-- [ RunTime:0.000000s ]
INFO: [ app_begin ] --START--
INFO: Run Behavior\ReadHtmlCacheBehavior [ RunTime:0.001000s ]
INFO: [ app_begin ] --END-- [ RunTime:0.001000s ]
NOTIC: [8] Use of undefined constant none - assumed 'none' E:\CZwj\xingchi\Application\Admin\Controller\LoginController.class.php 第 31 行.
INFO: [ app_end ] --START--
INFO: Run Behavior\ShowPageTraceBehavior [ RunTime:0.001000s ]
INFO: [ app_end ] --END-- [ RunTime:0.001000s ]

[ 2017-04-08T01:09:22+08:00 ] 127.0.0.1 /index.php/Admin/Login/login.html
INFO: [ app_init ] --START--
INFO: Run Behavior\BuildLiteBehavior [ RunTime:0.000000s ]
INFO: [ app_init ] --END-- [ RunTime:0.000000s ]
INFO: [ app_begin ] --START--
INFO: Run Behavior\ReadHtmlCacheBehavior [ RunTime:0.001000s ]
INFO: [ app_begin ] --END-- [ RunTime:0.001000s ]
SQL: SHOW COLUMNS FROM `xingchi_admin` [ RunTime:0.0040s ]
NOTIC: [8] Undefined index: auto E:\CZwj\xingchi\ThinkPHP\Library\Think\Model.class.php 第 1128 行.
SQL: SELECT * FROM `xingchi_admin` WHERE `user_name` = 'admin' LIMIT 1   [ RunTime:0.0010s ]
SQL: SHOW COLUMNS FROM `xingchi_admin` [ RunTime:0.0080s ]
SQL: UPDATE `xingchi_admin` SET `login_time`='1491584962',`last_login_ip`='2130706433' WHERE `id` = 1 [ RunTime:0.0010s ]
INFO: [ view_parse ] --START--
INFO: [ template_filter ] --START--
INFO: Run Behavior\ContentReplaceBehavior [ RunTime:0.000000s ]
INFO: [ template_filter ] --END-- [ RunTime:0.000000s ]
INFO: Run Behavior\ParseTemplateBehavior [ RunTime:0.033002s ]
INFO: [ view_parse ] --END-- [ RunTime:0.033002s ]
INFO: [ view_filter ] --START--
INFO: Run Behavior\WriteHtmlCacheBehavior [ RunTime:0.000000s ]
INFO: [ view_filter ] --END-- [ RunTime:0.000000s ]

[ 2017-04-08T01:09:23+08:00 ] 127.0.0.1 /index.php/Admin/Index/index.html
INFO: [ app_init ] --START--
INFO: Run Behavior\BuildLiteBehavior [ RunTime:0.000000s ]
INFO: [ app_init ] --END-- [ RunTime:0.001000s ]
INFO: [ app_begin ] --START--
INFO: Run Behavior\ReadHtmlCacheBehavior [ RunTime:0.001000s ]
INFO: [ app_begin ] --END-- [ RunTime:0.001000s ]
SQL: SHOW COLUMNS FROM `xingchi_privilege` [ RunTime:0.0450s ]
SQL: SELECT * FROM `xingchi_privilege`  [ RunTime:0.0010s ]
INFO: [ view_parse ] --START--
INFO: [ template_filter ] --START--
INFO: Run Behavior\ContentReplaceBehavior [ RunTime:0.000000s ]
INFO: [ template_filter ] --END-- [ RunTime:0.000000s ]
NOTIC: [8] Undefined variable: sel_name E:\CZwj\xingchi\Application\Runtime\Cache\Admin\b595b808c2ebeeeb0478ffc30bb4e87a.php 第 570 行.
NOTIC: [8] Undefined variable: sel_name E:\CZwj\xingchi\Application\Runtime\Cache\Admin\b595b808c2ebeeeb0478ffc30bb4e87a.php 第 570 行.
NOTIC: [8] Undefined variable: sel_name E:\CZwj\xingchi\Application\Runtime\Cache\Admin\b595b808c2ebeeeb0478ffc30bb4e87a.php 第 570 行.
NOTIC: [8] Undefined variable: sel_name E:\CZwj\xingchi\Application\Runtime\Cache\Admin\b595b808c2ebeeeb0478ffc30bb4e87a.php 第 570 行.
NOTIC: [8] Undefined variable: sel_name E:\CZwj\xingchi\Application\Runtime\Cache\Admin\b595b808c2ebeeeb0478ffc30bb4e87a.php 第 570 行.
NOTIC: [8] Undefined variable: sel_name E:\CZwj\xingchi\Application\Runtime\Cache\Admin\b595b808c2ebeeeb0478ffc30bb4e87a.php 第 570 行.
INFO: Run Behavior\ParseTemplateBehavior [ RunTime:0.154008s ]
INFO: [ view_parse ] --END-- [ RunTime:0.154008s ]
INFO: [ view_filter ] --START--
INFO: Run Behavior\WriteHtmlCacheBehavior [ RunTime:0.000000s ]
INFO: [ view_filter ] --END-- [ RunTime:0.000000s ]
INFO: [ app_end ] --START--
INFO: Run Behavior\ShowPageTraceBehavior [ RunTime:0.002001s ]
INFO: [ app_end ] --END-- [ RunTime:0.002001s ]

[ 2017-04-08T01:09:29+08:00 ] 127.0.0.1 /index.php/Admin/Order/showlist
INFO: [ app_init ] --START--
INFO: Run Behavior\BuildLiteBehavior [ RunTime:0.000000s ]
INFO: [ app_init ] --END-- [ RunTime:0.001000s ]
INFO: [ app_begin ] --START--
INFO: Run Behavior\ReadHtmlCacheBehavior [ RunTime:0.001000s ]
INFO: [ app_begin ] --END-- [ RunTime:0.001000s ]
SQL: SHOW COLUMNS FROM `xingchi_order` [ RunTime:0.0050s ]
SQL: SELECT * FROM `xingchi_order` ORDER BY order_id desc  [ RunTime:0.0000s ]
INFO: [ view_parse ] --START--
INFO: [ template_filter ] --START--
INFO: Run Behavior\ContentReplaceBehavior [ RunTime:0.000000s ]
INFO: [ template_filter ] --END-- [ RunTime:0.000000s ]
INFO: Run Behavior\ParseTemplateBehavior [ RunTime:0.012000s ]
INFO: [ view_parse ] --END-- [ RunTime:0.012000s ]
INFO: [ view_filter ] --START--
INFO: Run Behavior\WriteHtmlCacheBehavior [ RunTime:0.000000s ]
INFO: [ view_filter ] --END-- [ RunTime:0.000000s ]
INFO: [ app_end ] --START--
INFO: Run Behavior\ShowPageTraceBehavior [ RunTime:0.000000s ]
INFO: [ app_end ] --END-- [ RunTime:0.000000s ]

[ 2017-04-08T01:09:32+08:00 ] 127.0.0.1 /index.php/Admin/Order/detail/order_id/1.html
INFO: [ app_init ] --START--
INFO: Run Behavior\BuildLiteBehavior [ RunTime:0.000000s ]
INFO: [ app_init ] --END-- [ RunTime:0.001000s ]
INFO: [ app_begin ] --START--
INFO: Run Behavior\ReadHtmlCacheBehavior [ RunTime:0.000000s ]
INFO: [ app_begin ] --END-- [ RunTime:0.000000s ]
SQL: SHOW COLUMNS FROM `xingchi_order` [ RunTime:0.0070s ]
ERR: 1146:Table 'xingchi.xingchi_user' doesn't exist
 [ SQL语句 ] : SELECT o.*,u.username,c.* FROM xingchi_order o INNER JOIN xingchi_user u on o.user_id=u.user_id INNER JOIN xingchi_consignee c on o.cgn_id=c.cgn_id  WHERE `order_id` = '1' LIMIT 1  
ERR: 1146:Table 'xingchi.xingchi_user' doesn't exist
 [ SQL语句 ] : SELECT o.*,u.username,c.* FROM xingchi_order o INNER JOIN xingchi_user u on o.user_id=u.user_id INNER JOIN xingchi_consignee c on o.cgn_id=c.cgn_id  WHERE `order_id` = '1' LIMIT 1  

[ 2017-04-08T01:09:53+08:00 ] 127.0.0.1 /index.php/Admin/Order/detail/order_id/1.html
INFO: [ app_init ] --START--
INFO: Run Behavior\BuildLiteBehavior [ RunTime:0.001000s ]
INFO: [ app_init ] --END-- [ RunTime:0.001000s ]
INFO: [ app_begin ] --START--
INFO: Run Behavior\ReadHtmlCacheBehavior [ RunTime:0.001000s ]
INFO: [ app_begin ] --END-- [ RunTime:0.001000s ]
SQL: SHOW COLUMNS FROM `xingchi_order` [ RunTime:0.0060s ]
SQL: SELECT o.*,u.username,c.* FROM xingchi_order o INNER JOIN user u on o.user_id=u.user_id INNER JOIN xingchi_consignee c on o.cgn_id=c.cgn_id  WHERE `order_id` = '1' LIMIT 1   [ RunTime:0.0010s ]
SQL: SHOW COLUMNS FROM `xingchi_order_goods` [ RunTime:0.0080s ]
SQL: SELECT og.*,g.goods_name FROM xingchi_order_goods og INNER JOIN xingchi_goods g on og.goods_id=g.id  WHERE og.order_id = '1'  [ RunTime:0.0010s ]
INFO: [ view_parse ] --START--
INFO: [ template_filter ] --START--
INFO: Run Behavior\ContentReplaceBehavior [ RunTime:0.000000s ]
INFO: [ template_filter ] --END-- [ RunTime:0.000000s ]
INFO: Run Behavior\ParseTemplateBehavior [ RunTime:0.060004s ]
INFO: [ view_parse ] --END-- [ RunTime:0.060004s ]
INFO: [ view_filter ] --START--
INFO: Run Behavior\WriteHtmlCacheBehavior [ RunTime:0.001000s ]
INFO: [ view_filter ] --END-- [ RunTime:0.001000s ]
INFO: [ app_end ] --START--
INFO: Run Behavior\ShowPageTraceBehavior [ RunTime:0.001000s ]
INFO: [ app_end ] --END-- [ RunTime:0.001000s ]

[ 2017-04-08T01:10:15+08:00 ] 127.0.0.1 /index.php/Admin/Order/detail/order_id/1.html
INFO: [ app_init ] --START--
INFO: Run Behavior\BuildLiteBehavior [ RunTime:0.000000s ]
INFO: [ app_init ] --END-- [ RunTime:0.001000s ]
INFO: [ app_begin ] --START--
INFO: Run Behavior\ReadHtmlCacheBehavior [ RunTime:0.000000s ]
INFO: [ app_begin ] --END-- [ RunTime:0.000000s ]
SQL: SHOW COLUMNS FROM `xingchi_order` [ RunTime:0.0060s ]
SQL: SELECT o.*,u.username,c.* FROM xingchi_order o INNER JOIN user u on o.user_id=u.user_id INNER JOIN xingchi_consignee c on o.cgn_id=c.cgn_id  WHERE `order_id` = '1' LIMIT 1   [ RunTime:0.0000s ]
SQL: SHOW COLUMNS FROM `xingchi_order_goods` [ RunTime:0.0060s ]
SQL: SELECT og.*,g.goods_name FROM xingchi_order_goods og INNER JOIN xingchi_goods g on og.goods_id=g.id  WHERE og.order_id = '1'  [ RunTime:0.0010s ]
INFO: [ view_parse ] --START--
INFO: [ template_filter ] --START--
INFO: Run Behavior\ContentReplaceBehavior [ RunTime:0.000000s ]
INFO: [ template_filter ] --END-- [ RunTime:0.000000s ]
INFO: Run Behavior\ParseTemplateBehavior [ RunTime:0.028002s ]
INFO: [ view_parse ] --END-- [ RunTime:0.028002s ]
INFO: [ view_filter ] --START--
INFO: Run Behavior\WriteHtmlCacheBehavior [ RunTime:0.000000s ]
INFO: [ view_filter ] --END-- [ RunTime:0.000000s ]
INFO: [ app_end ] --START--
INFO: Run Behavior\ShowPageTraceBehavior [ RunTime:0.001000s ]
INFO: [ app_end ] --END-- [ RunTime:0.001000s ]

[ 2017-04-08T01:10:20+08:00 ] 127.0.0.1 /index.php/Admin/Order/detail/order_id/6.html
INFO: [ app_init ] --START--
INFO: Run Behavior\BuildLiteBehavior [ RunTime:0.000000s ]
INFO: [ app_init ] --END-- [ RunTime:0.001000s ]
INFO: [ app_begin ] --START--
INFO: Run Behavior\ReadHtmlCacheBehavior [ RunTime:0.001000s ]
INFO: [ app_begin ] --END-- [ RunTime:0.001000s ]
SQL: SHOW COLUMNS FROM `xingchi_order` [ RunTime:0.0090s ]
SQL: SELECT o.*,u.username,c.* FROM xingchi_order o INNER JOIN user u on o.user_id=u.user_id INNER JOIN xingchi_consignee c on o.cgn_id=c.cgn_id  WHERE `order_id` = '6' LIMIT 1   [ RunTime:0.0010s ]
SQL: SHOW COLUMNS FROM `xingchi_order_goods` [ RunTime:0.0080s ]
SQL: SELECT og.*,g.goods_name FROM xingchi_order_goods og INNER JOIN xingchi_goods g on og.goods_id=g.id  WHERE og.order_id = '6'  [ RunTime:0.0000s ]
INFO: [ view_parse ] --START--
INFO: [ template_filter ] --START--
INFO: Run Behavior\ContentReplaceBehavior [ RunTime:0.000000s ]
INFO: [ template_filter ] --END-- [ RunTime:0.000000s ]
INFO: Run Behavior\ParseTemplateBehavior [ RunTime:0.021001s ]
INFO: [ view_parse ] --END-- [ RunTime:0.022001s ]
INFO: [ view_filter ] --START--
INFO: Run Behavior\WriteHtmlCacheBehavior [ RunTime:0.000000s ]
INFO: [ view_filter ] --END-- [ RunTime:0.000000s ]
INFO: [ app_end ] --START--
INFO: Run Behavior\ShowPageTraceBehavior [ RunTime:0.001000s ]
INFO: [ app_end ] --END-- [ RunTime:0.001000s ]

[ 2017-04-08T01:10:24+08:00 ] 127.0.0.1 /index.php/Admin/Order/detail/order_id/11.html
INFO: [ app_init ] --START--
INFO: Run Behavior\BuildLiteBehavior [ RunTime:0.000000s ]
INFO: [ app_init ] --END-- [ RunTime:0.001000s ]
INFO: [ app_begin ] --START--
INFO: Run Behavior\ReadHtmlCacheBehavior [ RunTime:0.001000s ]
INFO: [ app_begin ] --END-- [ RunTime:0.001000s ]
SQL: SHOW COLUMNS FROM `xingchi_order` [ RunTime:0.0090s ]
SQL: SELECT o.*,u.username,c.* FROM xingchi_order o INNER JOIN user u on o.user_id=u.user_id INNER JOIN xingchi_consignee c on o.cgn_id=c.cgn_id  WHERE `order_id` = '11' LIMIT 1   [ RunTime:0.0010s ]
SQL: SHOW COLUMNS FROM `xingchi_order_goods` [ RunTime:0.0090s ]
SQL: SELECT og.*,g.goods_name FROM xingchi_order_goods og INNER JOIN xingchi_goods g on og.goods_id=g.id  WHERE og.order_id = '11'  [ RunTime:0.0010s ]
INFO: [ view_parse ] --START--
INFO: [ template_filter ] --START--
INFO: Run Behavior\ContentReplaceBehavior [ RunTime:0.000000s ]
INFO: [ template_filter ] --END-- [ RunTime:0.001000s ]
NOTIC: [8] Undefined index:  E:\CZwj\xingchi\Application\Runtime\Cache\Admin\badcf48b869e2273f2c1c9046770822d.php 第 90 行.
INFO: Run Behavior\ParseTemplateBehavior [ RunTime:0.024002s ]
INFO: [ view_parse ] --END-- [ RunTime:0.024002s ]
INFO: [ view_filter ] --START--
INFO: Run Behavior\WriteHtmlCacheBehavior [ RunTime:0.000000s ]
INFO: [ view_filter ] --END-- [ RunTime:0.000000s ]
INFO: [ app_end ] --START--
INFO: Run Behavior\ShowPageTraceBehavior [ RunTime:0.001000s ]
INFO: [ app_end ] --END-- [ RunTime:0.001000s ]

[ 2017-04-08T01:10:31+08:00 ] 127.0.0.1 /index.php/Admin/Order/detail/order_id/1.html
INFO: [ app_init ] --START--
INFO: Run Behavior\BuildLiteBehavior [ RunTime:0.000000s ]
INFO: [ app_init ] --END-- [ RunTime:0.000000s ]
INFO: [ app_begin ] --START--
INFO: Run Behavior\ReadHtmlCacheBehavior [ RunTime:0.001000s ]
INFO: [ app_begin ] --END-- [ RunTime:0.001000s ]
SQL: SHOW COLUMNS FROM `xingchi_order` [ RunTime:0.0090s ]
SQL: SELECT o.*,u.username,c.* FROM xingchi_order o INNER JOIN user u on o.user_id=u.user_id INNER JOIN xingchi_consignee c on o.cgn_id=c.cgn_id  WHERE `order_id` = '1' LIMIT 1   [ RunTime:0.0000s ]
SQL: SHOW COLUMNS FROM `xingchi_order_goods` [ RunTime:0.0080s ]
SQL: SELECT og.*,g.goods_name FROM xingchi_order_goods og INNER JOIN xingchi_goods g on og.goods_id=g.id  WHERE og.order_id = '1'  [ RunTime:0.0010s ]
INFO: [ view_parse ] --START--
INFO: [ template_filter ] --START--
INFO: Run Behavior\ContentReplaceBehavior [ RunTime:0.000000s ]
INFO: [ template_filter ] --END-- [ RunTime:0.000000s ]
INFO: Run Behavior\ParseTemplateBehavior [ RunTime:0.055003s ]
INFO: [ view_parse ] --END-- [ RunTime:0.055003s ]
INFO: [ view_filter ] --START--
INFO: Run Behavior\WriteHtmlCacheBehavior [ RunTime:0.000000s ]
INFO: [ view_filter ] --END-- [ RunTime:0.000000s ]
INFO: [ app_end ] --START--
INFO: Run Behavior\ShowPageTraceBehavior [ RunTime:0.001000s ]
INFO: [ app_end ] --END-- [ RunTime:0.001000s ]

[ 2017-04-08T01:10:36+08:00 ] 127.0.0.1 /index.php/Admin/Order/detail/order_id/2.html
INFO: [ app_init ] --START--
INFO: Run Behavior\BuildLiteBehavior [ RunTime:0.000000s ]
INFO: [ app_init ] --END-- [ RunTime:0.000000s ]
INFO: [ app_begin ] --START--
INFO: Run Behavior\ReadHtmlCacheBehavior [ RunTime:0.000000s ]
INFO: [ app_begin ] --END-- [ RunTime:0.000000s ]
SQL: SHOW COLUMNS FROM `xingchi_order` [ RunTime:0.0070s ]
SQL: SELECT o.*,u.username,c.* FROM xingchi_order o INNER JOIN user u on o.user_id=u.user_id INNER JOIN xingchi_consignee c on o.cgn_id=c.cgn_id  WHERE `order_id` = '2' LIMIT 1   [ RunTime:0.0010s ]
SQL: SHOW COLUMNS FROM `xingchi_order_goods` [ RunTime:0.0060s ]
SQL: SELECT og.*,g.goods_name FROM xingchi_order_goods og INNER JOIN xingchi_goods g on og.goods_id=g.id  WHERE og.order_id = '2'  [ RunTime:0.0010s ]
INFO: [ view_parse ] --START--
INFO: [ template_filter ] --START--
INFO: Run Behavior\ContentReplaceBehavior [ RunTime:0.000000s ]
INFO: [ template_filter ] --END-- [ RunTime:0.000000s ]
INFO: Run Behavior\ParseTemplateBehavior [ RunTime:0.019001s ]
INFO: [ view_parse ] --END-- [ RunTime:0.019001s ]
INFO: [ view_filter ] --START--
INFO: Run Behavior\WriteHtmlCacheBehavior [ RunTime:0.000000s ]
INFO: [ view_filter ] --END-- [ RunTime:0.000000s ]
INFO: [ app_end ] --START--
INFO: Run Behavior\ShowPageTraceBehavior [ RunTime:0.001001s ]
INFO: [ app_end ] --END-- [ RunTime:0.001001s ]

[ 2017-04-08T01:19:42+08:00 ] 127.0.0.1 /index.php/Admin/Order/detail/order_id/1.html
INFO: [ app_init ] --START--
INFO: Run Behavior\BuildLiteBehavior [ RunTime:0.000000s ]
INFO: [ app_init ] --END-- [ RunTime:0.000000s ]
INFO: [ app_begin ] --START--
INFO: Run Behavior\ReadHtmlCacheBehavior [ RunTime:0.000000s ]
INFO: [ app_begin ] --END-- [ RunTime:0.000000s ]
SQL: SHOW COLUMNS FROM `xingchi_order` [ RunTime:0.0040s ]
SQL: SELECT o.*,u.username,c.* FROM xingchi_order o INNER JOIN user u on o.user_id=u.user_id INNER JOIN xingchi_consignee c on o.cgn_id=c.cgn_id  WHERE `order_id` = '1' LIMIT 1   [ RunTime:0.0010s ]
SQL: SHOW COLUMNS FROM `xingchi_order_goods` [ RunTime:0.0040s ]
SQL: SELECT og.*,g.goods_name FROM xingchi_order_goods og INNER JOIN xingchi_goods g on og.goods_id=g.id  WHERE og.order_id = '1'  [ RunTime:0.0010s ]
INFO: [ view_parse ] --START--
INFO: [ template_filter ] --START--
INFO: Run Behavior\ContentReplaceBehavior [ RunTime:0.000000s ]
INFO: [ template_filter ] --END-- [ RunTime:0.000000s ]
INFO: Run Behavior\ParseTemplateBehavior [ RunTime:0.018001s ]
INFO: [ view_parse ] --END-- [ RunTime:0.018001s ]
INFO: [ view_filter ] --START--
INFO: Run Behavior\WriteHtmlCacheBehavior [ RunTime:0.000000s ]
INFO: [ view_filter ] --END-- [ RunTime:0.000000s ]
INFO: [ app_end ] --START--
INFO: Run Behavior\ShowPageTraceBehavior [ RunTime:0.000000s ]
INFO: [ app_end ] --END-- [ RunTime:0.000000s ]

[ 2017-04-08T01:22:53+08:00 ] 127.0.0.1 /index.php/Admin/Order/showlist
INFO: [ app_init ] --START--
INFO: Run Behavior\BuildLiteBehavior [ RunTime:0.000000s ]
INFO: [ app_init ] --END-- [ RunTime:0.001000s ]
INFO: [ app_begin ] --START--
INFO: Run Behavior\ReadHtmlCacheBehavior [ RunTime:0.001000s ]
INFO: [ app_begin ] --END-- [ RunTime:0.001000s ]
SQL: SHOW COLUMNS FROM `xingchi_order` [ RunTime:0.0060s ]
SQL: SELECT * FROM `xingchi_order` ORDER BY order_id desc  [ RunTime:0.0010s ]
INFO: [ view_parse ] --START--
INFO: [ template_filter ] --START--
INFO: Run Behavior\ContentReplaceBehavior [ RunTime:0.000000s ]
INFO: [ template_filter ] --END-- [ RunTime:0.000000s ]
INFO: Run Behavior\ParseTemplateBehavior [ RunTime:0.016001s ]
INFO: [ view_parse ] --END-- [ RunTime:0.016001s ]
INFO: [ view_filter ] --START--
INFO: Run Behavior\WriteHtmlCacheBehavior [ RunTime:0.001000s ]
INFO: [ view_filter ] --END-- [ RunTime:0.001000s ]
INFO: [ app_end ] --START--
INFO: Run Behavior\ShowPageTraceBehavior [ RunTime:0.001000s ]
INFO: [ app_end ] --END-- [ RunTime:0.001000s ]

[ 2017-04-08T01:22:55+08:00 ] 127.0.0.1 /index.php/Admin/Order/detail/order_id/2.html
INFO: [ app_init ] --START--
INFO: Run Behavior\BuildLiteBehavior [ RunTime:0.000000s ]
INFO: [ app_init ] --END-- [ RunTime:0.001000s ]
INFO: [ app_begin ] --START--
INFO: Run Behavior\ReadHtmlCacheBehavior [ RunTime:0.001000s ]
INFO: [ app_begin ] --END-- [ RunTime:0.001000s ]
SQL: SHOW COLUMNS FROM `xingchi_order` [ RunTime:0.0050s ]
SQL: SELECT o.*,u.username,c.* FROM xingchi_order o INNER JOIN user u on o.user_id=u.user_id INNER JOIN xingchi_consignee c on o.cgn_id=c.cgn_id  WHERE `order_id` = '2' LIMIT 1   [ RunTime:0.0000s ]
SQL: SHOW COLUMNS FROM `xingchi_order_goods` [ RunTime:0.0070s ]
SQL: SELECT og.*,g.goods_name FROM xingchi_order_goods og INNER JOIN xingchi_goods g on og.goods_id=g.id  WHERE og.order_id = '2'  [ RunTime:0.0000s ]
INFO: [ view_parse ] --START--
INFO: [ template_filter ] --START--
INFO: Run Behavior\ContentReplaceBehavior [ RunTime:0.000000s ]
INFO: [ template_filter ] --END-- [ RunTime:0.000000s ]
INFO: Run Behavior\ParseTemplateBehavior [ RunTime:0.019001s ]
INFO: [ view_parse ] --END-- [ RunTime:0.019001s ]
INFO: [ view_filter ] --START--
INFO: Run Behavior\WriteHtmlCacheBehavior [ RunTime:0.000000s ]
INFO: [ view_filter ] --END-- [ RunTime:0.000000s ]
INFO: [ app_end ] --START--
INFO: Run Behavior\ShowPageTraceBehavior [ RunTime:0.000000s ]
INFO: [ app_end ] --END-- [ RunTime:0.000000s ]

[ 2017-04-08T01:22:59+08:00 ] 127.0.0.1 /index.php/Admin/Order/detail/order_id/12.html
INFO: [ app_init ] --START--
INFO: Run Behavior\BuildLiteBehavior [ RunTime:0.000000s ]
INFO: [ app_init ] --END-- [ RunTime:0.001000s ]
INFO: [ app_begin ] --START--
INFO: Run Behavior\ReadHtmlCacheBehavior [ RunTime:0.001000s ]
INFO: [ app_begin ] --END-- [ RunTime:0.001000s ]
SQL: SHOW COLUMNS FROM `xingchi_order` [ RunTime:0.0080s ]
SQL: SELECT o.*,u.username,c.* FROM xingchi_order o INNER JOIN user u on o.user_id=u.user_id INNER JOIN xingchi_consignee c on o.cgn_id=c.cgn_id  WHERE `order_id` = '12' LIMIT 1   [ RunTime:0.0000s ]
SQL: SHOW COLUMNS FROM `xingchi_order_goods` [ RunTime:0.0080s ]
SQL: SELECT og.*,g.goods_name FROM xingchi_order_goods og INNER JOIN xingchi_goods g on og.goods_id=g.id  WHERE og.order_id = '12'  [ RunTime:0.0000s ]
INFO: [ view_parse ] --START--
INFO: [ template_filter ] --START--
INFO: Run Behavior\ContentReplaceBehavior [ RunTime:0.001000s ]
INFO: [ template_filter ] --END-- [ RunTime:0.001000s ]
INFO: Run Behavior\ParseTemplateBehavior [ RunTime:0.035002s ]
INFO: [ view_parse ] --END-- [ RunTime:0.035002s ]
INFO: [ view_filter ] --START--
INFO: Run Behavior\WriteHtmlCacheBehavior [ RunTime:0.001000s ]
INFO: [ view_filter ] --END-- [ RunTime:0.001000s ]
INFO: [ app_end ] --START--
INFO: Run Behavior\ShowPageTraceBehavior [ RunTime:0.000000s ]
INFO: [ app_end ] --END-- [ RunTime:0.000000s ]

[ 2017-04-08T01:33:26+08:00 ] 127.0.0.1 /index.php/Admin/Order/showlist
INFO: [ app_init ] --START--
INFO: Run Behavior\BuildLiteBehavior [ RunTime:0.000000s ]
INFO: [ app_init ] --END-- [ RunTime:0.001000s ]
INFO: [ app_begin ] --START--
INFO: Run Behavior\ReadHtmlCacheBehavior [ RunTime:0.001001s ]
INFO: [ app_begin ] --END-- [ RunTime:0.001001s ]
SQL: SHOW COLUMNS FROM `xingchi_order` [ RunTime:0.0070s ]
SQL: SELECT * FROM `xingchi_order` ORDER BY order_id desc  [ RunTime:0.0010s ]
INFO: [ view_parse ] --START--
INFO: [ template_filter ] --START--
INFO: Run Behavior\ContentReplaceBehavior [ RunTime:0.000000s ]
INFO: [ template_filter ] --END-- [ RunTime:0.000000s ]
INFO: Run Behavior\ParseTemplateBehavior [ RunTime:0.024001s ]
INFO: [ view_parse ] --END-- [ RunTime:0.024001s ]
INFO: [ view_filter ] --START--
INFO: Run Behavior\WriteHtmlCacheBehavior [ RunTime:0.000000s ]
INFO: [ view_filter ] --END-- [ RunTime:0.000000s ]
INFO: [ app_end ] --START--
INFO: Run Behavior\ShowPageTraceBehavior [ RunTime:0.001000s ]
INFO: [ app_end ] --END-- [ RunTime:0.001000s ]

[ 2017-04-08T01:33:33+08:00 ] 127.0.0.1 /index.php/Admin/Order/detail/order_id/1.html
INFO: [ app_init ] --START--
INFO: Run Behavior\BuildLiteBehavior [ RunTime:0.000000s ]
INFO: [ app_init ] --END-- [ RunTime:0.000000s ]
INFO: [ app_begin ] --START--
INFO: Run Behavior\ReadHtmlCacheBehavior [ RunTime:0.001000s ]
INFO: [ app_begin ] --END-- [ RunTime:0.001000s ]
SQL: SHOW COLUMNS FROM `xingchi_order` [ RunTime:0.0090s ]
SQL: SELECT o.*,u.username,c.* FROM xingchi_order o INNER JOIN user u on o.user_id=u.user_id INNER JOIN xingchi_consignee c on o.cgn_id=c.cgn_id  WHERE `order_id` = '1' LIMIT 1   [ RunTime:0.0000s ]
SQL: SHOW COLUMNS FROM `xingchi_order_goods` [ RunTime:0.0090s ]
SQL: SELECT og.*,g.goods_name FROM xingchi_order_goods og INNER JOIN xingchi_goods g on og.goods_id=g.id  WHERE og.order_id = '1'  [ RunTime:0.0000s ]
INFO: [ view_parse ] --START--
INFO: [ template_filter ] --START--
INFO: Run Behavior\ContentReplaceBehavior [ RunTime:0.001000s ]
INFO: [ template_filter ] --END-- [ RunTime:0.001000s ]
INFO: Run Behavior\ParseTemplateBehavior [ RunTime:0.023001s ]
INFO: [ view_parse ] --END-- [ RunTime:0.023001s ]
INFO: [ view_filter ] --START--
INFO: Run Behavior\WriteHtmlCacheBehavior [ RunTime:0.001000s ]
INFO: [ view_filter ] --END-- [ RunTime:0.001000s ]
INFO: [ app_end ] --START--
INFO: Run Behavior\ShowPageTraceBehavior [ RunTime:0.001000s ]
INFO: [ app_end ] --END-- [ RunTime:0.001000s ]

[ 2017-04-08T01:33:39+08:00 ] 127.0.0.1 /index.php/Admin/Order/showlist
INFO: [ app_init ] --START--
INFO: Run Behavior\BuildLiteBehavior [ RunTime:0.000000s ]
INFO: [ app_init ] --END-- [ RunTime:0.001000s ]
INFO: [ app_begin ] --START--
INFO: Run Behavior\ReadHtmlCacheBehavior [ RunTime:0.001000s ]
INFO: [ app_begin ] --END-- [ RunTime:0.001000s ]
SQL: SHOW COLUMNS FROM `xingchi_order` [ RunTime:0.0100s ]
SQL: SELECT * FROM `xingchi_order` ORDER BY order_id desc  [ RunTime:0.0010s ]
INFO: [ view_parse ] --START--
INFO: [ template_filter ] --START--
INFO: Run Behavior\ContentReplaceBehavior [ RunTime:0.000000s ]
INFO: [ template_filter ] --END-- [ RunTime:0.000000s ]
INFO: Run Behavior\ParseTemplateBehavior [ RunTime:0.028001s ]
INFO: [ view_parse ] --END-- [ RunTime:0.028001s ]
INFO: [ view_filter ] --START--
INFO: Run Behavior\WriteHtmlCacheBehavior [ RunTime:0.000000s ]
INFO: [ view_filter ] --END-- [ RunTime:0.000000s ]
INFO: [ app_end ] --START--
INFO: Run Behavior\ShowPageTraceBehavior [ RunTime:0.001000s ]
INFO: [ app_end ] --END-- [ RunTime:0.001000s ]

[ 2017-04-08T01:33:48+08:00 ] 127.0.0.1 /index.php/Admin/Order/showlist
INFO: [ app_init ] --START--
INFO: Run Behavior\BuildLiteBehavior [ RunTime:0.000000s ]
INFO: [ app_init ] --END-- [ RunTime:0.000000s ]
INFO: [ app_begin ] --START--
INFO: Run Behavior\ReadHtmlCacheBehavior [ RunTime:0.000000s ]
INFO: [ app_begin ] --END-- [ RunTime:0.000000s ]
SQL: SHOW COLUMNS FROM `xingchi_order` [ RunTime:0.0060s ]
SQL: SELECT * FROM `xingchi_order` ORDER BY order_id desc  [ RunTime:0.0000s ]
INFO: [ view_parse ] --START--
INFO: [ template_filter ] --START--
INFO: Run Behavior\ContentReplaceBehavior [ RunTime:0.001000s ]
INFO: [ template_filter ] --END-- [ RunTime:0.001000s ]
INFO: Run Behavior\ParseTemplateBehavior [ RunTime:0.014001s ]
INFO: [ view_parse ] --END-- [ RunTime:0.014001s ]
INFO: [ view_filter ] --START--
INFO: Run Behavior\WriteHtmlCacheBehavior [ RunTime:0.000000s ]
INFO: [ view_filter ] --END-- [ RunTime:0.000000s ]
INFO: [ app_end ] --START--
INFO: Run Behavior\ShowPageTraceBehavior [ RunTime:0.001000s ]
INFO: [ app_end ] --END-- [ RunTime:0.001000s ]

[ 2017-04-08T01:35:28+08:00 ] 127.0.0.1 /index.php/Admin/Order/showlist
INFO: [ app_init ] --START--
INFO: Run Behavior\BuildLiteBehavior [ RunTime:0.000000s ]
INFO: [ app_init ] --END-- [ RunTime:0.000000s ]
INFO: [ app_begin ] --START--
INFO: Run Behavior\ReadHtmlCacheBehavior [ RunTime:0.001000s ]
INFO: [ app_begin ] --END-- [ RunTime:0.001000s ]
SQL: SHOW COLUMNS FROM `xingchi_order` [ RunTime:0.0060s ]
SQL: SELECT * FROM `xingchi_order` ORDER BY order_id desc  [ RunTime:0.0000s ]
INFO: [ view_parse ] --START--
INFO: [ template_filter ] --START--
INFO: Run Behavior\ContentReplaceBehavior [ RunTime:0.000000s ]
INFO: [ template_filter ] --END-- [ RunTime:0.000000s ]
INFO: Run Behavior\ParseTemplateBehavior [ RunTime:0.014000s ]
INFO: [ view_parse ] --END-- [ RunTime:0.014000s ]
INFO: [ view_filter ] --START--
INFO: Run Behavior\WriteHtmlCacheBehavior [ RunTime:0.001000s ]
INFO: [ view_filter ] --END-- [ RunTime:0.001000s ]
INFO: [ app_end ] --START--
INFO: Run Behavior\ShowPageTraceBehavior [ RunTime:0.000000s ]
INFO: [ app_end ] --END-- [ RunTime:0.000000s ]

[ 2017-04-08T01:35:30+08:00 ] 127.0.0.1 /index.php/Admin/Order/putExcel.html
INFO: [ app_init ] --START--
INFO: Run Behavior\BuildLiteBehavior [ RunTime:0.000000s ]
INFO: [ app_init ] --END-- [ RunTime:0.001000s ]
INFO: [ app_begin ] --START--
INFO: Run Behavior\ReadHtmlCacheBehavior [ RunTime:0.001000s ]
INFO: [ app_begin ] --END-- [ RunTime:0.001000s ]
SQL: SHOW COLUMNS FROM `xingchi_order` [ RunTime:0.0080s ]
SQL: SELECT `order_number`,`order_price`,`order_pay`,`is_send`,`add_time` FROM `xingchi_order`  [ RunTime:0.0010s ]

[ 2017-04-08T21:28:10+08:00 ] 127.0.0.1 /Admin/Login/login
INFO: [ app_init ] --START--
INFO: Run Behavior\BuildLiteBehavior [ RunTime:0.000000s ]
INFO: [ app_init ] --END-- [ RunTime:0.001000s ]
INFO: [ app_begin ] --START--
INFO: Run Behavior\ReadHtmlCacheBehavior [ RunTime:0.001000s ]
INFO: [ app_begin ] --END-- [ RunTime:0.001000s ]
SQL: SHOW COLUMNS FROM `xingchi_admin` [ RunTime:0.3970s ]
INFO: [ view_parse ] --START--
INFO: [ template_filter ] --START--
INFO: Run Behavior\ContentReplaceBehavior [ RunTime:0.041003s ]
INFO: [ template_filter ] --END-- [ RunTime:0.041003s ]
INFO: Run Behavior\ParseTemplateBehavior [ RunTime:0.155008s ]
INFO: [ view_parse ] --END-- [ RunTime:0.155008s ]
INFO: [ view_filter ] --START--
INFO: Run Behavior\WriteHtmlCacheBehavior [ RunTime:0.001000s ]
INFO: [ view_filter ] --END-- [ RunTime:0.001000s ]
INFO: [ app_end ] --START--
INFO: Run Behavior\ShowPageTraceBehavior [ RunTime:0.000000s ]
INFO: [ app_end ] --END-- [ RunTime:0.000000s ]

[ 2017-04-08T21:33:35+08:00 ] 127.0.0.1 /index.php/Admin/Goods/order/showlist
INFO: [ app_init ] --START--
INFO: Run Behavior\BuildLiteBehavior [ RunTime:0.000000s ]
INFO: [ app_init ] --END-- [ RunTime:0.000000s ]
INFO: [ app_begin ] --START--
INFO: Run Behavior\ReadHtmlCacheBehavior [ RunTime:0.001000s ]
INFO: [ app_begin ] --END-- [ RunTime:0.001000s ]
INFO: [ view_parse ] --START--
INFO: [ template_filter ] --START--
INFO: Run Behavior\ContentReplaceBehavior [ RunTime:0.000000s ]
INFO: [ template_filter ] --END-- [ RunTime:0.000000s ]
INFO: Run Behavior\ParseTemplateBehavior [ RunTime:0.204012s ]
INFO: [ view_parse ] --END-- [ RunTime:0.204012s ]
INFO: [ view_filter ] --START--
INFO: Run Behavior\WriteHtmlCacheBehavior [ RunTime:0.001000s ]
INFO: [ view_filter ] --END-- [ RunTime:0.001000s ]

[ 2017-04-08T21:33:38+08:00 ] 127.0.0.1 /index.php/Admin/Login/login.html
INFO: [ app_init ] --START--
INFO: Run Behavior\BuildLiteBehavior [ RunTime:0.000000s ]
INFO: [ app_init ] --END-- [ RunTime:0.000000s ]
INFO: [ app_begin ] --START--
INFO: Run Behavior\ReadHtmlCacheBehavior [ RunTime:0.000000s ]
INFO: [ app_begin ] --END-- [ RunTime:0.000000s ]
SQL: SHOW COLUMNS FROM `xingchi_admin` [ RunTime:0.0260s ]
INFO: [ view_parse ] --START--
INFO: [ template_filter ] --START--
INFO: Run Behavior\ContentReplaceBehavior [ RunTime:0.000000s ]
INFO: [ template_filter ] --END-- [ RunTime:0.001000s ]
INFO: Run Behavior\ParseTemplateBehavior [ RunTime:0.009000s ]
INFO: [ view_parse ] --END-- [ RunTime:0.009000s ]
INFO: [ view_filter ] --START--
INFO: Run Behavior\WriteHtmlCacheBehavior [ RunTime:0.001000s ]
INFO: [ view_filter ] --END-- [ RunTime:0.001000s ]
INFO: [ app_end ] --START--
INFO: Run Behavior\ShowPageTraceBehavior [ RunTime:0.000000s ]
INFO: [ app_end ] --END-- [ RunTime:0.000000s ]

[ 2017-04-08T21:33:39+08:00 ] 127.0.0.1 /index.php/Admin/Login/verify_code.html
INFO: [ app_init ] --START--
INFO: Run Behavior\BuildLiteBehavior [ RunTime:0.000000s ]
INFO: [ app_init ] --END-- [ RunTime:0.001000s ]
INFO: [ app_begin ] --START--
INFO: Run Behavior\ReadHtmlCacheBehavior [ RunTime:0.001000s ]
INFO: [ app_begin ] --END-- [ RunTime:0.001000s ]
NOTIC: [8] Use of undefined constant none - assumed 'none' E:\CZwj\xingchi\Application\Admin\Controller\LoginController.class.php 第 31 行.
INFO: [ app_end ] --START--
INFO: Run Behavior\ShowPageTraceBehavior [ RunTime:0.001000s ]
INFO: [ app_end ] --END-- [ RunTime:0.003000s ]

[ 2017-04-08T21:33:46+08:00 ] 127.0.0.1 /index.php/Admin/Login/login.html
INFO: [ app_init ] --START--
INFO: Run Behavior\BuildLiteBehavior [ RunTime:0.000000s ]
INFO: [ app_init ] --END-- [ RunTime:0.000000s ]
INFO: [ app_begin ] --START--
INFO: Run Behavior\ReadHtmlCacheBehavior [ RunTime:0.001000s ]
INFO: [ app_begin ] --END-- [ RunTime:0.001000s ]
SQL: SHOW COLUMNS FROM `xingchi_admin` [ RunTime:0.0290s ]
NOTIC: [8] Undefined index: auto E:\CZwj\xingchi\ThinkPHP\Library\Think\Model.class.php 第 1128 行.
SQL: SELECT * FROM `xingchi_admin` WHERE `user_name` = 'admin' LIMIT 1   [ RunTime:0.0000s ]
SQL: SHOW COLUMNS FROM `xingchi_admin` [ RunTime:0.0100s ]
SQL: UPDATE `xingchi_admin` SET `login_time`='1491658426',`last_login_ip`='2130706433' WHERE `id` = 1 [ RunTime:0.0050s ]
INFO: [ view_parse ] --START--
INFO: [ template_filter ] --START--
INFO: Run Behavior\ContentReplaceBehavior [ RunTime:0.000000s ]
INFO: [ template_filter ] --END-- [ RunTime:0.000000s ]
INFO: Run Behavior\ParseTemplateBehavior [ RunTime:0.013001s ]
INFO: [ view_parse ] --END-- [ RunTime:0.013001s ]
INFO: [ view_filter ] --START--
INFO: Run Behavior\WriteHtmlCacheBehavior [ RunTime:0.000000s ]
INFO: [ view_filter ] --END-- [ RunTime:0.000000s ]

[ 2017-04-08T21:33:47+08:00 ] 127.0.0.1 /index.php/Admin/Index/index.html
INFO: [ app_init ] --START--
INFO: Run Behavior\BuildLiteBehavior [ RunTime:0.000000s ]
INFO: [ app_init ] --END-- [ RunTime:0.001000s ]
INFO: [ app_begin ] --START--
INFO: Run Behavior\ReadHtmlCacheBehavior [ RunTime:0.001000s ]
INFO: [ app_begin ] --END-- [ RunTime:0.001000s ]
SQL: SHOW COLUMNS FROM `xingchi_privilege` [ RunTime:0.0320s ]
SQL: SELECT * FROM `xingchi_privilege`  [ RunTime:0.0000s ]
INFO: [ view_parse ] --START--
INFO: [ template_filter ] --START--
INFO: Run Behavior\ContentReplaceBehavior [ RunTime:0.001000s ]
INFO: [ template_filter ] --END-- [ RunTime:0.001000s ]
NOTIC: [8] Undefined variable: sel_name E:\CZwj\xingchi\Application\Runtime\Cache\Admin\b595b808c2ebeeeb0478ffc30bb4e87a.php 第 570 行.
NOTIC: [8] Undefined variable: sel_name E:\CZwj\xingchi\Application\Runtime\Cache\Admin\b595b808c2ebeeeb0478ffc30bb4e87a.php 第 570 行.
NOTIC: [8] Undefined variable: sel_name E:\CZwj\xingchi\Application\Runtime\Cache\Admin\b595b808c2ebeeeb0478ffc30bb4e87a.php 第 570 行.
NOTIC: [8] Undefined variable: sel_name E:\CZwj\xingchi\Application\Runtime\Cache\Admin\b595b808c2ebeeeb0478ffc30bb4e87a.php 第 570 行.
NOTIC: [8] Undefined variable: sel_name E:\CZwj\xingchi\Application\Runtime\Cache\Admin\b595b808c2ebeeeb0478ffc30bb4e87a.php 第 570 行.
NOTIC: [8] Undefined variable: sel_name E:\CZwj\xingchi\Application\Runtime\Cache\Admin\b595b808c2ebeeeb0478ffc30bb4e87a.php 第 570 行.
INFO: Run Behavior\ParseTemplateBehavior [ RunTime:0.066003s ]
INFO: [ view_parse ] --END-- [ RunTime:0.066003s ]
INFO: [ view_filter ] --START--
INFO: Run Behavior\WriteHtmlCacheBehavior [ RunTime:0.000000s ]
INFO: [ view_filter ] --END-- [ RunTime:0.000000s ]
INFO: [ app_end ] --START--
INFO: Run Behavior\ShowPageTraceBehavior [ RunTime:0.000000s ]
INFO: [ app_end ] --END-- [ RunTime:0.000000s ]

[ 2017-04-08T21:34:09+08:00 ] 127.0.0.1 /index.php/Admin/order/showlist
INFO: [ app_init ] --START--
INFO: Run Behavior\BuildLiteBehavior [ RunTime:0.000000s ]
INFO: [ app_init ] --END-- [ RunTime:0.001000s ]
INFO: [ app_begin ] --START--
INFO: Run Behavior\ReadHtmlCacheBehavior [ RunTime:0.000000s ]
INFO: [ app_begin ] --END-- [ RunTime:0.000000s ]
SQL: SHOW COLUMNS FROM `xingchi_order` [ RunTime:0.1060s ]
SQL: SELECT * FROM `xingchi_order` ORDER BY order_id desc  [ RunTime:0.0000s ]
INFO: [ view_parse ] --START--
INFO: [ template_filter ] --START--
INFO: Run Behavior\ContentReplaceBehavior [ RunTime:0.000000s ]
INFO: [ template_filter ] --END-- [ RunTime:0.000000s ]
INFO: Run Behavior\ParseTemplateBehavior [ RunTime:0.012000s ]
INFO: [ view_parse ] --END-- [ RunTime:0.012000s ]
INFO: [ view_filter ] --START--
INFO: Run Behavior\WriteHtmlCacheBehavior [ RunTime:0.001000s ]
INFO: [ view_filter ] --END-- [ RunTime:0.001000s ]
INFO: [ app_end ] --START--
INFO: Run Behavior\ShowPageTraceBehavior [ RunTime:0.001000s ]
INFO: [ app_end ] --END-- [ RunTime:0.001000s ]

[ 2017-04-08T21:34:14+08:00 ] 127.0.0.1 /index.php/Admin/Order/detail/order_id/13.html
INFO: [ app_init ] --START--
INFO: Run Behavior\BuildLiteBehavior [ RunTime:0.000000s ]
INFO: [ app_init ] --END-- [ RunTime:0.000000s ]
INFO: [ app_begin ] --START--
INFO: Run Behavior\ReadHtmlCacheBehavior [ RunTime:0.000000s ]
INFO: [ app_begin ] --END-- [ RunTime:0.000000s ]
SQL: SHOW COLUMNS FROM `xingchi_order` [ RunTime:0.0240s ]
SQL: SELECT o.*,u.username,c.* FROM xingchi_order o INNER JOIN user u on o.user_id=u.user_id INNER JOIN xingchi_consignee c on o.cgn_id=c.cgn_id  WHERE `order_id` = '13' LIMIT 1   [ RunTime:0.0010s ]
SQL: SHOW COLUMNS FROM `xingchi_order_goods` [ RunTime:0.0070s ]
SQL: SELECT og.*,g.goods_name FROM xingchi_order_goods og INNER JOIN xingchi_goods g on og.goods_id=g.id  WHERE og.order_id = '13'  [ RunTime:0.0010s ]
INFO: [ view_parse ] --START--
INFO: [ template_filter ] --START--
INFO: Run Behavior\ContentReplaceBehavior [ RunTime:0.000000s ]
INFO: [ template_filter ] --END-- [ RunTime:0.000000s ]
INFO: Run Behavior\ParseTemplateBehavior [ RunTime:0.027001s ]
INFO: [ view_parse ] --END-- [ RunTime:0.027001s ]
INFO: [ view_filter ] --START--
INFO: Run Behavior\WriteHtmlCacheBehavior [ RunTime:0.001000s ]
INFO: [ view_filter ] --END-- [ RunTime:0.001000s ]
INFO: [ app_end ] --START--
INFO: Run Behavior\ShowPageTraceBehavior [ RunTime:0.000000s ]
INFO: [ app_end ] --END-- [ RunTime:0.000000s ]

[ 2017-04-08T23:29:33+08:00 ] 127.0.0.1 /index.php/Admin/Order/detail/order_id/13.html
INFO: [ app_init ] --START--
INFO: Run Behavior\BuildLiteBehavior [ RunTime:0.000000s ]
INFO: [ app_init ] --END-- [ RunTime:0.001000s ]
INFO: [ app_begin ] --START--
INFO: Run Behavior\ReadHtmlCacheBehavior [ RunTime:0.014001s ]
INFO: [ app_begin ] --END-- [ RunTime:0.014001s ]
SQL: SHOW COLUMNS FROM `xingchi_order` [ RunTime:0.2710s ]
SQL: SELECT o.*,u.username,c.* FROM xingchi_order o INNER JOIN user u on o.user_id=u.user_id INNER JOIN xingchi_consignee c on o.cgn_id=c.cgn_id  WHERE `order_id` = '13' LIMIT 1   [ RunTime:0.0580s ]
SQL: SHOW COLUMNS FROM `xingchi_order_goods` [ RunTime:0.0090s ]
SQL: SELECT og.*,g.goods_name FROM xingchi_order_goods og INNER JOIN xingchi_goods g on og.goods_id=g.id  WHERE og.order_id = '13'  [ RunTime:0.0190s ]
INFO: [ view_parse ] --START--
INFO: [ template_filter ] --START--
INFO: Run Behavior\ContentReplaceBehavior [ RunTime:0.038002s ]
INFO: [ template_filter ] --END-- [ RunTime:0.038002s ]
INFO: Run Behavior\ParseTemplateBehavior [ RunTime:0.183011s ]
INFO: [ view_parse ] --END-- [ RunTime:0.183011s ]
INFO: [ view_filter ] --START--
INFO: Run Behavior\WriteHtmlCacheBehavior [ RunTime:0.037002s ]
INFO: [ view_filter ] --END-- [ RunTime:0.037002s ]
INFO: [ app_end ] --START--
INFO: Run Behavior\ShowPageTraceBehavior [ RunTime:0.001000s ]
INFO: [ app_end ] --END-- [ RunTime:0.001000s ]

[ 2017-04-08T23:29:38+08:00 ] 127.0.0.1 /index.php/Admin/Order/detail/order_id/6.html
INFO: [ app_init ] --START--
INFO: Run Behavior\BuildLiteBehavior [ RunTime:0.000000s ]
INFO: [ app_init ] --END-- [ RunTime:0.001000s ]
INFO: [ app_begin ] --START--
INFO: Run Behavior\ReadHtmlCacheBehavior [ RunTime:0.000000s ]
INFO: [ app_begin ] --END-- [ RunTime:0.000000s ]
SQL: SHOW COLUMNS FROM `xingchi_order` [ RunTime:0.0060s ]
SQL: SELECT o.*,u.username,c.* FROM xingchi_order o INNER JOIN user u on o.user_id=u.user_id INNER JOIN xingchi_consignee c on o.cgn_id=c.cgn_id  WHERE `order_id` = '6' LIMIT 1   [ RunTime:0.0010s ]
SQL: SHOW COLUMNS FROM `xingchi_order_goods` [ RunTime:0.0080s ]
SQL: SELECT og.*,g.goods_name FROM xingchi_order_goods og INNER JOIN xingchi_goods g on og.goods_id=g.id  WHERE og.order_id = '6'  [ RunTime:0.0010s ]
INFO: [ view_parse ] --START--
INFO: [ template_filter ] --START--
INFO: Run Behavior\ContentReplaceBehavior [ RunTime:0.000000s ]
INFO: [ template_filter ] --END-- [ RunTime:0.000000s ]
INFO: Run Behavior\ParseTemplateBehavior [ RunTime:0.016001s ]
INFO: [ view_parse ] --END-- [ RunTime:0.016001s ]
INFO: [ view_filter ] --START--
INFO: Run Behavior\WriteHtmlCacheBehavior [ RunTime:0.001000s ]
INFO: [ view_filter ] --END-- [ RunTime:0.001000s ]
INFO: [ app_end ] --START--
INFO: Run Behavior\ShowPageTraceBehavior [ RunTime:0.000000s ]
INFO: [ app_end ] --END-- [ RunTime:0.000000s ]

