[ 2017-04-13T11:54:14+08:00 ] 127.0.0.1 /index.php/Admin/Login/login.html
INFO: [ app_init ] --START--
INFO: Run Behavior\BuildLiteBehavior [ RunTime:0.000000s ]
INFO: [ app_init ] --END-- [ RunTime:0.001000s ]
INFO: [ app_begin ] --START--
INFO: Run Behavior\ReadHtmlCacheBehavior [ RunTime:0.001000s ]
INFO: [ app_begin ] --END-- [ RunTime:0.001000s ]
SQL: SHOW COLUMNS FROM `xingchi_admin` [ RunTime:0.0460s ]
INFO: [ view_parse ] --START--
INFO: [ template_filter ] --START--
INFO: Run Behavior\ContentReplaceBehavior [ RunTime:0.000000s ]
INFO: [ template_filter ] --END-- [ RunTime:0.000000s ]
INFO: Run Behavior\ParseTemplateBehavior [ RunTime:0.095006s ]
INFO: [ view_parse ] --END-- [ RunTime:0.095006s ]
INFO: [ view_filter ] --START--
INFO: Run Behavior\WriteHtmlCacheBehavior [ RunTime:0.001000s ]
INFO: [ view_filter ] --END-- [ RunTime:0.001000s ]
INFO: [ app_end ] --START--
INFO: Run Behavior\ShowPageTraceBehavior [ RunTime:0.001000s ]
INFO: [ app_end ] --END-- [ RunTime:0.001000s ]

[ 2017-04-13T11:54:15+08:00 ] 127.0.0.1 /index.php/Admin/Login/verify_code.html
INFO: [ app_init ] --START--
INFO: Run Behavior\BuildLiteBehavior [ RunTime:0.000000s ]
INFO: [ app_init ] --END-- [ RunTime:0.000000s ]
INFO: [ app_begin ] --START--
INFO: Run Behavior\ReadHtmlCacheBehavior [ RunTime:0.000000s ]
INFO: [ app_begin ] --END-- [ RunTime:0.000000s ]
NOTIC: [8] Use of undefined constant none - assumed 'none' E:\CZwj\xingchi\Application\Admin\Controller\LoginController.class.php 第 31 行.
INFO: [ app_end ] --START--
INFO: Run Behavior\ShowPageTraceBehavior [ RunTime:0.000000s ]
INFO: [ app_end ] --END-- [ RunTime:0.001000s ]

[ 2017-04-13T23:20:34+08:00 ] 127.0.0.1 /index.php/Admin/Login/login.html
INFO: [ app_init ] --START--
INFO: Run Behavior\BuildLiteBehavior [ RunTime:0.000000s ]
INFO: [ app_init ] --END-- [ RunTime:0.000000s ]
INFO: [ app_begin ] --START--
INFO: Run Behavior\ReadHtmlCacheBehavior [ RunTime:0.001000s ]
INFO: [ app_begin ] --END-- [ RunTime:0.001000s ]
SQL: SHOW COLUMNS FROM `xingchi_admin` [ RunTime:0.0420s ]
INFO: [ view_parse ] --START--
INFO: [ template_filter ] --START--
INFO: Run Behavior\ContentReplaceBehavior [ RunTime:0.000000s ]
INFO: [ template_filter ] --END-- [ RunTime:0.000000s ]
INFO: Run Behavior\ParseTemplateBehavior [ RunTime:0.067004s ]
INFO: [ view_parse ] --END-- [ RunTime:0.067004s ]
INFO: [ view_filter ] --START--
INFO: Run Behavior\WriteHtmlCacheBehavior [ RunTime:0.000000s ]
INFO: [ view_filter ] --END-- [ RunTime:0.000000s ]
INFO: [ app_end ] --START--
INFO: Run Behavior\ShowPageTraceBehavior [ RunTime:0.000000s ]
INFO: [ app_end ] --END-- [ RunTime:0.000000s ]

[ 2017-04-13T23:20:35+08:00 ] 127.0.0.1 /index.php/Admin/Login/verify_code.html
INFO: [ app_init ] --START--
INFO: Run Behavior\BuildLiteBehavior [ RunTime:0.000000s ]
INFO: [ app_init ] --END-- [ RunTime:0.001000s ]
INFO: [ app_begin ] --START--
INFO: Run Behavior\ReadHtmlCacheBehavior [ RunTime:0.001000s ]
INFO: [ app_begin ] --END-- [ RunTime:0.001000s ]
NOTIC: [8] Use of undefined constant none - assumed 'none' E:\CZwj\xingchi\Application\Admin\Controller\LoginController.class.php 第 31 行.
INFO: [ app_end ] --START--
INFO: Run Behavior\ShowPageTraceBehavior [ RunTime:0.001000s ]
INFO: [ app_end ] --END-- [ RunTime:0.001000s ]

[ 2017-04-13T23:20:40+08:00 ] 127.0.0.1 /index.php/Admin/Login/verify_code/rands/0.34785564325068963
INFO: [ app_init ] --START--
INFO: Run Behavior\BuildLiteBehavior [ RunTime:0.000000s ]
INFO: [ app_init ] --END-- [ RunTime:0.000000s ]
INFO: [ app_begin ] --START--
INFO: Run Behavior\ReadHtmlCacheBehavior [ RunTime:0.001000s ]
INFO: [ app_begin ] --END-- [ RunTime:0.001000s ]
NOTIC: [8] Use of undefined constant none - assumed 'none' E:\CZwj\xingchi\Application\Admin\Controller\LoginController.class.php 第 31 行.
INFO: [ app_end ] --START--
INFO: Run Behavior\ShowPageTraceBehavior [ RunTime:0.001000s ]
INFO: [ app_end ] --END-- [ RunTime:0.001000s ]

[ 2017-04-13T23:20:49+08:00 ] 127.0.0.1 /index.php/Admin/Login/login.html
INFO: [ app_init ] --START--
INFO: Run Behavior\BuildLiteBehavior [ RunTime:0.000000s ]
INFO: [ app_init ] --END-- [ RunTime:0.000000s ]
INFO: [ app_begin ] --START--
INFO: Run Behavior\ReadHtmlCacheBehavior [ RunTime:0.000000s ]
INFO: [ app_begin ] --END-- [ RunTime:0.000000s ]
SQL: SHOW COLUMNS FROM `xingchi_admin` [ RunTime:0.1100s ]
NOTIC: [8] Undefined index: auto E:\CZwj\xingchi\ThinkPHP\Library\Think\Model.class.php 第 1128 行.
SQL: SELECT * FROM `xingchi_admin` WHERE `user_name` = 'admin' LIMIT 1   [ RunTime:0.0000s ]
SQL: SHOW COLUMNS FROM `xingchi_admin` [ RunTime:0.0090s ]
SQL: UPDATE `xingchi_admin` SET `login_time`='1492096849',`last_login_ip`='2130706433' WHERE `id` = 1 [ RunTime:0.0300s ]
INFO: [ view_parse ] --START--
INFO: [ template_filter ] --START--
INFO: Run Behavior\ContentReplaceBehavior [ RunTime:0.000000s ]
INFO: [ template_filter ] --END-- [ RunTime:0.001000s ]
INFO: Run Behavior\ParseTemplateBehavior [ RunTime:0.075004s ]
INFO: [ view_parse ] --END-- [ RunTime:0.075004s ]
INFO: [ view_filter ] --START--
INFO: Run Behavior\WriteHtmlCacheBehavior [ RunTime:0.001000s ]
INFO: [ view_filter ] --END-- [ RunTime:0.001000s ]

[ 2017-04-13T23:20:50+08:00 ] 127.0.0.1 /index.php/Admin/Index/index.html
INFO: [ app_init ] --START--
INFO: Run Behavior\BuildLiteBehavior [ RunTime:0.000000s ]
INFO: [ app_init ] --END-- [ RunTime:0.000000s ]
INFO: [ app_begin ] --START--
INFO: Run Behavior\ReadHtmlCacheBehavior [ RunTime:0.000000s ]
INFO: [ app_begin ] --END-- [ RunTime:0.000000s ]
SQL: SHOW COLUMNS FROM `xingchi_privilege` [ RunTime:0.0440s ]
SQL: SELECT * FROM `xingchi_privilege`  [ RunTime:0.0010s ]
INFO: [ view_parse ] --START--
INFO: [ template_filter ] --START--
INFO: Run Behavior\ContentReplaceBehavior [ RunTime:0.000000s ]
INFO: [ template_filter ] --END-- [ RunTime:0.000000s ]
NOTIC: [8] Undefined variable: sel_name E:\CZwj\xingchi\Application\Runtime\Cache\Admin\b595b808c2ebeeeb0478ffc30bb4e87a.php 第 570 行.
NOTIC: [8] Undefined variable: sel_name E:\CZwj\xingchi\Application\Runtime\Cache\Admin\b595b808c2ebeeeb0478ffc30bb4e87a.php 第 570 行.
NOTIC: [8] Undefined variable: sel_name E:\CZwj\xingchi\Application\Runtime\Cache\Admin\b595b808c2ebeeeb0478ffc30bb4e87a.php 第 570 行.
NOTIC: [8] Undefined variable: sel_name E:\CZwj\xingchi\Application\Runtime\Cache\Admin\b595b808c2ebeeeb0478ffc30bb4e87a.php 第 570 行.
NOTIC: [8] Undefined variable: sel_name E:\CZwj\xingchi\Application\Runtime\Cache\Admin\b595b808c2ebeeeb0478ffc30bb4e87a.php 第 570 行.
NOTIC: [8] Undefined variable: sel_name E:\CZwj\xingchi\Application\Runtime\Cache\Admin\b595b808c2ebeeeb0478ffc30bb4e87a.php 第 570 行.
INFO: Run Behavior\ParseTemplateBehavior [ RunTime:0.117007s ]
INFO: [ view_parse ] --END-- [ RunTime:0.117007s ]
INFO: [ view_filter ] --START--
INFO: Run Behavior\WriteHtmlCacheBehavior [ RunTime:0.001000s ]
INFO: [ view_filter ] --END-- [ RunTime:0.001000s ]
INFO: [ app_end ] --START--
INFO: Run Behavior\ShowPageTraceBehavior [ RunTime:0.000000s ]
INFO: [ app_end ] --END-- [ RunTime:0.000000s ]

[ 2017-04-13T23:21:20+08:00 ] 127.0.0.1 /index.php/Admin/Index/index.html
INFO: [ app_init ] --START--
INFO: Run Behavior\BuildLiteBehavior [ RunTime:0.000000s ]
INFO: [ app_init ] --END-- [ RunTime:0.001000s ]
INFO: [ app_begin ] --START--
INFO: Run Behavior\ReadHtmlCacheBehavior [ RunTime:0.000000s ]
INFO: [ app_begin ] --END-- [ RunTime:0.000000s ]
INFO: [ view_parse ] --START--
INFO: [ template_filter ] --START--
INFO: Run Behavior\ContentReplaceBehavior [ RunTime:0.000000s ]
INFO: [ template_filter ] --END-- [ RunTime:0.000000s ]
NOTIC: [8] Undefined variable: sel_name E:\CZwj\xingchi\Application\Runtime\Cache\Admin\b595b808c2ebeeeb0478ffc30bb4e87a.php 第 570 行.
NOTIC: [8] Undefined variable: sel_name E:\CZwj\xingchi\Application\Runtime\Cache\Admin\b595b808c2ebeeeb0478ffc30bb4e87a.php 第 570 行.
NOTIC: [8] Undefined variable: sel_name E:\CZwj\xingchi\Application\Runtime\Cache\Admin\b595b808c2ebeeeb0478ffc30bb4e87a.php 第 570 行.
NOTIC: [8] Undefined variable: sel_name E:\CZwj\xingchi\Application\Runtime\Cache\Admin\b595b808c2ebeeeb0478ffc30bb4e87a.php 第 570 行.
NOTIC: [8] Undefined variable: sel_name E:\CZwj\xingchi\Application\Runtime\Cache\Admin\b595b808c2ebeeeb0478ffc30bb4e87a.php 第 570 行.
NOTIC: [8] Undefined variable: sel_name E:\CZwj\xingchi\Application\Runtime\Cache\Admin\b595b808c2ebeeeb0478ffc30bb4e87a.php 第 570 行.
INFO: Run Behavior\ParseTemplateBehavior [ RunTime:0.064003s ]
INFO: [ view_parse ] --END-- [ RunTime:0.065003s ]
INFO: [ view_filter ] --START--
INFO: Run Behavior\WriteHtmlCacheBehavior [ RunTime:0.000000s ]
INFO: [ view_filter ] --END-- [ RunTime:0.000000s ]
INFO: [ app_end ] --START--
INFO: Run Behavior\ShowPageTraceBehavior [ RunTime:0.001000s ]
INFO: [ app_end ] --END-- [ RunTime:0.001000s ]

[ 2017-04-13T23:21:34+08:00 ] 127.0.0.1 /index.php/Admin/order/detail
INFO: [ app_init ] --START--
INFO: Run Behavior\BuildLiteBehavior [ RunTime:0.000000s ]
INFO: [ app_init ] --END-- [ RunTime:0.000000s ]
INFO: [ app_begin ] --START--
INFO: Run Behavior\ReadHtmlCacheBehavior [ RunTime:0.000000s ]
INFO: [ app_begin ] --END-- [ RunTime:0.000000s ]
SQL: SHOW COLUMNS FROM `xingchi_order` [ RunTime:0.0140s ]
SQL: SELECT o.*,u.username,c.* FROM xingchi_order o INNER JOIN user u on o.user_id=u.user_id INNER JOIN xingchi_consignee c on o.cgn_id=c.cgn_id  WHERE `order_id` = '' LIMIT 1   [ RunTime:0.0450s ]
SQL: SHOW COLUMNS FROM `xingchi_order_goods` [ RunTime:0.0160s ]
SQL: SELECT og.*,g.goods_name FROM xingchi_order_goods og INNER JOIN xingchi_goods g on og.goods_id=g.id  WHERE og.order_id = ''  [ RunTime:0.0250s ]
INFO: [ view_parse ] --START--
INFO: [ template_filter ] --START--
INFO: Run Behavior\ContentReplaceBehavior [ RunTime:0.000000s ]
INFO: [ template_filter ] --END-- [ RunTime:0.000000s ]
NOTIC: [8] Undefined index:  E:\CZwj\xingchi\Application\Runtime\Cache\Admin\badcf48b869e2273f2c1c9046770822d.php 第 90 行.
INFO: Run Behavior\ParseTemplateBehavior [ RunTime:0.010001s ]
INFO: [ view_parse ] --END-- [ RunTime:0.010001s ]
INFO: [ view_filter ] --START--
INFO: Run Behavior\WriteHtmlCacheBehavior [ RunTime:0.000000s ]
INFO: [ view_filter ] --END-- [ RunTime:0.000000s ]
INFO: [ app_end ] --START--
INFO: Run Behavior\ShowPageTraceBehavior [ RunTime:0.001000s ]
INFO: [ app_end ] --END-- [ RunTime:0.001000s ]

[ 2017-04-13T23:21:46+08:00 ] 127.0.0.1 /index.php/Admin/order/showlist
INFO: [ app_init ] --START--
INFO: Run Behavior\BuildLiteBehavior [ RunTime:0.000000s ]
INFO: [ app_init ] --END-- [ RunTime:0.000000s ]
INFO: [ app_begin ] --START--
INFO: Run Behavior\ReadHtmlCacheBehavior [ RunTime:0.001000s ]
INFO: [ app_begin ] --END-- [ RunTime:0.001000s ]
SQL: SHOW COLUMNS FROM `xingchi_order` [ RunTime:0.0030s ]
SQL: SELECT * FROM `xingchi_order` ORDER BY order_id desc  [ RunTime:0.0010s ]
INFO: [ view_parse ] --START--
INFO: [ template_filter ] --START--
INFO: Run Behavior\ContentReplaceBehavior [ RunTime:0.001000s ]
INFO: [ template_filter ] --END-- [ RunTime:0.001000s ]
INFO: Run Behavior\ParseTemplateBehavior [ RunTime:0.071004s ]
INFO: [ view_parse ] --END-- [ RunTime:0.071004s ]
INFO: [ view_filter ] --START--
INFO: Run Behavior\WriteHtmlCacheBehavior [ RunTime:0.001000s ]
INFO: [ view_filter ] --END-- [ RunTime:0.001000s ]
INFO: [ app_end ] --START--
INFO: Run Behavior\ShowPageTraceBehavior [ RunTime:0.001000s ]
INFO: [ app_end ] --END-- [ RunTime:0.001000s ]

[ 2017-04-13T23:21:50+08:00 ] 127.0.0.1 /index.php/Admin/Order/detail/order_id/5.html
INFO: [ app_init ] --START--
INFO: Run Behavior\BuildLiteBehavior [ RunTime:0.000000s ]
INFO: [ app_init ] --END-- [ RunTime:0.001000s ]
INFO: [ app_begin ] --START--
INFO: Run Behavior\ReadHtmlCacheBehavior [ RunTime:0.000000s ]
INFO: [ app_begin ] --END-- [ RunTime:0.002000s ]
SQL: SHOW COLUMNS FROM `xingchi_order` [ RunTime:0.0530s ]
SQL: SELECT o.*,u.username,c.* FROM xingchi_order o INNER JOIN user u on o.user_id=u.user_id INNER JOIN xingchi_consignee c on o.cgn_id=c.cgn_id  WHERE `order_id` = '5' LIMIT 1   [ RunTime:0.0000s ]
SQL: SHOW COLUMNS FROM `xingchi_order_goods` [ RunTime:0.0100s ]
SQL: SELECT og.*,g.goods_name FROM xingchi_order_goods og INNER JOIN xingchi_goods g on og.goods_id=g.id  WHERE og.order_id = '5'  [ RunTime:0.0010s ]
INFO: [ view_parse ] --START--
INFO: [ template_filter ] --START--
INFO: Run Behavior\ContentReplaceBehavior [ RunTime:0.001000s ]
INFO: [ template_filter ] --END-- [ RunTime:0.001000s ]
INFO: Run Behavior\ParseTemplateBehavior [ RunTime:0.042002s ]
INFO: [ view_parse ] --END-- [ RunTime:0.042002s ]
INFO: [ view_filter ] --START--
INFO: Run Behavior\WriteHtmlCacheBehavior [ RunTime:0.000000s ]
INFO: [ view_filter ] --END-- [ RunTime:0.000000s ]
INFO: [ app_end ] --START--
INFO: Run Behavior\ShowPageTraceBehavior [ RunTime:0.001000s ]
INFO: [ app_end ] --END-- [ RunTime:0.001000s ]

[ 2017-04-13T23:29:05+08:00 ] 127.0.0.1 /index.php/Admin/Order/detail/order_id/5.html
INFO: [ app_init ] --START--
INFO: Run Behavior\BuildLiteBehavior [ RunTime:0.000000s ]
INFO: [ app_init ] --END-- [ RunTime:0.000000s ]
INFO: [ app_begin ] --START--
INFO: Run Behavior\ReadHtmlCacheBehavior [ RunTime:0.000000s ]
INFO: [ app_begin ] --END-- [ RunTime:0.001000s ]
SQL: SHOW COLUMNS FROM `xingchi_order` [ RunTime:0.0500s ]
SQL: SELECT o.*,u.username,c.* FROM xingchi_order o INNER JOIN user u on o.user_id=u.user_id INNER JOIN xingchi_consignee c on o.cgn_id=c.cgn_id  WHERE `order_id` = '5' LIMIT 1   [ RunTime:0.0010s ]
SQL: SHOW COLUMNS FROM `xingchi_order_goods` [ RunTime:0.0030s ]
SQL: SELECT og.*,g.goods_name FROM xingchi_order_goods og INNER JOIN xingchi_goods g on og.goods_id=g.id  WHERE og.order_id = '5'  [ RunTime:0.0000s ]
INFO: [ view_parse ] --START--
INFO: [ template_filter ] --START--
INFO: Run Behavior\ContentReplaceBehavior [ RunTime:0.000000s ]
INFO: [ template_filter ] --END-- [ RunTime:0.000000s ]
INFO: Run Behavior\ParseTemplateBehavior [ RunTime:0.019001s ]
INFO: [ view_parse ] --END-- [ RunTime:0.019001s ]
INFO: [ view_filter ] --START--
INFO: Run Behavior\WriteHtmlCacheBehavior [ RunTime:0.000000s ]
INFO: [ view_filter ] --END-- [ RunTime:0.000000s ]
INFO: [ app_end ] --START--
INFO: Run Behavior\ShowPageTraceBehavior [ RunTime:0.000000s ]
INFO: [ app_end ] --END-- [ RunTime:0.000000s ]

[ 2017-04-13T23:29:17+08:00 ] 127.0.0.1 /index.php/Admin/Order/detail/order_id/2.html
INFO: [ app_init ] --START--
INFO: Run Behavior\BuildLiteBehavior [ RunTime:0.000000s ]
INFO: [ app_init ] --END-- [ RunTime:0.000000s ]
INFO: [ app_begin ] --START--
INFO: Run Behavior\ReadHtmlCacheBehavior [ RunTime:0.001000s ]
INFO: [ app_begin ] --END-- [ RunTime:0.001000s ]
SQL: SHOW COLUMNS FROM `xingchi_order` [ RunTime:0.0050s ]
SQL: SELECT o.*,u.username,c.* FROM xingchi_order o INNER JOIN user u on o.user_id=u.user_id INNER JOIN xingchi_consignee c on o.cgn_id=c.cgn_id  WHERE `order_id` = '2' LIMIT 1   [ RunTime:0.0010s ]
SQL: SHOW COLUMNS FROM `xingchi_order_goods` [ RunTime:0.0040s ]
SQL: SELECT og.*,g.goods_name FROM xingchi_order_goods og INNER JOIN xingchi_goods g on og.goods_id=g.id  WHERE og.order_id = '2'  [ RunTime:0.0000s ]
INFO: [ view_parse ] --START--
INFO: [ template_filter ] --START--
INFO: Run Behavior\ContentReplaceBehavior [ RunTime:0.000000s ]
INFO: [ template_filter ] --END-- [ RunTime:0.000000s ]
INFO: Run Behavior\ParseTemplateBehavior [ RunTime:0.020002s ]
INFO: [ view_parse ] --END-- [ RunTime:0.020002s ]
INFO: [ view_filter ] --START--
INFO: Run Behavior\WriteHtmlCacheBehavior [ RunTime:0.000000s ]
INFO: [ view_filter ] --END-- [ RunTime:0.000000s ]
INFO: [ app_end ] --START--
INFO: Run Behavior\ShowPageTraceBehavior [ RunTime:0.001000s ]
INFO: [ app_end ] --END-- [ RunTime:0.001000s ]

[ 2017-04-13T23:29:33+08:00 ] 127.0.0.1 /index.php/Admin/Order/detail/order_id/2.html
INFO: [ app_init ] --START--
INFO: Run Behavior\BuildLiteBehavior [ RunTime:0.000000s ]
INFO: [ app_init ] --END-- [ RunTime:0.000000s ]
INFO: [ app_begin ] --START--
INFO: Run Behavior\ReadHtmlCacheBehavior [ RunTime:0.000000s ]
INFO: [ app_begin ] --END-- [ RunTime:0.000000s ]
SQL: SHOW COLUMNS FROM `xingchi_order` [ RunTime:0.0040s ]
SQL: SELECT o.*,u.username,c.* FROM xingchi_order o INNER JOIN user u on o.user_id=u.user_id INNER JOIN xingchi_consignee c on o.cgn_id=c.cgn_id  WHERE `order_id` = '2' LIMIT 1   [ RunTime:0.0000s ]
SQL: SHOW COLUMNS FROM `xingchi_order_goods` [ RunTime:0.0040s ]
SQL: SELECT og.*,g.goods_name FROM xingchi_order_goods og INNER JOIN xingchi_goods g on og.goods_id=g.id  WHERE og.order_id = '2'  [ RunTime:0.0000s ]
INFO: [ view_parse ] --START--
INFO: [ template_filter ] --START--
INFO: Run Behavior\ContentReplaceBehavior [ RunTime:0.000000s ]
INFO: [ template_filter ] --END-- [ RunTime:0.000000s ]
INFO: Run Behavior\ParseTemplateBehavior [ RunTime:0.013000s ]
INFO: [ view_parse ] --END-- [ RunTime:0.013000s ]
INFO: [ view_filter ] --START--
INFO: Run Behavior\WriteHtmlCacheBehavior [ RunTime:0.000000s ]
INFO: [ view_filter ] --END-- [ RunTime:0.000000s ]
INFO: [ app_end ] --START--
INFO: Run Behavior\ShowPageTraceBehavior [ RunTime:0.001000s ]
INFO: [ app_end ] --END-- [ RunTime:0.001000s ]

[ 2017-04-13T23:29:36+08:00 ] 127.0.0.1 /index.php/Admin/Order/detail/order_id/2.html
INFO: [ app_init ] --START--
INFO: Run Behavior\BuildLiteBehavior [ RunTime:0.000000s ]
INFO: [ app_init ] --END-- [ RunTime:0.000000s ]
INFO: [ app_begin ] --START--
INFO: Run Behavior\ReadHtmlCacheBehavior [ RunTime:0.001000s ]
INFO: [ app_begin ] --END-- [ RunTime:0.001000s ]
SQL: SHOW COLUMNS FROM `xingchi_order` [ RunTime:0.0410s ]
SQL: SELECT o.*,u.username,c.* FROM xingchi_order o INNER JOIN user u on o.user_id=u.user_id INNER JOIN xingchi_consignee c on o.cgn_id=c.cgn_id  WHERE `order_id` = '2' LIMIT 1   [ RunTime:0.0010s ]
SQL: SHOW COLUMNS FROM `xingchi_order_goods` [ RunTime:0.0040s ]
SQL: SELECT og.*,g.goods_name FROM xingchi_order_goods og INNER JOIN xingchi_goods g on og.goods_id=g.id  WHERE og.order_id = '2'  [ RunTime:0.0010s ]
INFO: [ view_parse ] --START--
INFO: [ template_filter ] --START--
INFO: Run Behavior\ContentReplaceBehavior [ RunTime:0.000000s ]
INFO: [ template_filter ] --END-- [ RunTime:0.000000s ]
INFO: Run Behavior\ParseTemplateBehavior [ RunTime:0.010001s ]
INFO: [ view_parse ] --END-- [ RunTime:0.010001s ]
INFO: [ view_filter ] --START--
INFO: Run Behavior\WriteHtmlCacheBehavior [ RunTime:0.001000s ]
INFO: [ view_filter ] --END-- [ RunTime:0.001000s ]
INFO: [ app_end ] --START--
INFO: Run Behavior\ShowPageTraceBehavior [ RunTime:0.000000s ]
INFO: [ app_end ] --END-- [ RunTime:0.000000s ]

[ 2017-04-13T23:29:41+08:00 ] 127.0.0.1 /index.php/Admin/Order/detail/order_id/11.html
INFO: [ app_init ] --START--
INFO: Run Behavior\BuildLiteBehavior [ RunTime:0.000000s ]
INFO: [ app_init ] --END-- [ RunTime:0.001000s ]
INFO: [ app_begin ] --START--
INFO: Run Behavior\ReadHtmlCacheBehavior [ RunTime:0.001000s ]
INFO: [ app_begin ] --END-- [ RunTime:0.001000s ]
SQL: SHOW COLUMNS FROM `xingchi_order` [ RunTime:0.0030s ]
SQL: SELECT o.*,u.username,c.* FROM xingchi_order o INNER JOIN user u on o.user_id=u.user_id INNER JOIN xingchi_consignee c on o.cgn_id=c.cgn_id  WHERE `order_id` = '11' LIMIT 1   [ RunTime:0.0000s ]
SQL: SHOW COLUMNS FROM `xingchi_order_goods` [ RunTime:0.0030s ]
SQL: SELECT og.*,g.goods_name FROM xingchi_order_goods og INNER JOIN xingchi_goods g on og.goods_id=g.id  WHERE og.order_id = '11'  [ RunTime:0.0000s ]
INFO: [ view_parse ] --START--
INFO: [ template_filter ] --START--
INFO: Run Behavior\ContentReplaceBehavior [ RunTime:0.000000s ]
INFO: [ template_filter ] --END-- [ RunTime:0.000000s ]
NOTIC: [8] Undefined index:  E:\CZwj\xingchi\Application\Runtime\Cache\Admin\badcf48b869e2273f2c1c9046770822d.php 第 90 行.
INFO: Run Behavior\ParseTemplateBehavior [ RunTime:0.018001s ]
INFO: [ view_parse ] --END-- [ RunTime:0.018001s ]
INFO: [ view_filter ] --START--
INFO: Run Behavior\WriteHtmlCacheBehavior [ RunTime:0.000000s ]
INFO: [ view_filter ] --END-- [ RunTime:0.001000s ]
INFO: [ app_end ] --START--
INFO: Run Behavior\ShowPageTraceBehavior [ RunTime:0.000000s ]
INFO: [ app_end ] --END-- [ RunTime:0.000000s ]

[ 2017-04-13T23:29:45+08:00 ] 127.0.0.1 /index.php/Admin/order/showlist
INFO: [ app_init ] --START--
INFO: Run Behavior\BuildLiteBehavior [ RunTime:0.000000s ]
INFO: [ app_init ] --END-- [ RunTime:0.000000s ]
INFO: [ app_begin ] --START--
INFO: Run Behavior\ReadHtmlCacheBehavior [ RunTime:0.001000s ]
INFO: [ app_begin ] --END-- [ RunTime:0.001000s ]
SQL: SHOW COLUMNS FROM `xingchi_order` [ RunTime:0.0440s ]
SQL: SELECT * FROM `xingchi_order` ORDER BY order_id desc  [ RunTime:0.0000s ]
INFO: [ view_parse ] --START--
INFO: [ template_filter ] --START--
INFO: Run Behavior\ContentReplaceBehavior [ RunTime:0.000000s ]
INFO: [ template_filter ] --END-- [ RunTime:0.000000s ]
INFO: Run Behavior\ParseTemplateBehavior [ RunTime:0.017001s ]
INFO: [ view_parse ] --END-- [ RunTime:0.018001s ]
INFO: [ view_filter ] --START--
INFO: Run Behavior\WriteHtmlCacheBehavior [ RunTime:0.000000s ]
INFO: [ view_filter ] --END-- [ RunTime:0.000000s ]
INFO: [ app_end ] --START--
INFO: Run Behavior\ShowPageTraceBehavior [ RunTime:0.001000s ]
INFO: [ app_end ] --END-- [ RunTime:0.001000s ]

[ 2017-04-13T23:31:05+08:00 ] 127.0.0.1 /index.php/Admin/Order/detail/order_id/3.html
INFO: [ app_init ] --START--
INFO: Run Behavior\BuildLiteBehavior [ RunTime:0.000000s ]
INFO: [ app_init ] --END-- [ RunTime:0.001000s ]
INFO: [ app_begin ] --START--
INFO: Run Behavior\ReadHtmlCacheBehavior [ RunTime:0.000000s ]
INFO: [ app_begin ] --END-- [ RunTime:0.000000s ]
SQL: SHOW COLUMNS FROM `xingchi_order` [ RunTime:0.0220s ]
SQL: SELECT o.*,u.username,c.* FROM xingchi_order o INNER JOIN user u on o.user_id=u.user_id INNER JOIN xingchi_consignee c on o.cgn_id=c.cgn_id  WHERE `order_id` = '3' LIMIT 1   [ RunTime:0.0010s ]
SQL: SHOW COLUMNS FROM `xingchi_order_goods` [ RunTime:0.0200s ]
SQL: SELECT og.*,g.goods_name FROM xingchi_order_goods og INNER JOIN xingchi_goods g on og.goods_id=g.id  WHERE og.order_id = '3'  [ RunTime:0.0000s ]
INFO: [ view_parse ] --START--
INFO: [ template_filter ] --START--
INFO: Run Behavior\ContentReplaceBehavior [ RunTime:0.000000s ]
INFO: [ template_filter ] --END-- [ RunTime:0.000000s ]
INFO: Run Behavior\ParseTemplateBehavior [ RunTime:0.021001s ]
INFO: [ view_parse ] --END-- [ RunTime:0.021001s ]
INFO: [ view_filter ] --START--
INFO: Run Behavior\WriteHtmlCacheBehavior [ RunTime:0.000000s ]
INFO: [ view_filter ] --END-- [ RunTime:0.000000s ]
INFO: [ app_end ] --START--
INFO: Run Behavior\ShowPageTraceBehavior [ RunTime:0.001000s ]
INFO: [ app_end ] --END-- [ RunTime:0.001000s ]

[ 2017-04-13T23:34:10+08:00 ] 127.0.0.1 /index.php/Admin/Order/detail/order_id/13.html
INFO: [ app_init ] --START--
INFO: Run Behavior\BuildLiteBehavior [ RunTime:0.000000s ]
INFO: [ app_init ] --END-- [ RunTime:0.000000s ]
INFO: [ app_begin ] --START--
INFO: Run Behavior\ReadHtmlCacheBehavior [ RunTime:0.107006s ]
INFO: [ app_begin ] --END-- [ RunTime:0.107006s ]
SQL: SHOW COLUMNS FROM `xingchi_order` [ RunTime:13.1838s ]
SQL: SELECT o.*,u.username,c.* FROM xingchi_order o INNER JOIN user u on o.user_id=u.user_id INNER JOIN xingchi_consignee c on o.cgn_id=c.cgn_id  WHERE `order_id` = '13' LIMIT 1   [ RunTime:0.1870s ]
SQL: SHOW COLUMNS FROM `xingchi_order_goods` [ RunTime:0.0050s ]
SQL: SELECT og.*,g.goods_name FROM xingchi_order_goods og INNER JOIN xingchi_goods g on og.goods_id=g.id  WHERE og.order_id = '13'  [ RunTime:0.0000s ]
INFO: [ view_parse ] --START--
INFO: [ template_filter ] --START--
INFO: Run Behavior\ContentReplaceBehavior [ RunTime:0.000000s ]
INFO: [ template_filter ] --END-- [ RunTime:0.000000s ]
INFO: Run Behavior\ParseTemplateBehavior [ RunTime:0.582034s ]
INFO: [ view_parse ] --END-- [ RunTime:0.583034s ]
INFO: [ view_filter ] --START--
INFO: Run Behavior\WriteHtmlCacheBehavior [ RunTime:0.257014s ]
INFO: [ view_filter ] --END-- [ RunTime:0.257014s ]
INFO: [ app_end ] --START--
INFO: Run Behavior\ShowPageTraceBehavior [ RunTime:0.017001s ]
INFO: [ app_end ] --END-- [ RunTime:0.018001s ]

[ 2017-04-13T23:34:10+08:00 ] 127.0.0.1 /index.php/Admin/Order/detail/order_id/5.html
INFO: [ app_init ] --START--
INFO: Run Behavior\BuildLiteBehavior [ RunTime:0.000000s ]
INFO: [ app_init ] --END-- [ RunTime:0.001000s ]
INFO: [ app_begin ] --START--
INFO: Run Behavior\ReadHtmlCacheBehavior [ RunTime:0.001000s ]
INFO: [ app_begin ] --END-- [ RunTime:0.001000s ]
SQL: SHOW COLUMNS FROM `xingchi_order` [ RunTime:0.0080s ]
SQL: SELECT o.*,u.username,c.* FROM xingchi_order o INNER JOIN user u on o.user_id=u.user_id INNER JOIN xingchi_consignee c on o.cgn_id=c.cgn_id  WHERE `order_id` = '5' LIMIT 1   [ RunTime:0.0010s ]
SQL: SHOW COLUMNS FROM `xingchi_order_goods` [ RunTime:0.0070s ]
SQL: SELECT og.*,g.goods_name FROM xingchi_order_goods og INNER JOIN xingchi_goods g on og.goods_id=g.id  WHERE og.order_id = '5'  [ RunTime:0.0430s ]
INFO: [ view_parse ] --START--
INFO: [ template_filter ] --START--
INFO: Run Behavior\ContentReplaceBehavior [ RunTime:0.000000s ]
INFO: [ template_filter ] --END-- [ RunTime:0.000000s ]
INFO: Run Behavior\ParseTemplateBehavior [ RunTime:0.014001s ]
INFO: [ view_parse ] --END-- [ RunTime:0.014001s ]
INFO: [ view_filter ] --START--
INFO: Run Behavior\WriteHtmlCacheBehavior [ RunTime:0.000000s ]
INFO: [ view_filter ] --END-- [ RunTime:0.000000s ]
INFO: [ app_end ] --START--
INFO: Run Behavior\ShowPageTraceBehavior [ RunTime:0.001000s ]
INFO: [ app_end ] --END-- [ RunTime:0.001000s ]

[ 2017-04-13T23:34:33+08:00 ] 127.0.0.1 /index.php/Admin/Order/detail/order_id/5.html
INFO: [ app_init ] --START--
INFO: Run Behavior\BuildLiteBehavior [ RunTime:0.000000s ]
INFO: [ app_init ] --END-- [ RunTime:0.000000s ]
INFO: [ app_begin ] --START--
INFO: Run Behavior\ReadHtmlCacheBehavior [ RunTime:0.001000s ]
INFO: [ app_begin ] --END-- [ RunTime:0.001000s ]
SQL: SHOW COLUMNS FROM `xingchi_order` [ RunTime:0.0040s ]
SQL: SELECT o.*,u.username,c.* FROM xingchi_order o INNER JOIN user u on o.user_id=u.user_id INNER JOIN xingchi_consignee c on o.cgn_id=c.cgn_id  WHERE `order_id` = '5' LIMIT 1   [ RunTime:0.0000s ]
SQL: SHOW COLUMNS FROM `xingchi_order_goods` [ RunTime:0.0030s ]
SQL: SELECT og.*,g.goods_name FROM xingchi_order_goods og INNER JOIN xingchi_goods g on og.goods_id=g.id  WHERE og.order_id = '5'  [ RunTime:0.0000s ]
INFO: [ view_parse ] --START--
INFO: [ template_filter ] --START--
INFO: Run Behavior\ContentReplaceBehavior [ RunTime:0.000000s ]
INFO: [ template_filter ] --END-- [ RunTime:0.000000s ]
INFO: Run Behavior\ParseTemplateBehavior [ RunTime:0.011001s ]
INFO: [ view_parse ] --END-- [ RunTime:0.011001s ]
INFO: [ view_filter ] --START--
INFO: Run Behavior\WriteHtmlCacheBehavior [ RunTime:0.000000s ]
INFO: [ view_filter ] --END-- [ RunTime:0.000000s ]
INFO: [ app_end ] --START--
INFO: Run Behavior\ShowPageTraceBehavior [ RunTime:0.000000s ]
INFO: [ app_end ] --END-- [ RunTime:0.000000s ]

[ 2017-04-13T23:35:07+08:00 ] 127.0.0.1 /index.php/Admin/Order/detail/order_id/7.html
INFO: [ app_init ] --START--
INFO: Run Behavior\BuildLiteBehavior [ RunTime:0.000000s ]
INFO: [ app_init ] --END-- [ RunTime:0.000000s ]
INFO: [ app_begin ] --START--
INFO: Run Behavior\ReadHtmlCacheBehavior [ RunTime:0.000000s ]
INFO: [ app_begin ] --END-- [ RunTime:0.000000s ]
SQL: SHOW COLUMNS FROM `xingchi_order` [ RunTime:0.0040s ]
SQL: SELECT o.*,u.username,c.* FROM xingchi_order o INNER JOIN user u on o.user_id=u.user_id INNER JOIN xingchi_consignee c on o.cgn_id=c.cgn_id  WHERE `order_id` = '7' LIMIT 1   [ RunTime:0.0000s ]
SQL: SHOW COLUMNS FROM `xingchi_order_goods` [ RunTime:0.0030s ]
SQL: SELECT og.*,g.goods_name FROM xingchi_order_goods og INNER JOIN xingchi_goods g on og.goods_id=g.id  WHERE og.order_id = '7'  [ RunTime:0.0010s ]
INFO: [ view_parse ] --START--
INFO: [ template_filter ] --START--
INFO: Run Behavior\ContentReplaceBehavior [ RunTime:0.000000s ]
INFO: [ template_filter ] --END-- [ RunTime:0.000000s ]
INFO: Run Behavior\ParseTemplateBehavior [ RunTime:0.011001s ]
INFO: [ view_parse ] --END-- [ RunTime:0.011001s ]
INFO: [ view_filter ] --START--
INFO: Run Behavior\WriteHtmlCacheBehavior [ RunTime:0.000000s ]
INFO: [ view_filter ] --END-- [ RunTime:0.000000s ]
INFO: [ app_end ] --START--
INFO: Run Behavior\ShowPageTraceBehavior [ RunTime:0.001000s ]
INFO: [ app_end ] --END-- [ RunTime:0.001000s ]

[ 2017-04-13T23:35:07+08:00 ] 127.0.0.1 /index.php/Admin/Order/detail/order_id/jquery-1.8.2.min.js
INFO: [ app_init ] --START--
INFO: Run Behavior\BuildLiteBehavior [ RunTime:0.000000s ]
INFO: [ app_init ] --END-- [ RunTime:0.001000s ]
INFO: [ app_begin ] --START--
INFO: Run Behavior\ReadHtmlCacheBehavior [ RunTime:0.000000s ]
INFO: [ app_begin ] --END-- [ RunTime:0.000000s ]
SQL: SHOW COLUMNS FROM `xingchi_order` [ RunTime:0.0040s ]
SQL: SELECT o.*,u.username,c.* FROM xingchi_order o INNER JOIN user u on o.user_id=u.user_id INNER JOIN xingchi_consignee c on o.cgn_id=c.cgn_id  WHERE `order_id` = 'jquery-1.8.2.min.js' LIMIT 1   [ RunTime:0.0010s ]
SQL: SHOW COLUMNS FROM `xingchi_order_goods` [ RunTime:0.0040s ]
SQL: SELECT og.*,g.goods_name FROM xingchi_order_goods og INNER JOIN xingchi_goods g on og.goods_id=g.id  WHERE og.order_id = 'jquery-1.8.2.min.js'  [ RunTime:0.0000s ]
INFO: [ view_parse ] --START--
INFO: [ template_filter ] --START--
INFO: Run Behavior\ContentReplaceBehavior [ RunTime:0.000000s ]
INFO: [ template_filter ] --END-- [ RunTime:0.000000s ]
NOTIC: [8] Undefined index:  E:\CZwj\xingchi\Application\Runtime\Cache\Admin\badcf48b869e2273f2c1c9046770822d.php 第 90 行.
INFO: Run Behavior\ParseTemplateBehavior [ RunTime:0.011001s ]
INFO: [ view_parse ] --END-- [ RunTime:0.011001s ]
INFO: [ view_filter ] --START--
INFO: Run Behavior\WriteHtmlCacheBehavior [ RunTime:0.001000s ]
INFO: [ view_filter ] --END-- [ RunTime:0.001000s ]
INFO: [ app_end ] --START--
INFO: Run Behavior\ShowPageTraceBehavior [ RunTime:0.000000s ]
INFO: [ app_end ] --END-- [ RunTime:0.000000s ]

[ 2017-04-13T23:35:07+08:00 ] 127.0.0.1 /index.php/Admin/Order/detail/order_id/tb.gif
INFO: [ app_init ] --START--
INFO: Run Behavior\BuildLiteBehavior [ RunTime:0.000000s ]
INFO: [ app_init ] --END-- [ RunTime:0.001000s ]

[ 2017-04-13T23:35:14+08:00 ] 127.0.0.1 /index.php/Admin/Order/detail/order_id/4.html
INFO: [ app_init ] --START--
INFO: Run Behavior\BuildLiteBehavior [ RunTime:0.000000s ]
INFO: [ app_init ] --END-- [ RunTime:0.000000s ]
INFO: [ app_begin ] --START--
INFO: Run Behavior\ReadHtmlCacheBehavior [ RunTime:0.000000s ]
INFO: [ app_begin ] --END-- [ RunTime:0.000000s ]
SQL: SHOW COLUMNS FROM `xingchi_order` [ RunTime:0.0040s ]
SQL: SELECT o.*,u.username,c.* FROM xingchi_order o INNER JOIN user u on o.user_id=u.user_id INNER JOIN xingchi_consignee c on o.cgn_id=c.cgn_id  WHERE `order_id` = '4' LIMIT 1   [ RunTime:0.0000s ]
SQL: SHOW COLUMNS FROM `xingchi_order_goods` [ RunTime:0.0030s ]
SQL: SELECT og.*,g.goods_name FROM xingchi_order_goods og INNER JOIN xingchi_goods g on og.goods_id=g.id  WHERE og.order_id = '4'  [ RunTime:0.0000s ]
INFO: [ view_parse ] --START--
INFO: [ template_filter ] --START--
INFO: Run Behavior\ContentReplaceBehavior [ RunTime:0.000000s ]
INFO: [ template_filter ] --END-- [ RunTime:0.000000s ]
INFO: Run Behavior\ParseTemplateBehavior [ RunTime:0.011001s ]
INFO: [ view_parse ] --END-- [ RunTime:0.011001s ]
INFO: [ view_filter ] --START--
INFO: Run Behavior\WriteHtmlCacheBehavior [ RunTime:0.000000s ]
INFO: [ view_filter ] --END-- [ RunTime:0.000000s ]
INFO: [ app_end ] --START--
INFO: Run Behavior\ShowPageTraceBehavior [ RunTime:0.001000s ]
INFO: [ app_end ] --END-- [ RunTime:0.001000s ]

[ 2017-04-13T23:35:14+08:00 ] 127.0.0.1 /index.php/Admin/Order/detail/order_id/jquery-1.8.2.min.js
INFO: [ app_init ] --START--
INFO: Run Behavior\BuildLiteBehavior [ RunTime:0.000000s ]
INFO: [ app_init ] --END-- [ RunTime:0.000000s ]
INFO: [ app_begin ] --START--
INFO: Run Behavior\ReadHtmlCacheBehavior [ RunTime:0.000000s ]
INFO: [ app_begin ] --END-- [ RunTime:0.000000s ]
SQL: SHOW COLUMNS FROM `xingchi_order` [ RunTime:0.0050s ]
SQL: SELECT o.*,u.username,c.* FROM xingchi_order o INNER JOIN user u on o.user_id=u.user_id INNER JOIN xingchi_consignee c on o.cgn_id=c.cgn_id  WHERE `order_id` = 'jquery-1.8.2.min.js' LIMIT 1   [ RunTime:0.0000s ]
SQL: SHOW COLUMNS FROM `xingchi_order_goods` [ RunTime:0.0040s ]
SQL: SELECT og.*,g.goods_name FROM xingchi_order_goods og INNER JOIN xingchi_goods g on og.goods_id=g.id  WHERE og.order_id = 'jquery-1.8.2.min.js'  [ RunTime:0.0000s ]
INFO: [ view_parse ] --START--
INFO: [ template_filter ] --START--
INFO: Run Behavior\ContentReplaceBehavior [ RunTime:0.000000s ]
INFO: [ template_filter ] --END-- [ RunTime:0.000000s ]
NOTIC: [8] Undefined index:  E:\CZwj\xingchi\Application\Runtime\Cache\Admin\badcf48b869e2273f2c1c9046770822d.php 第 90 行.
INFO: Run Behavior\ParseTemplateBehavior [ RunTime:0.014000s ]
INFO: [ view_parse ] --END-- [ RunTime:0.014000s ]
INFO: [ view_filter ] --START--
INFO: Run Behavior\WriteHtmlCacheBehavior [ RunTime:0.000000s ]
INFO: [ view_filter ] --END-- [ RunTime:0.000000s ]
INFO: [ app_end ] --START--
INFO: Run Behavior\ShowPageTraceBehavior [ RunTime:0.000000s ]
INFO: [ app_end ] --END-- [ RunTime:0.000000s ]

[ 2017-04-13T23:35:14+08:00 ] 127.0.0.1 /index.php/Admin/Order/detail/order_id/tb.gif
INFO: [ app_init ] --START--
INFO: Run Behavior\BuildLiteBehavior [ RunTime:0.000000s ]
INFO: [ app_init ] --END-- [ RunTime:0.001000s ]

[ 2017-04-13T23:35:24+08:00 ] 127.0.0.1 /index.php/Admin/Order/detail/order_id/4.html
INFO: [ app_init ] --START--
INFO: Run Behavior\BuildLiteBehavior [ RunTime:0.000000s ]
INFO: [ app_init ] --END-- [ RunTime:0.000000s ]
INFO: [ app_begin ] --START--
INFO: Run Behavior\ReadHtmlCacheBehavior [ RunTime:0.001000s ]
INFO: [ app_begin ] --END-- [ RunTime:0.001000s ]
SQL: SHOW COLUMNS FROM `xingchi_order` [ RunTime:0.0040s ]
SQL: SELECT o.*,u.username,c.* FROM xingchi_order o INNER JOIN user u on o.user_id=u.user_id INNER JOIN xingchi_consignee c on o.cgn_id=c.cgn_id  WHERE `order_id` = '4' LIMIT 1   [ RunTime:0.0010s ]
SQL: SHOW COLUMNS FROM `xingchi_order_goods` [ RunTime:0.0030s ]
SQL: SELECT og.*,g.goods_name FROM xingchi_order_goods og INNER JOIN xingchi_goods g on og.goods_id=g.id  WHERE og.order_id = '4'  [ RunTime:0.0000s ]
INFO: [ view_parse ] --START--
INFO: [ template_filter ] --START--
INFO: Run Behavior\ContentReplaceBehavior [ RunTime:0.000000s ]
INFO: [ template_filter ] --END-- [ RunTime:0.000000s ]
INFO: Run Behavior\ParseTemplateBehavior [ RunTime:0.011001s ]
INFO: [ view_parse ] --END-- [ RunTime:0.011001s ]
INFO: [ view_filter ] --START--
INFO: Run Behavior\WriteHtmlCacheBehavior [ RunTime:0.000000s ]
INFO: [ view_filter ] --END-- [ RunTime:0.000000s ]
INFO: [ app_end ] --START--
INFO: Run Behavior\ShowPageTraceBehavior [ RunTime:0.001000s ]
INFO: [ app_end ] --END-- [ RunTime:0.001000s ]

[ 2017-04-13T23:35:24+08:00 ] 127.0.0.1 /index.php/Admin/Order/detail/order_id/jquery-1.8.2.min.js
INFO: [ app_init ] --START--
INFO: Run Behavior\BuildLiteBehavior [ RunTime:0.000000s ]
INFO: [ app_init ] --END-- [ RunTime:0.001000s ]
INFO: [ app_begin ] --START--
INFO: Run Behavior\ReadHtmlCacheBehavior [ RunTime:0.000000s ]
INFO: [ app_begin ] --END-- [ RunTime:0.000000s ]
SQL: SHOW COLUMNS FROM `xingchi_order` [ RunTime:0.0040s ]
SQL: SELECT o.*,u.username,c.* FROM xingchi_order o INNER JOIN user u on o.user_id=u.user_id INNER JOIN xingchi_consignee c on o.cgn_id=c.cgn_id  WHERE `order_id` = 'jquery-1.8.2.min.js' LIMIT 1   [ RunTime:0.0000s ]
SQL: SHOW COLUMNS FROM `xingchi_order_goods` [ RunTime:0.0030s ]
SQL: SELECT og.*,g.goods_name FROM xingchi_order_goods og INNER JOIN xingchi_goods g on og.goods_id=g.id  WHERE og.order_id = 'jquery-1.8.2.min.js'  [ RunTime:0.0000s ]
INFO: [ view_parse ] --START--
INFO: [ template_filter ] --START--
INFO: Run Behavior\ContentReplaceBehavior [ RunTime:0.000000s ]
INFO: [ template_filter ] --END-- [ RunTime:0.000000s ]
NOTIC: [8] Undefined index:  E:\CZwj\xingchi\Application\Runtime\Cache\Admin\badcf48b869e2273f2c1c9046770822d.php 第 90 行.
INFO: Run Behavior\ParseTemplateBehavior [ RunTime:0.013000s ]
INFO: [ view_parse ] --END-- [ RunTime:0.013000s ]
INFO: [ view_filter ] --START--
INFO: Run Behavior\WriteHtmlCacheBehavior [ RunTime:0.000000s ]
INFO: [ view_filter ] --END-- [ RunTime:0.000000s ]
INFO: [ app_end ] --START--
INFO: Run Behavior\ShowPageTraceBehavior [ RunTime:0.001000s ]
INFO: [ app_end ] --END-- [ RunTime:0.001000s ]

[ 2017-04-13T23:35:24+08:00 ] 127.0.0.1 /index.php/Admin/Order/detail/order_id/tb.gif
INFO: [ app_init ] --START--
INFO: Run Behavior\BuildLiteBehavior [ RunTime:0.000000s ]
INFO: [ app_init ] --END-- [ RunTime:0.000000s ]

[ 2017-04-13T23:35:29+08:00 ] 127.0.0.1 /index.php/Admin/Order/showlist.html
INFO: [ app_init ] --START--
INFO: Run Behavior\BuildLiteBehavior [ RunTime:0.000000s ]
INFO: [ app_init ] --END-- [ RunTime:0.000000s ]
INFO: [ app_begin ] --START--
INFO: Run Behavior\ReadHtmlCacheBehavior [ RunTime:0.000000s ]
INFO: [ app_begin ] --END-- [ RunTime:0.000000s ]
SQL: SHOW COLUMNS FROM `xingchi_order` [ RunTime:0.0030s ]
SQL: SELECT * FROM `xingchi_order` ORDER BY order_id desc  [ RunTime:0.0000s ]
INFO: [ view_parse ] --START--
INFO: [ template_filter ] --START--
INFO: Run Behavior\ContentReplaceBehavior [ RunTime:0.000000s ]
INFO: [ template_filter ] --END-- [ RunTime:0.000000s ]
INFO: Run Behavior\ParseTemplateBehavior [ RunTime:0.033002s ]
INFO: [ view_parse ] --END-- [ RunTime:0.033002s ]
INFO: [ view_filter ] --START--
INFO: Run Behavior\WriteHtmlCacheBehavior [ RunTime:0.000000s ]
INFO: [ view_filter ] --END-- [ RunTime:0.000000s ]
INFO: [ app_end ] --START--
INFO: Run Behavior\ShowPageTraceBehavior [ RunTime:0.001000s ]
INFO: [ app_end ] --END-- [ RunTime:0.001000s ]

[ 2017-04-13T23:35:31+08:00 ] 127.0.0.1 /index.php/Admin/Order/detail/order_id/11.html
INFO: [ app_init ] --START--
INFO: Run Behavior\BuildLiteBehavior [ RunTime:0.000000s ]
INFO: [ app_init ] --END-- [ RunTime:0.000000s ]
INFO: [ app_begin ] --START--
INFO: Run Behavior\ReadHtmlCacheBehavior [ RunTime:0.000000s ]
INFO: [ app_begin ] --END-- [ RunTime:0.000000s ]
SQL: SHOW COLUMNS FROM `xingchi_order` [ RunTime:0.0040s ]
SQL: SELECT o.*,u.username,c.* FROM xingchi_order o INNER JOIN user u on o.user_id=u.user_id INNER JOIN xingchi_consignee c on o.cgn_id=c.cgn_id  WHERE `order_id` = '11' LIMIT 1   [ RunTime:0.0010s ]
SQL: SHOW COLUMNS FROM `xingchi_order_goods` [ RunTime:0.0040s ]
SQL: SELECT og.*,g.goods_name FROM xingchi_order_goods og INNER JOIN xingchi_goods g on og.goods_id=g.id  WHERE og.order_id = '11'  [ RunTime:0.0010s ]
INFO: [ view_parse ] --START--
INFO: [ template_filter ] --START--
INFO: Run Behavior\ContentReplaceBehavior [ RunTime:0.000000s ]
INFO: [ template_filter ] --END-- [ RunTime:0.000000s ]
NOTIC: [8] Undefined index:  E:\CZwj\xingchi\Application\Runtime\Cache\Admin\badcf48b869e2273f2c1c9046770822d.php 第 90 行.
INFO: Run Behavior\ParseTemplateBehavior [ RunTime:0.011000s ]
INFO: [ view_parse ] --END-- [ RunTime:0.011000s ]
INFO: [ view_filter ] --START--
INFO: Run Behavior\WriteHtmlCacheBehavior [ RunTime:0.000000s ]
INFO: [ view_filter ] --END-- [ RunTime:0.000000s ]
INFO: [ app_end ] --START--
INFO: Run Behavior\ShowPageTraceBehavior [ RunTime:0.000000s ]
INFO: [ app_end ] --END-- [ RunTime:0.000000s ]

[ 2017-04-13T23:35:31+08:00 ] 127.0.0.1 /index.php/Admin/Order/detail/order_id/jquery-1.8.2.min.js
INFO: [ app_init ] --START--
INFO: Run Behavior\BuildLiteBehavior [ RunTime:0.000000s ]
INFO: [ app_init ] --END-- [ RunTime:0.000000s ]
INFO: [ app_begin ] --START--
INFO: Run Behavior\ReadHtmlCacheBehavior [ RunTime:0.000000s ]
INFO: [ app_begin ] --END-- [ RunTime:0.000000s ]
SQL: SHOW COLUMNS FROM `xingchi_order` [ RunTime:0.0040s ]
SQL: SELECT o.*,u.username,c.* FROM xingchi_order o INNER JOIN user u on o.user_id=u.user_id INNER JOIN xingchi_consignee c on o.cgn_id=c.cgn_id  WHERE `order_id` = 'jquery-1.8.2.min.js' LIMIT 1   [ RunTime:0.0000s ]
SQL: SHOW COLUMNS FROM `xingchi_order_goods` [ RunTime:0.0050s ]
SQL: SELECT og.*,g.goods_name FROM xingchi_order_goods og INNER JOIN xingchi_goods g on og.goods_id=g.id  WHERE og.order_id = 'jquery-1.8.2.min.js'  [ RunTime:0.0010s ]
INFO: [ view_parse ] --START--
INFO: [ template_filter ] --START--
INFO: Run Behavior\ContentReplaceBehavior [ RunTime:0.000000s ]
INFO: [ template_filter ] --END-- [ RunTime:0.000000s ]
NOTIC: [8] Undefined index:  E:\CZwj\xingchi\Application\Runtime\Cache\Admin\badcf48b869e2273f2c1c9046770822d.php 第 90 行.
INFO: Run Behavior\ParseTemplateBehavior [ RunTime:0.010001s ]
INFO: [ view_parse ] --END-- [ RunTime:0.010001s ]
INFO: [ view_filter ] --START--
INFO: Run Behavior\WriteHtmlCacheBehavior [ RunTime:0.001000s ]
INFO: [ view_filter ] --END-- [ RunTime:0.001000s ]
INFO: [ app_end ] --START--
INFO: Run Behavior\ShowPageTraceBehavior [ RunTime:0.000000s ]
INFO: [ app_end ] --END-- [ RunTime:0.000000s ]

[ 2017-04-13T23:35:31+08:00 ] 127.0.0.1 /index.php/Admin/Order/detail/order_id/tb.gif
INFO: [ app_init ] --START--
INFO: Run Behavior\BuildLiteBehavior [ RunTime:0.000000s ]
INFO: [ app_init ] --END-- [ RunTime:0.001000s ]

[ 2017-04-13T23:35:39+08:00 ] 127.0.0.1 /index.php/Admin/Order/detail/order_id/14.html
INFO: [ app_init ] --START--
INFO: Run Behavior\BuildLiteBehavior [ RunTime:0.000000s ]
INFO: [ app_init ] --END-- [ RunTime:0.001000s ]
INFO: [ app_begin ] --START--
INFO: Run Behavior\ReadHtmlCacheBehavior [ RunTime:0.001000s ]
INFO: [ app_begin ] --END-- [ RunTime:0.001000s ]
SQL: SHOW COLUMNS FROM `xingchi_order` [ RunTime:0.0050s ]
SQL: SELECT o.*,u.username,c.* FROM xingchi_order o INNER JOIN user u on o.user_id=u.user_id INNER JOIN xingchi_consignee c on o.cgn_id=c.cgn_id  WHERE `order_id` = '14' LIMIT 1   [ RunTime:0.0000s ]
SQL: SHOW COLUMNS FROM `xingchi_order_goods` [ RunTime:0.0050s ]
SQL: SELECT og.*,g.goods_name FROM xingchi_order_goods og INNER JOIN xingchi_goods g on og.goods_id=g.id  WHERE og.order_id = '14'  [ RunTime:0.0010s ]
INFO: [ view_parse ] --START--
INFO: [ template_filter ] --START--
INFO: Run Behavior\ContentReplaceBehavior [ RunTime:0.000000s ]
INFO: [ template_filter ] --END-- [ RunTime:0.000000s ]
INFO: Run Behavior\ParseTemplateBehavior [ RunTime:0.013001s ]
INFO: [ view_parse ] --END-- [ RunTime:0.013001s ]
INFO: [ view_filter ] --START--
INFO: Run Behavior\WriteHtmlCacheBehavior [ RunTime:0.000000s ]
INFO: [ view_filter ] --END-- [ RunTime:0.000000s ]
INFO: [ app_end ] --START--
INFO: Run Behavior\ShowPageTraceBehavior [ RunTime:0.000000s ]
INFO: [ app_end ] --END-- [ RunTime:0.000000s ]

[ 2017-04-13T23:35:39+08:00 ] 127.0.0.1 /index.php/Admin/Order/detail/order_id/jquery-1.8.2.min.js
INFO: [ app_init ] --START--
INFO: Run Behavior\BuildLiteBehavior [ RunTime:0.000000s ]
INFO: [ app_init ] --END-- [ RunTime:0.000000s ]
INFO: [ app_begin ] --START--
INFO: Run Behavior\ReadHtmlCacheBehavior [ RunTime:0.001000s ]
INFO: [ app_begin ] --END-- [ RunTime:0.001000s ]
SQL: SHOW COLUMNS FROM `xingchi_order` [ RunTime:0.0040s ]
SQL: SELECT o.*,u.username,c.* FROM xingchi_order o INNER JOIN user u on o.user_id=u.user_id INNER JOIN xingchi_consignee c on o.cgn_id=c.cgn_id  WHERE `order_id` = 'jquery-1.8.2.min.js' LIMIT 1   [ RunTime:0.0000s ]
SQL: SHOW COLUMNS FROM `xingchi_order_goods` [ RunTime:0.0030s ]
SQL: SELECT og.*,g.goods_name FROM xingchi_order_goods og INNER JOIN xingchi_goods g on og.goods_id=g.id  WHERE og.order_id = 'jquery-1.8.2.min.js'  [ RunTime:0.0000s ]
INFO: [ view_parse ] --START--
INFO: [ template_filter ] --START--
INFO: Run Behavior\ContentReplaceBehavior [ RunTime:0.000000s ]
INFO: [ template_filter ] --END-- [ RunTime:0.000000s ]
NOTIC: [8] Undefined index:  E:\CZwj\xingchi\Application\Runtime\Cache\Admin\badcf48b869e2273f2c1c9046770822d.php 第 90 行.
INFO: Run Behavior\ParseTemplateBehavior [ RunTime:0.013001s ]
INFO: [ view_parse ] --END-- [ RunTime:0.013001s ]
INFO: [ view_filter ] --START--
INFO: Run Behavior\WriteHtmlCacheBehavior [ RunTime:0.001000s ]
INFO: [ view_filter ] --END-- [ RunTime:0.001000s ]
INFO: [ app_end ] --START--
INFO: Run Behavior\ShowPageTraceBehavior [ RunTime:0.000000s ]
INFO: [ app_end ] --END-- [ RunTime:0.000000s ]

[ 2017-04-13T23:35:39+08:00 ] 127.0.0.1 /index.php/Admin/Order/detail/order_id/tb.gif
INFO: [ app_init ] --START--
INFO: Run Behavior\BuildLiteBehavior [ RunTime:0.000000s ]
INFO: [ app_init ] --END-- [ RunTime:0.000000s ]

[ 2017-04-13T23:39:21+08:00 ] 127.0.0.1 /index.php/Admin/Order/detail/order_id/8.html
INFO: [ app_init ] --START--
INFO: Run Behavior\BuildLiteBehavior [ RunTime:0.001000s ]
INFO: [ app_init ] --END-- [ RunTime:0.001000s ]
INFO: [ app_begin ] --START--
INFO: Run Behavior\ReadHtmlCacheBehavior [ RunTime:0.000000s ]
INFO: [ app_begin ] --END-- [ RunTime:0.001000s ]
SQL: SHOW COLUMNS FROM `xingchi_order` [ RunTime:0.0040s ]
SQL: SELECT o.*,u.username,c.* FROM xingchi_order o INNER JOIN user u on o.user_id=u.user_id INNER JOIN xingchi_consignee c on o.cgn_id=c.cgn_id  WHERE `order_id` = '8' LIMIT 1   [ RunTime:0.0000s ]
SQL: SHOW COLUMNS FROM `xingchi_order_goods` [ RunTime:0.0040s ]
SQL: SELECT og.*,g.goods_name FROM xingchi_order_goods og INNER JOIN xingchi_goods g on og.goods_id=g.id  WHERE og.order_id = '8'  [ RunTime:0.0000s ]
INFO: [ view_parse ] --START--
INFO: [ template_filter ] --START--
INFO: Run Behavior\ContentReplaceBehavior [ RunTime:0.000000s ]
INFO: [ template_filter ] --END-- [ RunTime:0.000000s ]
INFO: Run Behavior\ParseTemplateBehavior [ RunTime:0.019001s ]
INFO: [ view_parse ] --END-- [ RunTime:0.019001s ]
INFO: [ view_filter ] --START--
INFO: Run Behavior\WriteHtmlCacheBehavior [ RunTime:0.000000s ]
INFO: [ view_filter ] --END-- [ RunTime:0.000000s ]
INFO: [ app_end ] --START--
INFO: Run Behavior\ShowPageTraceBehavior [ RunTime:0.001000s ]
INFO: [ app_end ] --END-- [ RunTime:0.001000s ]

[ 2017-04-13T23:39:21+08:00 ] 127.0.0.1 /index.php/Admin/Order/detail/order_id/tb.gif
INFO: [ app_init ] --START--
INFO: Run Behavior\BuildLiteBehavior [ RunTime:0.000000s ]
INFO: [ app_init ] --END-- [ RunTime:0.000000s ]

[ 2017-04-13T23:39:21+08:00 ] 127.0.0.1 /index.php/Admin/Order/detail/order_id/jquery-1.8.2.min.js
INFO: [ app_init ] --START--
INFO: Run Behavior\BuildLiteBehavior [ RunTime:0.000000s ]
INFO: [ app_init ] --END-- [ RunTime:0.000000s ]
INFO: [ app_begin ] --START--
INFO: Run Behavior\ReadHtmlCacheBehavior [ RunTime:0.000000s ]
INFO: [ app_begin ] --END-- [ RunTime:0.001000s ]
SQL: SHOW COLUMNS FROM `xingchi_order` [ RunTime:0.0030s ]
SQL: SELECT o.*,u.username,c.* FROM xingchi_order o INNER JOIN user u on o.user_id=u.user_id INNER JOIN xingchi_consignee c on o.cgn_id=c.cgn_id  WHERE `order_id` = 'jquery-1.8.2.min.js' LIMIT 1   [ RunTime:0.0000s ]
SQL: SHOW COLUMNS FROM `xingchi_order_goods` [ RunTime:0.0050s ]
SQL: SELECT og.*,g.goods_name FROM xingchi_order_goods og INNER JOIN xingchi_goods g on og.goods_id=g.id  WHERE og.order_id = 'jquery-1.8.2.min.js'  [ RunTime:0.0000s ]
INFO: [ view_parse ] --START--
INFO: [ template_filter ] --START--
INFO: Run Behavior\ContentReplaceBehavior [ RunTime:0.000000s ]
INFO: [ template_filter ] --END-- [ RunTime:0.000000s ]
NOTIC: [8] Undefined index:  E:\CZwj\xingchi\Application\Runtime\Cache\Admin\badcf48b869e2273f2c1c9046770822d.php 第 90 行.
INFO: Run Behavior\ParseTemplateBehavior [ RunTime:0.011001s ]
INFO: [ view_parse ] --END-- [ RunTime:0.011001s ]
INFO: [ view_filter ] --START--
INFO: Run Behavior\WriteHtmlCacheBehavior [ RunTime:0.000000s ]
INFO: [ view_filter ] --END-- [ RunTime:0.000000s ]
INFO: [ app_end ] --START--
INFO: Run Behavior\ShowPageTraceBehavior [ RunTime:0.001000s ]
INFO: [ app_end ] --END-- [ RunTime:0.001000s ]

[ 2017-04-13T23:39:21+08:00 ] 127.0.0.1 /index.php/Admin/Order/detail/order_id/tb.gif
INFO: [ app_init ] --START--
INFO: Run Behavior\BuildLiteBehavior [ RunTime:0.000000s ]
INFO: [ app_init ] --END-- [ RunTime:0.000000s ]

[ 2017-04-13T23:39:30+08:00 ] 127.0.0.1 /index.php/Admin/Order/detail/order_id/8.html
INFO: [ app_init ] --START--
INFO: Run Behavior\BuildLiteBehavior [ RunTime:0.000000s ]
INFO: [ app_init ] --END-- [ RunTime:0.001000s ]
INFO: [ app_begin ] --START--
INFO: Run Behavior\ReadHtmlCacheBehavior [ RunTime:0.000000s ]
INFO: [ app_begin ] --END-- [ RunTime:0.000000s ]
SQL: SHOW COLUMNS FROM `xingchi_order` [ RunTime:0.0030s ]
SQL: SELECT o.*,u.username,c.* FROM xingchi_order o INNER JOIN user u on o.user_id=u.user_id INNER JOIN xingchi_consignee c on o.cgn_id=c.cgn_id  WHERE `order_id` = '8' LIMIT 1   [ RunTime:0.0000s ]
SQL: SHOW COLUMNS FROM `xingchi_order_goods` [ RunTime:0.0040s ]
SQL: SELECT og.*,g.goods_name FROM xingchi_order_goods og INNER JOIN xingchi_goods g on og.goods_id=g.id  WHERE og.order_id = '8'  [ RunTime:0.0010s ]
INFO: [ view_parse ] --START--
INFO: [ template_filter ] --START--
INFO: Run Behavior\ContentReplaceBehavior [ RunTime:0.000000s ]
INFO: [ template_filter ] --END-- [ RunTime:0.000000s ]
INFO: Run Behavior\ParseTemplateBehavior [ RunTime:0.019001s ]
INFO: [ view_parse ] --END-- [ RunTime:0.019001s ]
INFO: [ view_filter ] --START--
INFO: Run Behavior\WriteHtmlCacheBehavior [ RunTime:0.001000s ]
INFO: [ view_filter ] --END-- [ RunTime:0.001000s ]
INFO: [ app_end ] --START--
INFO: Run Behavior\ShowPageTraceBehavior [ RunTime:0.001000s ]
INFO: [ app_end ] --END-- [ RunTime:0.001000s ]

[ 2017-04-13T23:39:30+08:00 ] 127.0.0.1 /index.php/Admin/Order/detail/order_id/tb.gif
INFO: [ app_init ] --START--
INFO: Run Behavior\BuildLiteBehavior [ RunTime:0.000000s ]
INFO: [ app_init ] --END-- [ RunTime:0.000000s ]

[ 2017-04-13T23:39:30+08:00 ] 127.0.0.1 /index.php/Admin/Order/detail/order_id/jquery-1.8.2.min.js
INFO: [ app_init ] --START--
INFO: Run Behavior\BuildLiteBehavior [ RunTime:0.000000s ]
INFO: [ app_init ] --END-- [ RunTime:0.000000s ]
INFO: [ app_begin ] --START--
INFO: Run Behavior\ReadHtmlCacheBehavior [ RunTime:0.001000s ]
INFO: [ app_begin ] --END-- [ RunTime:0.001000s ]
SQL: SHOW COLUMNS FROM `xingchi_order` [ RunTime:0.0030s ]
SQL: SELECT o.*,u.username,c.* FROM xingchi_order o INNER JOIN user u on o.user_id=u.user_id INNER JOIN xingchi_consignee c on o.cgn_id=c.cgn_id  WHERE `order_id` = 'jquery-1.8.2.min.js' LIMIT 1   [ RunTime:0.0000s ]
SQL: SHOW COLUMNS FROM `xingchi_order_goods` [ RunTime:0.0030s ]
SQL: SELECT og.*,g.goods_name FROM xingchi_order_goods og INNER JOIN xingchi_goods g on og.goods_id=g.id  WHERE og.order_id = 'jquery-1.8.2.min.js'  [ RunTime:0.0010s ]
INFO: [ view_parse ] --START--
INFO: [ template_filter ] --START--
INFO: Run Behavior\ContentReplaceBehavior [ RunTime:0.000000s ]
INFO: [ template_filter ] --END-- [ RunTime:0.000000s ]
NOTIC: [8] Undefined index:  E:\CZwj\xingchi\Application\Runtime\Cache\Admin\badcf48b869e2273f2c1c9046770822d.php 第 90 行.
INFO: Run Behavior\ParseTemplateBehavior [ RunTime:0.019001s ]
INFO: [ view_parse ] --END-- [ RunTime:0.019001s ]
INFO: [ view_filter ] --START--
INFO: Run Behavior\WriteHtmlCacheBehavior [ RunTime:0.001000s ]
INFO: [ view_filter ] --END-- [ RunTime:0.001000s ]
INFO: [ app_end ] --START--
INFO: Run Behavior\ShowPageTraceBehavior [ RunTime:0.000000s ]
INFO: [ app_end ] --END-- [ RunTime:0.000000s ]

[ 2017-04-13T23:39:30+08:00 ] 127.0.0.1 /index.php/Admin/Order/detail/order_id/tb.gif
INFO: [ app_init ] --START--
INFO: Run Behavior\BuildLiteBehavior [ RunTime:0.000000s ]
INFO: [ app_init ] --END-- [ RunTime:0.001000s ]

[ 2017-04-13T23:39:36+08:00 ] 127.0.0.1 /index.php/Admin/Order/detail/order_id/8.html
INFO: [ app_init ] --START--
INFO: Run Behavior\BuildLiteBehavior [ RunTime:0.000000s ]
INFO: [ app_init ] --END-- [ RunTime:0.001000s ]
INFO: [ app_begin ] --START--
INFO: Run Behavior\ReadHtmlCacheBehavior [ RunTime:0.000000s ]
INFO: [ app_begin ] --END-- [ RunTime:0.000000s ]
SQL: SHOW COLUMNS FROM `xingchi_order` [ RunTime:0.0040s ]
SQL: SELECT o.*,u.username,c.* FROM xingchi_order o INNER JOIN user u on o.user_id=u.user_id INNER JOIN xingchi_consignee c on o.cgn_id=c.cgn_id  WHERE `order_id` = '8' LIMIT 1   [ RunTime:0.0000s ]
SQL: SHOW COLUMNS FROM `xingchi_order_goods` [ RunTime:0.0040s ]
SQL: SELECT og.*,g.goods_name FROM xingchi_order_goods og INNER JOIN xingchi_goods g on og.goods_id=g.id  WHERE og.order_id = '8'  [ RunTime:0.0000s ]
INFO: [ view_parse ] --START--
INFO: [ template_filter ] --START--
INFO: Run Behavior\ContentReplaceBehavior [ RunTime:0.000000s ]
INFO: [ template_filter ] --END-- [ RunTime:0.000000s ]
INFO: Run Behavior\ParseTemplateBehavior [ RunTime:0.011000s ]
INFO: [ view_parse ] --END-- [ RunTime:0.011000s ]
INFO: [ view_filter ] --START--
INFO: Run Behavior\WriteHtmlCacheBehavior [ RunTime:0.000000s ]
INFO: [ view_filter ] --END-- [ RunTime:0.000000s ]
INFO: [ app_end ] --START--
INFO: Run Behavior\ShowPageTraceBehavior [ RunTime:0.001000s ]
INFO: [ app_end ] --END-- [ RunTime:0.001000s ]

[ 2017-04-13T23:39:37+08:00 ] 127.0.0.1 /index.php/Admin/Order/detail/order_id/jquery-1.8.2.min.js
INFO: [ app_init ] --START--
INFO: Run Behavior\BuildLiteBehavior [ RunTime:0.000000s ]
INFO: [ app_init ] --END-- [ RunTime:0.000000s ]
INFO: [ app_begin ] --START--
INFO: Run Behavior\ReadHtmlCacheBehavior [ RunTime:0.000000s ]
INFO: [ app_begin ] --END-- [ RunTime:0.000000s ]
SQL: SHOW COLUMNS FROM `xingchi_order` [ RunTime:0.0040s ]
SQL: SELECT o.*,u.username,c.* FROM xingchi_order o INNER JOIN user u on o.user_id=u.user_id INNER JOIN xingchi_consignee c on o.cgn_id=c.cgn_id  WHERE `order_id` = 'jquery-1.8.2.min.js' LIMIT 1   [ RunTime:0.0010s ]
SQL: SHOW COLUMNS FROM `xingchi_order_goods` [ RunTime:0.0040s ]
SQL: SELECT og.*,g.goods_name FROM xingchi_order_goods og INNER JOIN xingchi_goods g on og.goods_id=g.id  WHERE og.order_id = 'jquery-1.8.2.min.js'  [ RunTime:0.0010s ]
INFO: [ view_parse ] --START--
INFO: [ template_filter ] --START--
INFO: Run Behavior\ContentReplaceBehavior [ RunTime:0.000000s ]
INFO: [ template_filter ] --END-- [ RunTime:0.001000s ]
NOTIC: [8] Undefined index:  E:\CZwj\xingchi\Application\Runtime\Cache\Admin\badcf48b869e2273f2c1c9046770822d.php 第 90 行.
INFO: Run Behavior\ParseTemplateBehavior [ RunTime:0.010000s ]
INFO: [ view_parse ] --END-- [ RunTime:0.010000s ]
INFO: [ view_filter ] --START--
INFO: Run Behavior\WriteHtmlCacheBehavior [ RunTime:0.000000s ]
INFO: [ view_filter ] --END-- [ RunTime:0.001000s ]
INFO: [ app_end ] --START--
INFO: Run Behavior\ShowPageTraceBehavior [ RunTime:0.000000s ]
INFO: [ app_end ] --END-- [ RunTime:0.000000s ]

[ 2017-04-13T23:39:37+08:00 ] 127.0.0.1 /index.php/Admin/Order/detail/order_id/tb.gif
INFO: [ app_init ] --START--
INFO: Run Behavior\BuildLiteBehavior [ RunTime:0.000000s ]
INFO: [ app_init ] --END-- [ RunTime:0.000000s ]

[ 2017-04-13T23:39:51+08:00 ] 127.0.0.1 /index.php/Admin/Order/detail/order_id/8.html
INFO: [ app_init ] --START--
INFO: Run Behavior\BuildLiteBehavior [ RunTime:0.000000s ]
INFO: [ app_init ] --END-- [ RunTime:0.000000s ]
INFO: [ app_begin ] --START--
INFO: Run Behavior\ReadHtmlCacheBehavior [ RunTime:0.000000s ]
INFO: [ app_begin ] --END-- [ RunTime:0.001000s ]
SQL: SHOW COLUMNS FROM `xingchi_order` [ RunTime:0.0040s ]
SQL: SELECT o.*,u.username,c.* FROM xingchi_order o INNER JOIN user u on o.user_id=u.user_id INNER JOIN xingchi_consignee c on o.cgn_id=c.cgn_id  WHERE `order_id` = '8' LIMIT 1   [ RunTime:0.0010s ]
SQL: SHOW COLUMNS FROM `xingchi_order_goods` [ RunTime:0.0040s ]
SQL: SELECT og.*,g.goods_name FROM xingchi_order_goods og INNER JOIN xingchi_goods g on og.goods_id=g.id  WHERE og.order_id = '8'  [ RunTime:0.0000s ]
INFO: [ view_parse ] --START--
INFO: [ template_filter ] --START--
INFO: Run Behavior\ContentReplaceBehavior [ RunTime:0.000000s ]
INFO: [ template_filter ] --END-- [ RunTime:0.000000s ]
INFO: Run Behavior\ParseTemplateBehavior [ RunTime:0.010000s ]
INFO: [ view_parse ] --END-- [ RunTime:0.010000s ]
INFO: [ view_filter ] --START--
INFO: Run Behavior\WriteHtmlCacheBehavior [ RunTime:0.000000s ]
INFO: [ view_filter ] --END-- [ RunTime:0.000000s ]
INFO: [ app_end ] --START--
INFO: Run Behavior\ShowPageTraceBehavior [ RunTime:0.000000s ]
INFO: [ app_end ] --END-- [ RunTime:0.000000s ]

[ 2017-04-13T23:39:51+08:00 ] 127.0.0.1 /index.php/Admin/Order/detail/order_id/jquery-1.8.2.min.js
INFO: [ app_init ] --START--
INFO: Run Behavior\BuildLiteBehavior [ RunTime:0.000000s ]
INFO: [ app_init ] --END-- [ RunTime:0.000000s ]
INFO: [ app_begin ] --START--
INFO: Run Behavior\ReadHtmlCacheBehavior [ RunTime:0.001000s ]
INFO: [ app_begin ] --END-- [ RunTime:0.001000s ]
SQL: SHOW COLUMNS FROM `xingchi_order` [ RunTime:0.0060s ]
SQL: SELECT o.*,u.username,c.* FROM xingchi_order o INNER JOIN user u on o.user_id=u.user_id INNER JOIN xingchi_consignee c on o.cgn_id=c.cgn_id  WHERE `order_id` = 'jquery-1.8.2.min.js' LIMIT 1   [ RunTime:0.0000s ]
SQL: SHOW COLUMNS FROM `xingchi_order_goods` [ RunTime:0.0030s ]
SQL: SELECT og.*,g.goods_name FROM xingchi_order_goods og INNER JOIN xingchi_goods g on og.goods_id=g.id  WHERE og.order_id = 'jquery-1.8.2.min.js'  [ RunTime:0.0000s ]
INFO: [ view_parse ] --START--
INFO: [ template_filter ] --START--
INFO: Run Behavior\ContentReplaceBehavior [ RunTime:0.000000s ]
INFO: [ template_filter ] --END-- [ RunTime:0.000000s ]
NOTIC: [8] Undefined index:  E:\CZwj\xingchi\Application\Runtime\Cache\Admin\badcf48b869e2273f2c1c9046770822d.php 第 90 行.
INFO: Run Behavior\ParseTemplateBehavior [ RunTime:0.010001s ]
INFO: [ view_parse ] --END-- [ RunTime:0.010001s ]
INFO: [ view_filter ] --START--
INFO: Run Behavior\WriteHtmlCacheBehavior [ RunTime:0.001000s ]
INFO: [ view_filter ] --END-- [ RunTime:0.001000s ]
INFO: [ app_end ] --START--
INFO: Run Behavior\ShowPageTraceBehavior [ RunTime:0.000000s ]
INFO: [ app_end ] --END-- [ RunTime:0.000000s ]

[ 2017-04-13T23:39:51+08:00 ] 127.0.0.1 /index.php/Admin/Order/detail/order_id/tb.gif
INFO: [ app_init ] --START--
INFO: Run Behavior\BuildLiteBehavior [ RunTime:0.001000s ]
INFO: [ app_init ] --END-- [ RunTime:0.001000s ]

[ 2017-04-13T23:42:04+08:00 ] 127.0.0.1 /index.php/Admin/Order/detail/order_id/tb.gif
INFO: [ app_init ] --START--
INFO: Run Behavior\BuildLiteBehavior [ RunTime:0.000000s ]
INFO: [ app_init ] --END-- [ RunTime:0.000000s ]

[ 2017-04-13T23:42:06+08:00 ] 127.0.0.1 /index.php/Admin/Order/detail/order_id/tb.gif
INFO: [ app_init ] --START--
INFO: Run Behavior\BuildLiteBehavior [ RunTime:0.000000s ]
INFO: [ app_init ] --END-- [ RunTime:0.000000s ]

[ 2017-04-13T23:42:08+08:00 ] 127.0.0.1 /index.php/Admin/Order/detail/order_id/8.html
INFO: [ app_init ] --START--
INFO: Run Behavior\BuildLiteBehavior [ RunTime:0.000000s ]
INFO: [ app_init ] --END-- [ RunTime:0.000000s ]
INFO: [ app_begin ] --START--
INFO: Run Behavior\ReadHtmlCacheBehavior [ RunTime:0.001000s ]
INFO: [ app_begin ] --END-- [ RunTime:0.001000s ]
SQL: SHOW COLUMNS FROM `xingchi_order` [ RunTime:0.0060s ]
SQL: SELECT o.*,u.username,c.* FROM xingchi_order o INNER JOIN user u on o.user_id=u.user_id INNER JOIN xingchi_consignee c on o.cgn_id=c.cgn_id  WHERE `order_id` = '8' LIMIT 1   [ RunTime:0.0010s ]
SQL: SHOW COLUMNS FROM `xingchi_order_goods` [ RunTime:0.0080s ]
SQL: SELECT og.*,g.goods_name FROM xingchi_order_goods og INNER JOIN xingchi_goods g on og.goods_id=g.id  WHERE og.order_id = '8'  [ RunTime:0.0000s ]
INFO: [ view_parse ] --START--
INFO: [ template_filter ] --START--
INFO: Run Behavior\ContentReplaceBehavior [ RunTime:0.000000s ]
INFO: [ template_filter ] --END-- [ RunTime:0.000000s ]
INFO: Run Behavior\ParseTemplateBehavior [ RunTime:0.015001s ]
INFO: [ view_parse ] --END-- [ RunTime:0.015001s ]
INFO: [ view_filter ] --START--
INFO: Run Behavior\WriteHtmlCacheBehavior [ RunTime:0.001000s ]
INFO: [ view_filter ] --END-- [ RunTime:0.001000s ]
INFO: [ app_end ] --START--
INFO: Run Behavior\ShowPageTraceBehavior [ RunTime:0.001000s ]
INFO: [ app_end ] --END-- [ RunTime:0.001000s ]

[ 2017-04-13T23:42:09+08:00 ] 127.0.0.1 /index.php/Admin/Order/detail/order_id/tb.gif
INFO: [ app_init ] --START--
INFO: Run Behavior\BuildLiteBehavior [ RunTime:0.000000s ]
INFO: [ app_init ] --END-- [ RunTime:0.000000s ]

[ 2017-04-13T23:42:11+08:00 ] 127.0.0.1 /index.php/Admin/Order/detail/order_id/10.html
INFO: [ app_init ] --START--
INFO: Run Behavior\BuildLiteBehavior [ RunTime:0.000000s ]
INFO: [ app_init ] --END-- [ RunTime:0.000000s ]
INFO: [ app_begin ] --START--
INFO: Run Behavior\ReadHtmlCacheBehavior [ RunTime:0.001000s ]
INFO: [ app_begin ] --END-- [ RunTime:0.001000s ]
SQL: SHOW COLUMNS FROM `xingchi_order` [ RunTime:0.0050s ]
SQL: SELECT o.*,u.username,c.* FROM xingchi_order o INNER JOIN user u on o.user_id=u.user_id INNER JOIN xingchi_consignee c on o.cgn_id=c.cgn_id  WHERE `order_id` = '10' LIMIT 1   [ RunTime:0.0010s ]
SQL: SHOW COLUMNS FROM `xingchi_order_goods` [ RunTime:0.0060s ]
SQL: SELECT og.*,g.goods_name FROM xingchi_order_goods og INNER JOIN xingchi_goods g on og.goods_id=g.id  WHERE og.order_id = '10'  [ RunTime:0.0000s ]
INFO: [ view_parse ] --START--
INFO: [ template_filter ] --START--
INFO: Run Behavior\ContentReplaceBehavior [ RunTime:0.001000s ]
INFO: [ template_filter ] --END-- [ RunTime:0.001000s ]
INFO: Run Behavior\ParseTemplateBehavior [ RunTime:0.016001s ]
INFO: [ view_parse ] --END-- [ RunTime:0.016001s ]
INFO: [ view_filter ] --START--
INFO: Run Behavior\WriteHtmlCacheBehavior [ RunTime:0.000000s ]
INFO: [ view_filter ] --END-- [ RunTime:0.001000s ]
INFO: [ app_end ] --START--
INFO: Run Behavior\ShowPageTraceBehavior [ RunTime:0.000000s ]
INFO: [ app_end ] --END-- [ RunTime:0.000000s ]

[ 2017-04-13T23:42:26+08:00 ] 127.0.0.1 /index.php/Admin/Order/detail/order_id/2.html
INFO: [ app_init ] --START--
INFO: Run Behavior\BuildLiteBehavior [ RunTime:0.000000s ]
INFO: [ app_init ] --END-- [ RunTime:0.000000s ]
INFO: [ app_begin ] --START--
INFO: Run Behavior\ReadHtmlCacheBehavior [ RunTime:0.000000s ]
INFO: [ app_begin ] --END-- [ RunTime:0.000000s ]
SQL: SHOW COLUMNS FROM `xingchi_order` [ RunTime:0.0050s ]
SQL: SELECT o.*,u.username,c.* FROM xingchi_order o INNER JOIN user u on o.user_id=u.user_id INNER JOIN xingchi_consignee c on o.cgn_id=c.cgn_id  WHERE `order_id` = '2' LIMIT 1   [ RunTime:0.0010s ]
SQL: SHOW COLUMNS FROM `xingchi_order_goods` [ RunTime:0.0030s ]
SQL: SELECT og.*,g.goods_name FROM xingchi_order_goods og INNER JOIN xingchi_goods g on og.goods_id=g.id  WHERE og.order_id = '2'  [ RunTime:0.0000s ]
INFO: [ view_parse ] --START--
INFO: [ template_filter ] --START--
INFO: Run Behavior\ContentReplaceBehavior [ RunTime:0.000000s ]
INFO: [ template_filter ] --END-- [ RunTime:0.000000s ]
INFO: Run Behavior\ParseTemplateBehavior [ RunTime:0.018001s ]
INFO: [ view_parse ] --END-- [ RunTime:0.018001s ]
INFO: [ view_filter ] --START--
INFO: Run Behavior\WriteHtmlCacheBehavior [ RunTime:0.000000s ]
INFO: [ view_filter ] --END-- [ RunTime:0.000000s ]
INFO: [ app_end ] --START--
INFO: Run Behavior\ShowPageTraceBehavior [ RunTime:0.000000s ]
INFO: [ app_end ] --END-- [ RunTime:0.000000s ]

[ 2017-04-13T23:51:27+08:00 ] 127.0.0.1 /index.php/Admin/Order/detail/order_id/5.html
INFO: [ app_init ] --START--
INFO: Run Behavior\BuildLiteBehavior [ RunTime:0.000000s ]
INFO: [ app_init ] --END-- [ RunTime:0.001000s ]
INFO: [ app_begin ] --START--
INFO: Run Behavior\ReadHtmlCacheBehavior [ RunTime:0.002000s ]
INFO: [ app_begin ] --END-- [ RunTime:0.002000s ]
SQL: SHOW COLUMNS FROM `xingchi_order` [ RunTime:0.0460s ]
SQL: SELECT o.*,u.username,c.* FROM xingchi_order o INNER JOIN user u on o.user_id=u.user_id INNER JOIN xingchi_consignee c on o.cgn_id=c.cgn_id  WHERE `order_id` = '5' LIMIT 1   [ RunTime:0.0010s ]
SQL: SHOW COLUMNS FROM `xingchi_order_goods` [ RunTime:0.0050s ]
SQL: SELECT og.*,g.goods_name FROM xingchi_order_goods og INNER JOIN xingchi_goods g on og.goods_id=g.id  WHERE og.order_id = '5'  [ RunTime:0.0000s ]
INFO: [ view_parse ] --START--
INFO: [ template_filter ] --START--
INFO: Run Behavior\ContentReplaceBehavior [ RunTime:0.000000s ]
INFO: [ template_filter ] --END-- [ RunTime:0.000000s ]
INFO: Run Behavior\ParseTemplateBehavior [ RunTime:0.019001s ]
INFO: [ view_parse ] --END-- [ RunTime:0.019001s ]
INFO: [ view_filter ] --START--
INFO: Run Behavior\WriteHtmlCacheBehavior [ RunTime:0.000000s ]
INFO: [ view_filter ] --END-- [ RunTime:0.001000s ]
INFO: [ app_end ] --START--
INFO: Run Behavior\ShowPageTraceBehavior [ RunTime:0.000000s ]
INFO: [ app_end ] --END-- [ RunTime:0.000000s ]

[ 2017-04-13T23:51:27+08:00 ] 127.0.0.1 /index.php/Admin/Order/detail/order_id/jquery-1.8.2.min.js
INFO: [ app_init ] --START--
INFO: Run Behavior\BuildLiteBehavior [ RunTime:0.000000s ]
INFO: [ app_init ] --END-- [ RunTime:0.001000s ]
INFO: [ app_begin ] --START--
INFO: Run Behavior\ReadHtmlCacheBehavior [ RunTime:0.000000s ]
INFO: [ app_begin ] --END-- [ RunTime:0.000000s ]
SQL: SHOW COLUMNS FROM `xingchi_order` [ RunTime:0.0040s ]
SQL: SELECT o.*,u.username,c.* FROM xingchi_order o INNER JOIN user u on o.user_id=u.user_id INNER JOIN xingchi_consignee c on o.cgn_id=c.cgn_id  WHERE `order_id` = 'jquery-1.8.2.min.js' LIMIT 1   [ RunTime:0.0000s ]
SQL: SHOW COLUMNS FROM `xingchi_order_goods` [ RunTime:0.0050s ]
SQL: SELECT og.*,g.goods_name FROM xingchi_order_goods og INNER JOIN xingchi_goods g on og.goods_id=g.id  WHERE og.order_id = 'jquery-1.8.2.min.js'  [ RunTime:0.0010s ]
INFO: [ view_parse ] --START--
INFO: [ template_filter ] --START--
INFO: Run Behavior\ContentReplaceBehavior [ RunTime:0.001000s ]
INFO: [ template_filter ] --END-- [ RunTime:0.001000s ]
NOTIC: [8] Undefined index:  E:\CZwj\xingchi\Application\Runtime\Cache\Admin\badcf48b869e2273f2c1c9046770822d.php 第 90 行.
INFO: Run Behavior\ParseTemplateBehavior [ RunTime:0.014000s ]
INFO: [ view_parse ] --END-- [ RunTime:0.014000s ]
INFO: [ view_filter ] --START--
INFO: Run Behavior\WriteHtmlCacheBehavior [ RunTime:0.000000s ]
INFO: [ view_filter ] --END-- [ RunTime:0.000000s ]
INFO: [ app_end ] --START--
INFO: Run Behavior\ShowPageTraceBehavior [ RunTime:0.000000s ]
INFO: [ app_end ] --END-- [ RunTime:0.000000s ]

[ 2017-04-13T23:51:27+08:00 ] 127.0.0.1 /index.php/Admin/Order/detail/order_id/tb.gif
INFO: [ app_init ] --START--
INFO: Run Behavior\BuildLiteBehavior [ RunTime:0.001000s ]
INFO: [ app_init ] --END-- [ RunTime:0.001000s ]

[ 2017-04-13T23:51:31+08:00 ] 127.0.0.1 /index.php/Admin/Order/detail/order_id/10.html
INFO: [ app_init ] --START--
INFO: Run Behavior\BuildLiteBehavior [ RunTime:0.000000s ]
INFO: [ app_init ] --END-- [ RunTime:0.000000s ]
INFO: [ app_begin ] --START--
INFO: Run Behavior\ReadHtmlCacheBehavior [ RunTime:0.001000s ]
INFO: [ app_begin ] --END-- [ RunTime:0.001000s ]
SQL: SHOW COLUMNS FROM `xingchi_order` [ RunTime:0.0040s ]
SQL: SELECT o.*,u.username,c.* FROM xingchi_order o INNER JOIN user u on o.user_id=u.user_id INNER JOIN xingchi_consignee c on o.cgn_id=c.cgn_id  WHERE `order_id` = '10' LIMIT 1   [ RunTime:0.0010s ]
SQL: SHOW COLUMNS FROM `xingchi_order_goods` [ RunTime:0.0030s ]
SQL: SELECT og.*,g.goods_name FROM xingchi_order_goods og INNER JOIN xingchi_goods g on og.goods_id=g.id  WHERE og.order_id = '10'  [ RunTime:0.0010s ]
INFO: [ view_parse ] --START--
INFO: [ template_filter ] --START--
INFO: Run Behavior\ContentReplaceBehavior [ RunTime:0.000000s ]
INFO: [ template_filter ] --END-- [ RunTime:0.001000s ]
INFO: Run Behavior\ParseTemplateBehavior [ RunTime:0.010001s ]
INFO: [ view_parse ] --END-- [ RunTime:0.010001s ]
INFO: [ view_filter ] --START--
INFO: Run Behavior\WriteHtmlCacheBehavior [ RunTime:0.001000s ]
INFO: [ view_filter ] --END-- [ RunTime:0.001000s ]
INFO: [ app_end ] --START--
INFO: Run Behavior\ShowPageTraceBehavior [ RunTime:0.000000s ]
INFO: [ app_end ] --END-- [ RunTime:0.000000s ]

[ 2017-04-13T23:51:31+08:00 ] 127.0.0.1 /index.php/Admin/Order/detail/order_id/jquery-1.8.2.min.js
INFO: [ app_init ] --START--
INFO: Run Behavior\BuildLiteBehavior [ RunTime:0.000000s ]
INFO: [ app_init ] --END-- [ RunTime:0.001000s ]
INFO: [ app_begin ] --START--
INFO: Run Behavior\ReadHtmlCacheBehavior [ RunTime:0.001000s ]
INFO: [ app_begin ] --END-- [ RunTime:0.001000s ]
SQL: SHOW COLUMNS FROM `xingchi_order` [ RunTime:0.0050s ]
SQL: SELECT o.*,u.username,c.* FROM xingchi_order o INNER JOIN user u on o.user_id=u.user_id INNER JOIN xingchi_consignee c on o.cgn_id=c.cgn_id  WHERE `order_id` = 'jquery-1.8.2.min.js' LIMIT 1   [ RunTime:0.0010s ]
SQL: SHOW COLUMNS FROM `xingchi_order_goods` [ RunTime:0.0040s ]
SQL: SELECT og.*,g.goods_name FROM xingchi_order_goods og INNER JOIN xingchi_goods g on og.goods_id=g.id  WHERE og.order_id = 'jquery-1.8.2.min.js'  [ RunTime:0.0000s ]
INFO: [ view_parse ] --START--
INFO: [ template_filter ] --START--
INFO: Run Behavior\ContentReplaceBehavior [ RunTime:0.000000s ]
INFO: [ template_filter ] --END-- [ RunTime:0.000000s ]
NOTIC: [8] Undefined index:  E:\CZwj\xingchi\Application\Runtime\Cache\Admin\badcf48b869e2273f2c1c9046770822d.php 第 90 行.
INFO: Run Behavior\ParseTemplateBehavior [ RunTime:0.090005s ]
INFO: [ view_parse ] --END-- [ RunTime:0.090005s ]
INFO: [ view_filter ] --START--
INFO: Run Behavior\WriteHtmlCacheBehavior [ RunTime:0.001000s ]
INFO: [ view_filter ] --END-- [ RunTime:0.001000s ]
INFO: [ app_end ] --START--
INFO: Run Behavior\ShowPageTraceBehavior [ RunTime:0.000000s ]
INFO: [ app_end ] --END-- [ RunTime:0.000000s ]

[ 2017-04-13T23:51:31+08:00 ] 127.0.0.1 /index.php/Admin/Order/detail/order_id/tb.gif
INFO: [ app_init ] --START--
INFO: Run Behavior\BuildLiteBehavior [ RunTime:0.000000s ]
INFO: [ app_init ] --END-- [ RunTime:0.000000s ]

[ 2017-04-13T23:51:42+08:00 ] 127.0.0.1 /index.php/Admin/Order/detail/order_id/10.html
INFO: [ app_init ] --START--
INFO: Run Behavior\BuildLiteBehavior [ RunTime:0.000000s ]
INFO: [ app_init ] --END-- [ RunTime:0.000000s ]
INFO: [ app_begin ] --START--
INFO: Run Behavior\ReadHtmlCacheBehavior [ RunTime:0.001000s ]
INFO: [ app_begin ] --END-- [ RunTime:0.001000s ]
SQL: SHOW COLUMNS FROM `xingchi_order` [ RunTime:0.0030s ]
SQL: SELECT o.*,u.username,c.* FROM xingchi_order o INNER JOIN user u on o.user_id=u.user_id INNER JOIN xingchi_consignee c on o.cgn_id=c.cgn_id  WHERE `order_id` = '10' LIMIT 1   [ RunTime:0.0000s ]
SQL: SHOW COLUMNS FROM `xingchi_order_goods` [ RunTime:0.0030s ]
SQL: SELECT og.*,g.goods_name FROM xingchi_order_goods og INNER JOIN xingchi_goods g on og.goods_id=g.id  WHERE og.order_id = '10'  [ RunTime:0.0000s ]
INFO: [ view_parse ] --START--
INFO: [ template_filter ] --START--
INFO: Run Behavior\ContentReplaceBehavior [ RunTime:0.000000s ]
INFO: [ template_filter ] --END-- [ RunTime:0.000000s ]
INFO: Run Behavior\ParseTemplateBehavior [ RunTime:0.018001s ]
INFO: [ view_parse ] --END-- [ RunTime:0.018001s ]
INFO: [ view_filter ] --START--
INFO: Run Behavior\WriteHtmlCacheBehavior [ RunTime:0.000000s ]
INFO: [ view_filter ] --END-- [ RunTime:0.000000s ]
INFO: [ app_end ] --START--
INFO: Run Behavior\ShowPageTraceBehavior [ RunTime:0.000000s ]
INFO: [ app_end ] --END-- [ RunTime:0.000000s ]

[ 2017-04-13T23:55:49+08:00 ] 127.0.0.1 /index.php/Admin/Order/detail/order_id/10.html
INFO: [ app_init ] --START--
INFO: Run Behavior\BuildLiteBehavior [ RunTime:0.000000s ]
INFO: [ app_init ] --END-- [ RunTime:0.001000s ]
INFO: [ app_begin ] --START--
INFO: Run Behavior\ReadHtmlCacheBehavior [ RunTime:0.000000s ]
INFO: [ app_begin ] --END-- [ RunTime:0.000000s ]
SQL: SHOW COLUMNS FROM `xingchi_order` [ RunTime:0.0050s ]
SQL: SELECT o.*,u.username,c.* FROM xingchi_order o INNER JOIN user u on o.user_id=u.user_id INNER JOIN xingchi_consignee c on o.cgn_id=c.cgn_id  WHERE `order_id` = '10' LIMIT 1   [ RunTime:0.0000s ]
SQL: SHOW COLUMNS FROM `xingchi_order_goods` [ RunTime:0.0040s ]
SQL: SELECT og.*,g.goods_name FROM xingchi_order_goods og INNER JOIN xingchi_goods g on og.goods_id=g.id  WHERE og.order_id = '10'  [ RunTime:0.0010s ]
INFO: [ view_parse ] --START--
INFO: [ template_filter ] --START--
INFO: Run Behavior\ContentReplaceBehavior [ RunTime:0.000000s ]
INFO: [ template_filter ] --END-- [ RunTime:0.001000s ]
INFO: Run Behavior\ParseTemplateBehavior [ RunTime:0.023001s ]
INFO: [ view_parse ] --END-- [ RunTime:0.023001s ]
INFO: [ view_filter ] --START--
INFO: Run Behavior\WriteHtmlCacheBehavior [ RunTime:0.000000s ]
INFO: [ view_filter ] --END-- [ RunTime:0.000000s ]
INFO: [ app_end ] --START--
INFO: Run Behavior\ShowPageTraceBehavior [ RunTime:0.001000s ]
INFO: [ app_end ] --END-- [ RunTime:0.001000s ]

[ 2017-04-13T23:58:57+08:00 ] 127.0.0.1 /index.php/Admin/Order/detail/order_id/10.html
INFO: [ app_init ] --START--
INFO: Run Behavior\BuildLiteBehavior [ RunTime:0.000000s ]
INFO: [ app_init ] --END-- [ RunTime:0.001000s ]
INFO: [ app_begin ] --START--
INFO: Run Behavior\ReadHtmlCacheBehavior [ RunTime:0.001000s ]
INFO: [ app_begin ] --END-- [ RunTime:0.001000s ]
SQL: SHOW COLUMNS FROM `xingchi_order` [ RunTime:0.0040s ]
SQL: SELECT o.*,u.username,c.* FROM xingchi_order o INNER JOIN user u on o.user_id=u.user_id INNER JOIN xingchi_consignee c on o.cgn_id=c.cgn_id  WHERE `order_id` = '10' LIMIT 1   [ RunTime:0.0010s ]
SQL: SHOW COLUMNS FROM `xingchi_order_goods` [ RunTime:0.0040s ]
SQL: SELECT og.*,g.goods_name FROM xingchi_order_goods og INNER JOIN xingchi_goods g on og.goods_id=g.id  WHERE og.order_id = '10'  [ RunTime:0.0000s ]
INFO: [ view_parse ] --START--
INFO: [ template_filter ] --START--
INFO: Run Behavior\ContentReplaceBehavior [ RunTime:0.000000s ]
INFO: [ template_filter ] --END-- [ RunTime:0.000000s ]
INFO: Run Behavior\ParseTemplateBehavior [ RunTime:0.019001s ]
INFO: [ view_parse ] --END-- [ RunTime:0.019001s ]
INFO: [ view_filter ] --START--
INFO: Run Behavior\WriteHtmlCacheBehavior [ RunTime:0.000000s ]
INFO: [ view_filter ] --END-- [ RunTime:0.000000s ]
INFO: [ app_end ] --START--
INFO: Run Behavior\ShowPageTraceBehavior [ RunTime:0.001001s ]
INFO: [ app_end ] --END-- [ RunTime:0.001001s ]

